5032483
1759547
1295762
1351824
1240874
2782341
1269364
1509612
1313227
1157021
579058
1117204
1193465
1154141
1058373
1055382
1120350
1001579
1159235
1051233
1098187
1126195
1075095
1069546
1010011
1341491
1253121
1307293
1313981
1288875
1195013
1146853
1144333
1106921
1011632
989711
1048293
986809
984041
1010415
1073878
999678
998049
1113280
1041600
1065688
1047636
1047297
1044112
1024326
1096076
1043361
1001832
1120420
1069301
1041110
1059625
1191987
1284990
1155054
1079952
1155463
1117954
1118164
1143318
1165570
1120124
1123858
1153172
2160079
1072645
1005841
1002796
997220
1020040
1006344
983422
996496
998469
1019706
994046
1010423
1098604
1187814
1002050
974847
1032002
1029455
977531
998087
980988
961714
976317
962069
964880
1042860
982792
982846
954975
961929
970639
964514
964242
971118
1036315
980789
960723
986580
961003
1088481
966708
967645
979071
959541
975824
971094
953155
981540
955384
969877
955535
1001646
1251180
1247182
1001743
1196273
1001086
975846
964433
967171
980043
969718
957942
1027985
2022903
1060239
980708
960664
966221
982528
1021946
984504
967365
959953
963208
964024
959560
985783
984297
970211
976021
957818
1025850
968003
988314
984884
1030559
970157
977760
963141
980560
972090
1047690
992931
972790
968800
990403
1048732
2063460
1035381
1087318
973237
1049650
1005106
1036167
976395
970464
980070
970270
975100
971670
961084
1028666
971005
966891
996267
964837
1122081
1045676
991865
982539
1000510
971261
961765
967163
973377
975092
963418
967505
1028448
2170393
1029132
968668
953591
966323
985005
973202
997107
970620
960058
988007
966937
979421
959175
1064638
988023
964320
970130
1031267
960559
979596
1045442
968714
980603
965879
966245
964242
1000868
1020775
964137
966444
1008929
972922
957005
983053
971678
1070257
968983
993529
958588
980571
1096795
965860
997858
959832
980980
961827
971557
991348
961415
966463
1098596
981610
1037909
1115108
1248676
1129555
997839
975065
968073
967726
962422
975967
959657
972704
969694
2038085
1053274
965071
965343
972825
979346
1015829
960365
962947
968496
993284
1412363
1476615
1559250
1190498
1047865
1111040
1124515
1151473
1155035
1080854
1108404
1183584
1096176
1060702
1214788
1076118
1075006
1131499
1055511
1066170
1159698
1068071
1052784
1054367
1085323
967451
1066030
1071886
969430
1050910
961369
960618
1117655
970604
983982
962694
1021518
975625
956628
1083331
1127097
976064
1116597
987735
983842
1003154
971417
965569
966202
1022603
961924
970946
1032640
1299410
2044595
1096076
976142
966980
1025231
1057482
1064735
1114233
986335
966350
1026935
1012410
984916
960128
1101469
975773
978032
1068305
1041974
963803
1034654
985406
962632
979230
976056
1040305
959229
1046909
994864
960637
1018306
966541
975854
969613
978619
966175
1031520
1049405
1061787
982531
1043509
959490
956631
1043902
959918
979992
957799
1047927
979370
967042
1027977
1049005
1066428
1230557
1068577
1108544
1054701
993895
982967
1009637
978557
957926
970857
1046737
966509
1000117
2097305
993502
1012321
963943
1012550
984141
995225
963340
961625
1019359
970434
1006522
1034627
965276
965596
1082014
978188
962761
1039158
1054033
978301
1003625
1047060
979615
996431
1019340
973280
965895
969255
1041589
965650
966226
1024388
963566
969527
996897
1040138
979300
1071019
1045302
979211
962990
1015770
974987
960987
984690
956364
1033698
982310
1016486
986849
965844
1088823
1060158
984157
1045905
967330
957907
1010477
971829
970087
956496
1021728
959210
993109
1073108
2032754
1026566
961162
959700
974478
989162
962091
956884
1027950
983535
970017
1049370
969928
987770
965709
976815
966385
961520
1068873
1001374
987929
1036657
981128
961905
1006888
1015412
973420
996983
965004
983648
971856
1014572
986771
1128443
1051338
1040084
962737
1041234
1006732
964409
978511
964541
979510
972833
1010162
963138
953901
1028219
973027
957180
985468
960392
940244
581989
466060
480790
431587
437515
418850
418541
419115
416366
435608
416997
423807
892494
448057
423634
417379
453889
424882
426652
416628
416455
417328
417853
418552
425782
417218
418377
480130
442939
419092
445909
441694
420920
432329
417042
421311
420515
417566
425365
420867
420137
415371
418341
418728
424950
419193
454985
429898
447848
432418
425388
423521
422580
420113
418174
448102
417870
425755
416908
416774
430973
452712
428671
416598
417608
456671
418332
429451
421263
420245
416577
415478
422112
420399
422696
418231
455140
453285
922351
423572
417152
417349
422746
429177
417840
429452
419345
426214
420396
425424
487361
437187
421585
420235
418004
417489
444619
415993
428856
420092
421811
417665
418022
419559
419616
483371
433851
449186
417924
419661
418928
423914
415684
422052
452033
422392
423324
416264
422889
415455
449495
451074
439871
419818
414519
421677
423538
417942
454101
417957
432886
456811
432504
431355
424763
486175
417039
420051
416846
415770
421671
419211
417694
440476
878205
421638
417373
532813
429097
456528
416145
455265
502497
430611
460276
423253
468985
417566
414802
434000
422309
435942
450106
419106
459793
420819
422174
418922
417257
444172
420274
439275
417489
415103
416866
422046
422836
421033
427530
473468
422824
425061
475790
450781
423700
415079
444154
421644
420393
428442
417248
414522
423974
423473
457722
426521
424897
450055
430905
419991
418451
432957
419684
417894
421957
415842
420423
430419
432314
893316
425052
413986
415907
438250
423217
418008
418889
417835
423077
420775
427661
416396
431322
444134
419288
422288
415484
445632
422836
426360
418055
473754
467208
420387
418984
415580
427036
419982
442242
417337
416241
422288
425707
417257
429782
449594
468029
426500
421674
422788
416545
425302
420831
446240
420599
444595
424033
419220
420262
417054
441539
459917
499605
503415
513261
570582
453130
472152
429928
423870
416548
421647
417340
417635
425618
944553
423869
416736
420173
421802
428918
437256
416625
419622
415020
421701
424486
418103
415020
444145
423274
420173
415946
443070
415315
431879
418960
425737
448991
450431
418767
417445
415377
418993
508746
627363
468918
436042
460740
428060
419732
475693
512093
508691
414910
425493
417858
414266
452325
425523
419917
414781
420879
426297
428686
418034
418275
426202
451039
430831
420304
419425
418743
440535
421090
440139
415002
421898
428457
502040
438811
892872
485437
418472
423030
424408
418954
440175
418052
426142
418281
430184
416917
427045
425141
419437
424316
418383
416372
447383
422124
419053
458113
420045
417003
431066
422377
428850
420700
415198
417397
417945
420083
427227
416962
416828
447607
446969
432251
420989
413429
425698
426452
416851
427495
473483
446235
420742
415392
420578
413995
415222
443601
428498
457011
432249
463921
441748
419875
416348
439803
422311
419362
419199
491092
422937
869814
445596
420497
421439
423062
428504
415296
416539
427417
437247
419580
423378
417001
417075
475637
416446
443893
415919
442990
414057
436776
433008
422753
486440
421424
417671
414120
478234
420247
415362
418049
443615
422041
420822
430837
420494
452138
423637
444202
423023
422061
416375
413816
419687
422591
427411
439025
417721
418120
428826
416005
456882
568881
529466
431900
427203
457530
446032
418615
418371
449838
421808
421040
426416
418007
536122
878217
463099
420110
425555
447636
420196
420330
415961
453395
417102
427742
416658
426905
416161
418189
422692
470412
417748
510579
422809
419449
424763
417754
436141
420179
482986
430622
415895
418481
416643
418758
453659
428725
416223
415755
417745
454407
417995
441635
1066714
449376
431629
415913
429663
430619
455194
430184
430086
422246
416309
420110
416119
472667
458038
435519
429827
424421
416619
524937
457264
421200
415851
423393
416345
420003
457793
918655
424492
421847
420849
429171
418046
416825
449114
418296
437991
432579
416989
415312
432436
425153
426059
418114
415472
448760
430831
422669
425898
447455
426488
418049
417233
479494
420003
416286
413530
421016
421561
426932
425633
416995
495098
451537
442644
421403
413712
423336
429425
418522
428561
417256
417390
426911
418013
431760
412428
417840
422704
445513
456284
422958
420316
417301
413205
414296
429767
421561
415085
429744
414212
431569
854995
450838
480146
464934
447339
504950
434140
418567
452158
414972
428463
454069
452876
414647
415585
420104
455983
415892
447714
422124
422231
426062
415419
428793
421716
417227
428287
423827
418719
414784
416545
450538
432150
417542
413932
419240
455408
453457
437512
424998
422392
426511
415341
427110
415964
414087
454226
418868
476842
417364
416622
414078
423208
459581
432457
435668
426517
414596
415264
419500
420715
445081
422386
414853
417209
431787
866085
422419
467609
424477
427283
422022
417042
416938
414656
448509
426050
416348
450920
444896
414182
418505
417334
417540
444682
432034
419792
426345
416616
453847
438099
419347
418475
414522
418898
415478
419923
421239
429392
442016
414924
422067
453529
418764
438701
452647
424596
415913
413694
430601
416012
415863
414945
453564
431730
415198
418898
421733
432935
455232
481275
460904
423512
419628
417843
417703
483012
419348
434051
417959
463662
421993
874309
420652
448831
422472
417897
418999
416348
426792
417924
434298
421445
427364
419553
414320
417653
424909
419878
440076
453305
418088
425993
418308
415728
417477
440571
467341
420935
472154
501096
538118
506652
432516
423965
418648
493716
500200
663716
437151
457481
429219
444235
426389
432237
460168
436645
463484
440843
436791
449409
439346
440493
442519
447198
516906
455863
449560
440910
455204
441607
439609
467743
438247
443695
436226
452384
917528
478071
461536
469318
435391
428719
423435
427152
454181
425087
437562
426812
427390
427444
427164
427849
452143
444196
454586
439502
434131
435176
464316
478226
429404
430598
425606
428370
429085
425332
445548
427188
438632
440258
425990
433199
464252
423101
448664
430693
431045
425651
423753
472812
457839
456540
425508
427495
435335
431543
427831
429324
447389
481281
428483
435251
433988
427241
511538
455494
490744
432352
442942
427750
436141
432723
893308
454913
434781
435607
430754
428517
428802
434248
458398
438156
433495
443864
430491
427543
425964
442531
436091
428292
464593
431868
437520
483181
427420
449397
442491
440699
428873
427875
429012
429800
453834
442260
431413
427152
426484
437865
460049
433495
435671
429800
446399
427277
433790
433107
430261
497575
504379
434922
436841
427910
429876
432795
472649
497708
434661
470832
421162
415901
415430
444250
422660
433303
422326
417238
429869
418928
896563
469351
424799
425886
416169
417319
418653
418993
425129
425174
438569
418775
417024
417873
416622
421498
449910
415136
461288
418016
457296
418689
592438
656198
619538
534497
432329
426714
420000
425945
424775
440735
433419
419729
424671
458187
418808
423306
423944
416834
461008
418356
422073
426947
432478
422246
417045
425788
423917
417194
425952
415952
430345
450285
427375
422380
418019
415246
416056
438090
426523
429225
420000
486625
425210
865081
429573
426583
436070
417024
457323
416670
426097
423833
425052
419580
429121
438793
420947
417009
419294
426670
421618
452018
417530
430339
418710
416196
433678
422178
429553
418043
418058
421212
418249
417495
426589
426068
417647
413983
485952
461592
417477
433937
436663
434781
418817
423360
422130
414025
424486
420066
418037
417659
421183
418365
426327
422755
474558
434920
432085
421061
418627
415937
416360
420646
418916
422216
415055
461893
437952
1206836
589326
445110
439306
429674
430465
432171
426790
435117
432457
443059
432008
427980
428575
427758
457586
415952
452585
472900
431279
437267
429415
432839
432699
430465
430587
429739
427437
432851
427551
453980
457469
437434
417200
421421
425761
448950
475623
431835
427313
426196
415353
422318
422318
441714
549182
428543
423860
421770
416250
423998
416789
483827
446928
425827
418883
417968
414623
412705
445697
447411
438879
426098
423435
421403
420885
904873
464086
422380
415353
416705
418594
424745
415386
482726
415446
430947
415338
416330
414603
418290
421287
476907
433884
450499
424134
418156
418969
417090
475933
426428
418326
421793
426836
415440
414826
424066
479408
422291
419923
424209
449099
422234
418460
485433
428698
423348
426124
414903
420512
421555
416023
454090
414329
419785
415005
426178
420081
427379
512104
441009
422612
444963
482778
414477
418487
447806
449701
421436
425255
421162
854107
428019
482790
425243
414370
419565
416967
417823
415565
451187
444502
417814
418594
414055
415115
418344
424054
473270
459224
428207
455578
488727
435570
416715
479584
430056
416756
417921
420051
417113
445399
433443
459123
412910
419920
469354
447553
415577
416098
479187
422669
416643
422529
418749
416566
420152
450330
425472
416512
417096
420810
412795
421888
504745
489006
425862
422318
415737
413536
415770
419148
506821
432112
420894
417894
426488
875930
428487
495871
422812
416467
417039
424543
417942
423360
475029
428224
416842
417319
415630
417012
418174
419068
513170
449016
424703
420897
417090
417614
419038
488283
419875
419178
418219
420307
415207
425406
421076
504954
426315
431564
420295
446085
417069
419738
487470
424325
449235
442364
426800
422294
417498
443652
458889
434408
416759
423301
420566
428939
459123
490852
421891
421328
419538
413679
417560
418037
414668
492238
423646
420426
421695
873421
428102
588239
425657
415374
417510
414522
417132
422776
443606
457738
419071
421793
424989
481663
435969
430503
445903
463123
434790
429788
428024
427557
427399
436768
433137
429896
432390
429176
442432
437325
440011
434688
433790
432772
462058
426834
428596
430929
441399
465203
493634
525898
455551
430730
1091364
448866
430873
435021
433603
455332
421978
421373
450931
424138
421546
419672
414227
415246
417543
434286
417763
428412
414972
425028
878840
435311
425740
416628
414820
417483
438748
415350
423470
418114
433118
428796
416643
415094
415544
422228
431468
434691
448605
422570
424284
417921
415308
441518
435725
423348
414960
466336
498415
416578
424448
419482
424712
433598
423485
417528
444250
428454
418168
432332
421466
423676
413206
421561
420396
415505
420098
417530
438810
417831
422633
419949
424015
456230
424384
428612
418600
415598
415428
416840
421480
426830
426914
456362
427916
432976
898269
469161
453069
432274
428073
430179
428473
424833
470613
432687
431955
444500
427960
426323
426116
429873
429015
471196
473092
436882
430599
432495
427723
430276
432997
432967
465456
435613
431550
427537
436981
453682
455691
433974
462633
469822
468303
432623
446740
431489
435499
436290
427458
433627
425477
431955
437990
428435
435029
432740
430322
430649
429380
465824
435811
440895
430447
425833
424442
426836
461195
486782
433899
421284
424185
422032
882944
518547
452976
427409
425253
438865
440458
449371
445833
459177
444328
437007
436675
436205
436680
468794
433741
424968
464452
425001
465165
439434
462944
436115
428409
439126
460922
429154
423932
462824
431802
428132
431134
428701
424182
457561
424277
501438
440696
425836
441914
440297
423292
435317
462225
438308
435298
434513
440997
442791
442741
446620
449140
475586
446848
440157
457281
437010
434948
439457
439574
435887
458716
436695
445477
916697
479916
436157
423065
425847
425597
423387
424590
489917
424435
425793
426235
428201
424957
421969
427399
497511
439823
453567
431605
459754
430980
425889
424668
426136
428257
423819
426559
426380
423298
460988
465862
432153
438030
428904
426911
456442
425484
452763
431906
429764
432672
459548
430568
425204
428254
433103
424432
424947
432672
429657
492350
428316
460412
430003
433273
426240
423842
422285
424554
438141
429493
437583
423461
428972
430488
905374
442769
425457
425603
435233
438689
424057
429589
425302
433339
427182
425412
427834
433646
495053
534424
593416
515670
462131
417942
421948
419809
417745
486902
419023
416619
568939
430769
430378
435030
440151
445215
444652
444153
438363
438223
469787
439577
452740
446209
456625
446696
438016
448204
464272
439448
435648
436543
442972
443759
445463
447105
447895
478768
467804
445042
439200
437325
435718
445737
438165
436631
448035
436762
441785
446638
932925
452273
438180
437879
438165
441026
463155
431400
472222
437896
442814
450508
439469
438188
438763
443882
469108
438273
478386
437576
442908
442012
438296
437091
438868
440300
440944
442505
443316
442391
454597
442161
451337
443680
439775
472048
438372
442584
444025
439483
450712
435199
437468
444605
434747
446069
437546
434677
461355
438704
453011
438051
440338
468023
445804
440489
440084
435526
437173
449934
440507
445760
442642
436202
443208
913398
454137
447705
440034
436313
450753
445311
449733
440198
449050
442371
441061
438955
435791
436094
442123
451634
439361
474232
447122
447507
440303
437001
446830
440843
440589
437124
440644
446930
446145
451171
437506
475376
436961
427887
431092
461294
437832
441102
433195
439798
428794
426729
438568
438448
443220
440510
435724
437410
445037
454504
444689
444789
475705
439757
447105
453145
435946
436894
434930
440752
437416
470012
439906
440942
450080
929204
450867
439810
435575
437159
439183
456082
441572
427362
427849
431098
428234
437661
425434
425101
429190
442202
428371
462432
427242
429357
430684
427009
428943
428333
429879
454560
428184
429975
433980
443219
434414
439988
434359
428146
427079
458660
427507
431349
424958
443966
427735
432005
432953
424343
438463
424900
429520
439725
426877
436479
429187
431737
461076
434175
429269
427910
462840
428890
438915
432539
432688
432358
438232
433230
433717
896335
436103
427779
423754
435627
447481
449642
442103
448070
437182
442164
437287
437348
439518
437004
451681
441464
446408
470666
437742
456441
438060
447204
436304
439577
440530
440262
439291
443330
436386
438334
440530
449858
439752
462784
474171
436319
449213
441093
441534
443334
435435
443018
459687
436298
441449
437115
434402
451736
450088
497245
552948
444471
463432
438891
430407
430418
428680
426872
457173
434720
437829
431792
436266
445614
892153
446384
428491
428029
426440
440784
426169
434971
428864
425889
429952
429289
434817
435374
426598
466760
450669
427044
465943
426822
432918
431547
427090
427679
430109
427741
427776
439644
430640
434400
439445
427703
437185
438891
432300
432930
460772
426548
431212
431401
440656
432486
439594
435587
426679
436295
456919
427840
433618
443473
437903
427872
425513
463371
430783
435140
433580
451051
426236
437130
432585
436576
430929
443161
431489
451733
909889
433921
426872
428400
445982
431150
434088
426883
438314
442668
433169
431763
441983
428149
427886
434394
428488
433580
465503
448525
433679
436838
438576
429593
427470
431413
431987
429400
439113
428762
428741
432737
437138
426367
456572
433662
461145
442021
433668
436109
486791
433872
437135
433848
429222
428041
428106
426041
450669
447282
439807
431996
438369
460133
435458
431165
445308
427962
425787
428397
427216
434931
432892
429436
438460
437567
905430
431346
427184
453475
600390
444144
437620
428038
430547
429972
433560
429042
547896
580481
436631
453927
431746
435292
472934
442231
431947
432008
428111
429593
432778
509673
432078
434682
434105
438535
430859
442164
439737
437952
429736
461563
429336
430590
433589
435225
438162
426644
428319
433580
435992
427703
426968
431582
433233
432571
428356
428561
431629
459060
435476
436957
441466
433110
437500
428954
441490
425264
434067
428453
451378
891599
434846
432976
425233
446040
429972
436010
427901
553423
428998
431757
427779
429987
429485
426455
434665
434487
434233
457193
428770
432763
431150
438874
428254
430897
430182
435861
429922
448472
444716
446320
430827
440119
426670
426347
429768
461411
437343
429097
439682
433589
428380
434843
433869
426848
427143
428076
425894
434723
435251
439230
1086625
461014
471890
435099
473057
465258
431223
444704
429260
432136
437045
431672
427117
447802
442050
910289
435610
426962
427837
425425
429564
434534
428843
428735
426373
431463
431028
429293
428219
425524
445442
454207
437891
457304
427018
431209
431049
473521
438127
436774
431051
430392
429914
437439
435820
430246
434744
437412
425014
426863
438786
463554
429150
430401
447268
433618
426282
424594
435884
435980
430136
426629
431824
432711
433388
427799
425483
428094
513076
445436
431486
431906
425305
435864
428062
438290
427143
431608
424025
436511
436972
893413
431932
432731
434951
427957
446230
430485
436461
427201
424868
430605
426516
429940
424684
433612
433101
437427
447070
461734
427496
430025
438083
427507
426749
428960
428805
431159
440379
426729
429292
429153
434227
438684
426991
425040
461997
436578
428718
439206
423669
434417
433682
434630
431760
425921
427385
426807
441301
467160
437007
436607
433040
428141
457421
432299
430121
426577
426253
423383
429914
434662
424798
438273
432906
434968
953525
435129
428342
427230
444424
433195
433382
431118
427473
426956
430710
428622
428237
461568
438675
453982
431853
436237
458867
427073
432822
431600
426956
427347
428409
429351
428438
427271
436366
443167
430033
432215
441149
432136
427575
427041
458748
426274
429252
437378
432127
426466
425235
444561
528830
590794
551810
462712
445311
448429
453626
430631
429922
463263
431532
436228
432769
428097
437264
431159
440277
430941
430792
429754
436561
444004
898893
432521
428788
443981
427560
436882
462236
442161
431182
427884
429185
429637
428386
427263
435593
434662
438191
428222
459098
430308
431343
451436
427309
429254
431547
433265
429374
436820
432154
427414
428196
437118
430406
427070
429176
430325
470817
445346
444173
435732
435432
437188
426647
434099
429368
429608
426801
434327
439046
436485
434149
433475
429616
458077
441472
431290
429642
428330
437509
428884
435942
427452
431582
432547
439466
442572
886696
450566
439405
427420
431398
437203
426813
423803
430640
426936
430940
428668
428840
427843
444077
433180
434595
435193
457838
432186
428677
431591
426373
425337
428330
428065
429135
489236
449522
427029
437389
439851
469820
428324
427359
461072
430060
429196
439941
434478
434726
427280
449429
470904
431620
428053
435318
426399
442225
427044
429327
427207
429071
461370
444007
431302
426638
438077
427137
435295
431168
427274
465686
473104
442945
894230
435132
428928
436094
426449
436608
428575
437926
430853
428108
430144
436173
428129
427773
432131
429809
440773
427808
457155
431841
436470
441890
427997
426904
429955
436030
428286
448050
434242
428441
430456
434511
433528
549695
437949
432714
484852
430526
440037
434321
435488
446871
432407
459007
430666
430917
427717
436823
436864
442114
442496
432495
425145
465267
430068
436027
433536
424982
460699
428429
441820
427551
433285
433111
435800
445363
895510
434262
436485
427032
427128
434691
427907
438842
429937
427668
429972
428085
428359
427951
440405
431661
433793
433189
457791
441697
431171
437083
442129
428432
431731
429357
428820
434700
440714
428887
435925
436747
439935
426154
427581
428240
459524
429739
438687
427519
433452
428339
423832
451567
426595
430246
430491
432282
440708
428852
427353
424191
428522
474819
434213
429706
429191
437978
425323
436155
431419
427598
437500
432746
437669
431363
890928
433297
435508
425635
434059
428855
436211
426481
428359
418081
453624
430255
427411
434542
440052
443756
431016
616201
625257
478552
453903
433236
429412
432656
437937
431235
440731
431635
428173
425824
437237
433361
433933
429220
427741
471421
427583
436681
432705
436777
441796
429018
426685
432495
424524
446489
436266
455385
674864
647045
733650
444666
433904
462487
439792
431728
429692
427207
429602
436593
428849
426953
441137
435033
449841
889146
441429
427974
426131
426052
434633
426113
427703
427484
427989
463348
428942
428105
426735
440364
430398
448601
427756
456024
426921
433227
430115
437048
429628
428091
431757
427315
438040
439970
427723
435753
442782
472124
433656
426615
443330
460576
428525
433787
432028
433930
459518
429587
442604
427061
429307
431480
427221
434802
433373
432329
433936
427041
461770
430086
434572
430561
438031
425264
446171
431836
431048
431760
433297
435762
434219
892637
446586
437815
426216
447533
434283
443602
425483
425717
428239
428855
430203
425591
433335
428916
437970
435721
427070
488475
429628
440551
429894
426994
426563
430433
429931
435910
426863
430771
438357
435974
434744
430698
428228
426644
447635
471596
585801
450919
440011
446845
429616
427414
433373
425498
431147
431973
433049
444348
433819
434516
426959
429715
461583
436905
432658
428829
426554
427245
436225
431051
431375
441339
435972
441076
433545
948004
442864
427808
428400
433971
430847
428575
426519
425930
426533
431996
428295
427546
441960
428633
440233
430226
426872
460938
426595
431991
429473
427980
426872
428668
430733
433819
440137
426586
433574
451036
439524
430503
429701
425930
460267
438976
437112
433449
428004
434312
428239
435587
432641
426536
431690
432769
430929
432915
426720
428210
437809
429581
460116
435193
433574
439326
422724
433889
428502
432918
450219
440367
429847
436856
877596
432081
437474
427735
432970
428954
433942
427493
436187
426475
429987
426003
425577
432078
425393
439203
433881
428070
458535
427122
443686
429794
428170
426621
428135
439682
539557
437468
432020
428371
435207
427516
435170
450079
426813
440452
459320
431859
430605
431681
438425
426286
426157
433335
424258
440181
430494
439764
545703
437538
435342
427461
423701
459926
429438
434239
474066
445486
461641
436972
433020
426478
438398
434222
440201
434178
894253
433245
427499
428814
432131
430349
426055
424229
428878
427665
431395
429634
426720
440198
423835
446822
429853
428412
457952
427951
448767
430395
425052
429155
428321
431536
435173
442400
429715
433393
433475
431328
431311
425618
429887
428946
459521
437165
434391
431743
435779
428386
450088
433843
424623
432790
427318
432025
432113
425763
429762
458366
441872
459707
443674
433431
437634
1048449
439422
428989
432218
427303
437512
433845
432760
435569
889665
446034
426055
433872
426566
438967
428899
426501
429873
424048
431617
424833
432407
431075
435575
433834
435607
423757
458961
435604
427172
427648
439171
441356
429558
434402
427536
427761
423045
432842
429015
429199
430588
425874
434817
460069
433703
429141
432711
434222
433315
424778
424985
428403
463697
472406
523008
651747
582001
555730
528418
539808
512744
570453
533362
505593
486821
487372
480471
454618
442718
440058
443260
445197
442686
1025762
447291
428566
428648
435114
432367
491132
461837
447367
447586
441155
440110
436050
452979
448300
443360
433915
426737
455893
429710
432466
426945
427294
426128
429847
430736
433752
439915
438314
431722
452874
427283
433146
430911
428633
430812
483038
436538
430838
434691
435365
427735
440513
434732
427397
432495
425586
434895
430780
430748
430255
427691
426851
464494
430567
437707
441703
425991
434481
427720
431477
432247
436199
432055
428190
438821
940339
463429
428686
453527
433443
441111
428960
429333
430031
428631
431891
431425
435674
426256
435082
432367
428814
426058
458231
442312
436243
431716
427108
431034
431145
437433
431416
426953
434239
433948
430109
482536
435893
429975
439002
430529
467261
428771
442301
435155
452191
428744
430835
433802
426253
437558
434983
436129
446270
436931
426968
427595
429993
460568
436873
431958
429616
425221
433635
425317
430322
467180
443150
442826
431165
432256
903219
430666
426116
429905
426253
425043
426282
426431
441300
428811
433525
428458
456097
446772
458223
435820
431926
427417
460148
428566
429523
429517
425632
430532
429030
485123
476076
432603
433811
432142
434697
431323
432358
428709
427939
462674
435050
430095
433586
424696
432717
435733
427793
435091
429914
444048
432436
427175
433580
427571
429762
426437
429176
459366
436488
440676
462615
437561
428184
428800
433081
432151
442059
425518
439320
898674
443351
428564
433825
426738
449554
428175
460189
459620
429940
431696
427817
433729
425959
433793
428566
444751
427770
459040
438760
463394
460734
454020
439624
430906
471240
446749
434677
438754
438638
433116
429240
435945
429083
441703
435928
470473
428388
431305
442318
436500
429928
428700
434639
431179
435788
435248
436969
437698
439311
432142
454105
427636
483059
430509
436497
440904
427475
436412
429762
432667
436094
438859
437264
431357
435496
948774
438401
430853
434274
429485
429698
430092
428257
427744
426490
428648
435382
443646
427595
464220
438679
482055
429876
458398
428525
430188
431147
429526
439854
429683
436768
442531
430821
438290
434965
430923
433814
433495
427925
429998
439466
471342
431868
435053
430491
435111
436733
427616
435193
431331
450030
474358
439113
444938
451806
430162
505980
443896
465240
442257
447221
432329
436488
427633
433166
451322
448700
445363
430270
434618
430354
920975
448452
441076
429397
443631
430993
429995
427858
450191
436123
434989
431722
427301
436161
428843
435167
432157
427423
471366
429456
433367
428975
427429
435333
451570
432673
431354
432057
433455
428473
431842
447843
436934
440507
429077
469872
429491
432533
441595
468291
439475
428572
427283
433679
433545
463674
444264
435330
441376
429307
426854
426180
430071
491960
442467
431909
428543
435441
426239
428161
439547
435365
444214
429590
463589
935445
439580
444127
470263
428832
430240
431859
428934
440081
438206
430657
427922
445877
427779
432594
433420
436494
431427
458284
429619
437459
431343
459585
436217
444235
447621
450307
440711
446915
444375
440688
436272
446023
456365
436870
440624
477718
437625
440662
451748
446965
445051
437926
441983
441204
438640
438623
436753
437299
442272
436123
437045
436908
474183
440023
455965
437608
436587
427108
435922
434913
438308
437462
456330
458039
479748
921798
434860
438407
431880
436564
432271
428756
429444
427805
441671
431836
434563
430465
434204
427476
432775
427193
428791
471500
431740
431311
432130
428146
429065
438398
433854
429689
444935
441569
428164
429695
433262
430689
438629
430255
434738
465500
428826
437707
427825
433959
428596
429132
432375
431938
435712
447481
433574
441126
428141
429371
427230
430389
459343
435730
432384
428797
463094
429960
430351
436628
435514
443409
427280
431349
452666
908612
433624
433507
428146
428560
431037
442286
429184
429228
426953
431985
442604
428811
433589
429502
434032
438384
429981
458742
430101
433274
498563
435549
429940
438880
444844
430462
437771
432912
425714
427636
432982
432705
429117
427662
468997
428210
429424
429896
426198
446215
428896
428044
448773
446122
435712
426994
427925
434592
428050
428429
427172
443030
470607
449012
455344
482391
433297
427061
429371
439425
435592
431410
425824
435619
906232
436581
436552
427222
435645
431725
428604
434231
427213
441289
437170
435380
430800
437316
435362
429937
449056
432221
479733
438760
446052
436281
428549
429625
436704
443106
427703
431460
439460
426244
429435
429374
435683
488548
428835
436441
468851
427808
436453
434700
437118
427446
428103
432894
434548
438454
437194
441627
439717
430929
429424
430611
428324
463283
436579
441190
434099
435797
426501
429255
438670
443164
442330
425985
432556
434204
908367
435884
435342
427551
428925
429089
427598
426708
428540
428441
443832
445451
430815
434927
436354
432235
428071
427143
457394
443488
435569
433717
427872
430479
435957
442607
431363
434003
438614
427927
431699
433653
444935
427531
428044
436310
462231
431261
433533
426933
445944
446309
427481
440548
427612
432110
445389
537737
436441
429214
429954
426682
430363
461977
446031
431979
436444
427073
427621
430246
436957
432110
433814
428482
445037
444532
900894
440002
439119
437573
452220
433848
425985
426720
429383
428219
436287
429812
437024
431696
428420
430491
428307
435954
459964
429044
431707
427647
426679
430868
428146
428843
427248
435645
430623
450345
438792
430617
440591
425197
433898
584421
431538
469286
466349
452836
437468
426137
427382
440014
434175
438299
440533
448574
441671
427236
430535
427499
430689
461326
435543
431112
435079
432968
426073
435015
435843
437471
1078000
455280
460197
910044
437488
435464
427624
425466
428782
430360
428149
429033
425702
441452
449079
429715
435202
428791
430270
433580
426775
457672
429745
432775
429447
443672
428969
438107
439830
449041
493357
654284
636318
648900
615143
646622
850716
716506
936691
517533
488355
484665
447729
450934
430745
443418
466206
428934
436821
456943
501212
495215
501060
528599
474769
431182
484251
448776
439054
439189
459669
427172
429765
439320
438859
433049
425959
456902
448732
945160
441423
429459
441070
453597
432037
458730
427373
428240
430147
440300
429488
439734
426545
426583
429718
486089
442575
471538
460227
431538
429549
428928
435280
432475
428540
457424
434671
519998
428546
431891
431833
442257
451147
436155
429056
462896
442187
432915
429444
434843
432253
444305
461201
435951
441318
476741
436071
487655
462726
438401
427035
431349
462123
451372
458865
441198
425758
425790
438833
435826
437567
461163
426621
445967
437742
910703
439932
428995
430118
455178
450736
453962
449379
449893
516203
484674
453959
461029
449333
452113
457433
475819
460690
490930
454157
454708
454481
450619
461271
472197
469455
469785
463706
451048
495868
466404
456260
461344
524382
479380
486331
455154
475942
498526
475390
459393
457383
457228
459457
492301
455502
452600
459889
459611
460075
469522
468207
455834
497723
463382
464141
453419
447592
459547
466489
468253
464701
455735
450074
470666
1010552
470989
454326
472115
452054
452725
481212
451640
453095
448563
464123
450264
460825
454093
452585
454320
459498
461746
481964
456537
466719
463937
453536
458121
468565
455134
449307
474256
457432
464474
460189
450208
522941
469210
494970
457129
546070
464631
454128
515856
474390
460451
450319
463079
515844
464605
454875
516148
453749
512814
450073
438525
499913
478728
484598
477677
477715
581336
507034
453623
542059
502510
468309
458538
453626
459512
1019203
482729
452970
472996
452609
455604
455009
449957
453320
451007
471739
454869
457978
492109
452599
461434
457645
449175
480719
495419
458605
451812
458395
460895
463712
454230
455047
459171
456505
462726
454405
452713
453620
450488
458331
454484
488705
452885
453988
464925
472182
448907
454119
457587
454834
453711
449902
448298
476656
454630
454312
447551
451057
495463
465121
480416
457380
457782
447656
460022
458366
476099
517839
512665
484342
461207
1018535
475947
471642
465704
452984
453186
449610
449884
451468
503831
489691
479232
453510
447749
450188
457669
460790
452611
489971
453095
453579
448560
458561
448741
455613
454994
457225
454055
448408
447846
452932
468140
458272
458135
454323
486121
462764
452859
457462
530542
454252
439314
445364
450693
450490
450162
444032
448191
448611
438552
442078
438879
449704
474329
454136
450621
439180
441515
445721
457479
465125
440327
446177
440041
446475
897409
457597
443195
558100
434143
437022
452982
559241
445400
439406
457121
439794
443642
441057
440279
443019
444422
439052
469658
454502
444467
442573
445051
444420
456227
442370
442513
445090
442382
500373
440622
439043
445748
496946
436715
430963
517918
426017
456783
540760
435954
428336
433303
494148
433081
428150
427837
426894
430135
433544
462648
459612
426285
473258
431821
448454
433416
426808
486165
433982
436684
431154
431991
433544
441292
496872
890890
435938
438139
427058
426942
488579
429380
428044
424577
432959
432216
438571
429623
548380
428546
430689
446771
433851
457574
433443
485547
433346
437284
429834
428132
430266
485456
457206
438562
426464
428854
441091
432810
435184
427432
471535
483751
469415
453944
447218
498397
459522
471910
456144
450666
446648
444628
438903
443308
438492
469570
488478
444271
470826
451452
448498
476062
427119
432059
434067
443091
426163
441520
514847
461704
433799
883976
433583
426075
485970
427511
432715
427663
426199
475489
440382
458426
518729
428683
426820
428333
433339
430950
427417
518560
459328
432582
428808
434928
508912
484464
527140
549640
436590
426468
425475
431550
431702
488442
444147
431212
461300
433434
430052
472691
438653
444190
443463
438709
448548
438724
439939
438057
447032
444765
479107
443052
439484
452909
470734
461345
444593
439263
436731
443261
445844
457377
438975
446553
469270
434335
873238
434295
493896
432329
426781
440300
428598
429465
427965
436453
477362
448256
438772
452611
441006
463328
460156
439898
467317
443541
442239
437855
443824
440938
465331
428470
434051
430177
433084
425667
428303
496187
439731
433693
425557
428501
479722
435525
455288
520807
433361
437123
432140
475172
437120
440233
487472
425448
427225
432232
430461
435549
428716
518817
429475
471933
462379
426857
434052
434003
469790
458981
432576
428132
429030
435275
879279
491650
428771
436803
428978
430853
444692
429006
456993
453469
446931
446472
446651
438754
440229
448682
438841
439490
469497
443603
442397
439609
443068
453662
441578
449042
446990
441786
473018
477392
471046
432512
431748
433939
427277
427393
473575
492234
442573
428117
435050
484806
520045
542435
495433
465366
431233
426543
456823
429274
427858
486263
452632
465936
448146
464582
442016
438459
445575
447950
443601
437023
442832
450484
444360
448515
939576
460287
441804
440091
439904
443648
440038
438456
446278
441405
449653
445483
441361
438757
454285
443155
429422
427593
458129
438291
468430
446865
438688
439868
441307
448727
441563
441828
439555
450359
451059
442156
449680
511787
605759
613526
632821
434953
432250
427179
464820
467413
433279
441359
436076
435491
427156
437120
497046
428881
429344
427140
434186
499675
448664
508806
430025
430125
449388
438897
429268
426059
489609
425816
431434
865821
436018
424897
453263
467141
458221
461693
427031
427852
440355
427009
499359
427864
427472
427724
432725
430713
426650
515498
427174
437052
432582
432290
445858
433900
463174
566419
439561
429505
426373
430960
427009
460060
456144
439135
440148
475401
438013
449829
443886
463924
434088
425219
435263
428041
429176
426878
482437
428735
430019
429413
427453
436669
474850
465488
465709
430750
426632
432262
536382
449561
548188
448371
439567
440072
444016
879279
477656
512246
1041525
445206
443014
440774
442659
450395
441780
448438
442183
440178
453978
454199
455289
442287
439892
472226
444673
442424
445799
436997
440342
440231
448920
440750
443321
470434
456505
448825
444753
447639
437119
450076
447568
475720
441185
476387
453132
445888
443184
444584
450136
499360
436581
429687
424666
435884
425241
430162
463990
442287
464654
446025
429048
430360
432052
486772
437886
429061
425040
436334
422983
428327
464751
961508
435896
427374
435476
430351
440540
483919
440467
442534
425837
437561
423917
427018
455979
458398
434140
434055
428172
462782
426911
427658
496440
497146
427216
433906
437046
426431
428984
485614
427457
430269
429976
435205
425125
424821
517251
427633
441064
449997
427566
439192
436873
459280
458899
437089
439656
436109
439868
442331
436619
439722
445489
441861
474743
453728
462441
443806
469337
430911
427630
428504
427119
437336
424763
467998
889877
447672
461163
433684
427243
426279
485389
426605
432387
447814
561254
576429
464746
489913
434596
442540
432974
428509
454997
429173
490464
451170
439966
441429
440991
446371
440067
441471
442495
438084
449546
440178
470924
441077
440002
446317
480888
439314
444005
444786
445224
443919
450943
451208
444425
456335
442489
438840
439797
450824
440565
437712
437541
476375
450466
448337
465638
430953
433483
436438
429554
424139
445565
482784
431623
439676
873883
433863
425171
459650
493777
427109
430019
425889
440690
426242
436578
488521
426954
428202
477586
426117
447242
413667
472910
442054
427122
422435
489598
419622
421771
433814
480176
419321
520710
476381
447636
420787
426541
462685
427309
428718
460749
438352
431296
427312
470255
415461
422210
421963
414031
454643
415520
441720
514891
414582
415246
423986
420771
455280
420274
480032
434977
436207
433062
418740
417453
413706
431835
481146
425824
417996
918595
437967
428257
427111
426227
428344
428421
431290
430033
432708
430179
433355
428636
427738
438538
432186
430876
424649
459121
425544
450287
430902
426953
428715
434782
430512
427000
451844
434799
439034
431171
438862
435467
425311
434834
460842
427677
429540
430570
424392
443447
432236
436225
438337
431165
429733
424810
432795
436765
424935
427904
445185
432892
465386
434426
429818
433399
431427
436290
430768
427549
424620
433454
425845
453408
907238
441913
428849
426854
432183
428803
425049
425851
443937
431492
440632
430427
429590
424888
429033
441189
440834
428867
457736
433373
435123
436313
437710
429430
436529
435094
427385
429246
432314
425119
428584
429039
441554
426994
425340
441201
459296
436680
428359
436088
436736
426878
432413
432066
425209
430923
436870
428732
429339
430462
427682
440624
424451
470035
431696
436339
437413
431054
432227
426166
431996
429940
442992
433344
438801
434254
908790
433761
428692
434674
435018
429590
440606
435149
426149
430844
462616
434260
430220
427157
434919
432886
430710
424903
458602
428479
436033
442671
469478
433023
433455
450339
434854
427158
429187
436076
428913
437867
428076
427575
434207
427840
458278
428053
432466
426810
441006
452247
446317
444471
434884
428604
437112
427510
479331
471605
432784
425740
428502
465439
434283
434478
437124
434989
435499
427700
429333
426280
462916
430156
436228
429614
902210
432626
427557
428152
428374
458900
443999
429121
415532
419434
423938
419217
416324
424588
412917
422702
419225
417546
467495
421317
425070
435692
417831
420649
423827
421978
425791
418311
413673
414462
483249
427095
419306
418710
415889
449561
540332
425493
421460
420024
424662
424486
413962
418969
414477
417057
413804
412285
429413
420605
437187
490239
443803
460346
435365
429027
436856
431661
426137
425781
435555
434557
455773
573104
491342
995636
459999
439600
546968
539928
538251
538335
537717
535135
565761
532910
566440
560432
557582
517009
630963
577357
563474
623566
619851
521859
451223
564950
508754
520059
610753
433705
440501
434146
439352
429704
434548
437812
430450
435097
431430
460159
427015
431142
433688
441336
435035
440571
441032
433831
431051
425157
426927
430220
432676
433011
427266
426452
472407
428316
435009
521338
445796
470248
439216
446928
443388
445320
441164
451848
449204
930308
446824
439348
444436
443640
552544
558848
604020
495872
468016
449696
442084
442120
440072
438420
443752
446696
474352
497972
443916
455888
457428
440308
447456
454788
444672
442048
440720
455976
440700
444772
456584
444828
438332
440096
441172
486060
442788
445352
446488
447236
444912
438952
445148
440424
449812
442096
439316
463240
440932
453328
441632
453068
498268
450180
445168
447736
445508
437684
442664
445696
449228
445612
448364
443152
472504
950068
458692
443220
438768
439636
444108
445892
439596
451912
442128
473024
443336
443632
451164
440156
450760
443552
440068
473836
447064
442272
442044
444768
446404
442424
441772
441396
444644
453408
440272
475692
447544
448024
446932
440756
488968
442148
446292
444084
448572
468100
450436
467684
455320
443376
442896
439084
440892
447628
438256
440992
439352
452716
473016
448232
451308
447880
448972
439100
442404
441208
439416
443212
445800
445392
928320
468920
444788
439360
456832
443640
440100
466656
444876
448572
442616
468356
499020
476720
442452
444980
447952
438584
468752
440392
453984
452108
443464
446356
447136
440940
437992
442232
444356
440672
443840
447440
446512
442436
477360
445180
488468
442576
443660
451440
443936
445620
438624
462104
452932
440604
440220
439224
439404
442412
451408
461244
450300
477500
442728
446532
448608
445124
445144
445528
443956
462876
453588
447468
457344
460220
936616
445936
440852
439400
438356
443248
444912
437560
449076
437236
442000
439420
453784
453980
451560
443424
441928
439480
469712
450828
465244
460244
440912
447748
442356
443144
440792
458832
463360
581230
629842
730804
591910
559316
537084
462316
474996
445208
444328
450196
467508
450244
447012
456968
440108
441804
441764
456276
449484
444488
443576
448640
446240
473440
462356
454508
446760
447956
437184
438156
440664
444872
448260
444264
445088
441536
925684
450848
442416
437368
440028
439848
455064
438336
1103576
463228
448700
461624
441252
438164
438332
470644
464652
439724
470656
447360
458672
452608
455244
452272
440324
441976
441908
442512
436096
438816
477104
445388
446212
448488
440924
483120
437904
444028
453340
441040
451420
438180
438520
443916
438584
441148
460224
435720
443940
583006
512700
535386
536074
563434
535072
469600
448316
441180
463880
440584
454240
439888
453240
438076
459668
917984
447208
439876
439636
440204
459020
448420
438692
444436
484520
441364
439676
437640
483712
441360
442980
445128
437712
471836
446692
447068
444484
440068
445904
439224
441036
436040
440204
453800
454156
446464
437016
446268
442844
447872
440004
471532
437216
441636
456680
455984
467940
448524
450280
450904
446864
438924
436672
443316
476516
445160
436524
443212
475712
439960
451144
449832
452980
576130
616164
625352
564210
560116
468676
445176
447888
952008
452692
586703
583011
529619
567395
591718
575405
635463
566511
566371
572262
536220
566408
577540
527391
640619
580664
622106
689508
590576
531725
571325
639608
490448
471760
467072
481916
472756
501692
544304
506388
476428
466352
467764
477920
503856
482616
507292
468248
481788
466892
462860
471764
465420
500136
466200
463800
526088
476768
463752
510768
471584
499424
483512
479688
475324
464312
468124
470108
480356
463172
478784
466120
481296
471176
990132
471096
466324
461984
462180
475240
464560
484300
464952
461400
469288
462800
523908
467712
465656
471460
470844
466132
514048
474660
467528
464676
473660
467304
467564
469952
477660
483280
463588
472808
467420
468976
483100
467620
463936
504780
464528
465280
474840
477720
590948
527408
519140
554558
535888
497824
485336
475616
500240
473296
476040
493032
473032
509040
488844
490908
485700
465496
466980
471120
717916
777916
1209268
480740
475904
1070000
488564
466784
474188
466056
469592
480956
465748
475956
465392
476112
465812
465044
466212
462700
483120
471984
473400
499076
473872
485808
737996
503108
479292
469844
469224
463612
497548
472612
468752
487528
465240
473612
463548
464480
477444
500612
462364
474044
472028
482648
464520
464824
469604
462288
466952
463236
465212
468360
482124
466200
472988
479392
502720
470216
552852
482708
471068
461908
463700
481908
466272
475528
462272
484740
475780
975956
470956
488584
463208
463732
472440
464932
472824
464052
462172
482924
464940
476852
463000
460804
467352
503788
469292
511212
465020
469252
466400
484260
465504
468532
463652
466428
476476
469760
472268
469284
482812
475104
462476
464600
464644
500952
467080
480464
470516
484100
472364
469344
471376
462712
487584
466160
462832
472748
465432
467156
469740
475424
501224
482484
477200
486344
462164
464312
479776
467240
464552
476968
624548
566860
664982
1217496
670718
672016
706840
729932
702949
656499
539024
507376
476404
476248
468196
470368
466968
468996
507456
471124
466836
540504
480620
469512
485040
478232
466312
468132
599676
596112
523628
498464
500616
488952
472084
472536
505322
541128
534676
481436
487220
483360
482712
484592
471624
477956
487156
471308
471768
468276
467696
534752
497020
479776
469476
484124
507804
487352
482152
492940
469048
470204
481372
474616
474340
471364
486264
483476
995772
490948
470184
467616
466188
475048
464516
475444
465560
468820
471916
468832
479620
465052
466036
468536
475636
466628
505704
491746
427140
419538
483033
416301
418067
417936
415800
428528
423241
451798
460535
416658
430566
417947
413584
417700
446228
474361
436618
426800
432093
423664
421522
422100
416875
443619
430092
427435
429538
429535
444570
435414
464662
448962
424099
429857
429085
446668
418767
749666
748668
574488
689698
469607
450660
452591
930207
479652
478663
684202
621390
639002
605140
661438
782179
674787
607054
570580
559672
487392
469356
505548
472788
466900
508656
480496
472620
489340
479180
468320
467584
470600
466812
465552
498508
498320
470628
472044
473952
467388
514360
523885
523720
488149
485886
489288
488137
484933
482246
487966
477816
492263
479294
479940
504723
483086
490518
478372
494297
519435
515826
496401
483128
478671
508363
584208
575847
606336
660886
727289
602599
624388
1121544
549368
529189
519007
523767
520540
525233
513221
516775
508807
516903
524891
515219
508480
507830
532949
513625
520586
548808
542737
520629
493185
485077
485046
512264
484085
494227
481515
603085
485084
644050
683713
546739
494651
483548
522771
483758
516725
495273
496292
498719
484197
479920
485723
477400
661745
670503
670386
629751
580646
586020
503109
499719
563633
506559
498715
480845
480278
480904
482592
481833
486010
492291
487904
495215
1005472
492571
485365
480803
502036
503257
478924
487231
480196
478683
481285
480752
481436
477832
671596
680338
641511
513325
532424
528410
522799
546218
496350
486939
502448
647644
563084
497097
487036
496670
506664
482342
542473
522857
527761
521356
544017
520746
517751
527870
523375
513081
513318
522892
514430
515301
514827
513256
529250
519190
561186
549041
514589
559040
514426
541722
521943
512676
515324
525027
530639
522154
519303
522752
515515
520318
1059609
522496
520913
515725
525249
515313
522324
514395
515771
514652
515639
524051
515507
513851
530907
517545
514870
520038
550091
489930
488005
499252
482039
484209
482214
483307
496775
483252
493185
480784
484194
517292
485088
482619
478831
481063
518615
489923
501577
491661
497875
502872
479791
489000
481701
482708
479267
477497
486928
480986
528060
492582
484373
525529
502728
500939
480309
480254
478885
482082
483887
494103
487426
479652
483416
485672
1005305
507601
621258
523398
500625
483700
488927
479508
481763
479943
485279
483253
481075
486924
489541
488262
483556
490688
531059
483638
519665
495771
507434
545926
492758
484330
489856
526206
541602
520637
518817
518918
518129
523740
515204
553595
508499
633675
539965
516141
524327
516160
513679
521185
514998
516122
514418
523763
519808
521150
527827
514344
520015
558250
554870
520380
515632
514912
523643
520434
525980
515044
527687
513108
523725
1034059
524491
514667
512855
529146
517261
520310
517856
517047
521936
518323
527111
517790
513699
540816
1096063
448414
447732
472879
447133
445685
451089
442635
440455
444771
441084
449475
442662
447732
439549
441381
444127
449397
439100
439930
442543
487338
521097
464557
467930
447827
435631
441916
436517
491490
429100
436971
425505
430390
432219
438039
485351
702368
694010
624838
643723
610337
623159
484841
480980
452152
445007
486297
535899
441834
445674
916470
496020
521602
479466
450999
439761
445066
436738
442537
437256
505571
439064
439141
438075
438840
442549
438710
493542
492686
464112
446371
445331
437884
492090
479903
735467
954695
675493
939482
472783
444080
435444
449257
439793
428076
435601
467559
426189
437975
425883
435412
426207
426580
432226
427029
428651
428546
435922
429138
432553
426052
426615
428018
479313
440137
433679
429208
425259
455082
434044
439273
425092
446775
425982
433116
430952
944905
482668
416893
419458
443672
453212
414662
414314
417906
416434
431876
416708
475658
414462
414894
421829
426404
414555
445334
443948
440936
428184
489033
414975
427131
428847
417951
461560
427347
448600
423899
418323
421430
413840
442541
540754
422535
425475
430643
422371
431545
416783
470734
420554
420134
417614
427450
419184
420116
422797
474115
412020
424763
494563
435594
419500
415663
473767
413914
417155
434461
414055
427733
413420
421886
953384
419717
414338
414987
430619
417066
481024
416023
414909
414272
416524
462232
420357
475879
458711
417903
422076
419207
467436
417194
427405
483802
415034
415302
417584
415484
411886
419958
424760
482668
416408
416893
432695
424945
412979
416971
509457
414686
421966
420036
629104
465968
419100
482565
415970
418964
415276
426351
447699
430488
446896
509426
413328
457347
422845
449701
430267
427808
461697
414912
427310
418136
433431
414775
415067
420009
946022
423455
424629
421117
413584
424611
448327
428902
445845
414513
429946
417542
467911
481804
459138
418174
425252
416780
443601
417245
465425
479786
418153
480784
451479
457436
416991
425240
477972
415844
422842
419020
421171
430336
416452
421662
511319
420807
431796
434426
429770
415726
414322
499214
416098
417966
415365
414263
422743
422627
418373
473346
423434
454937
434936
419494
415154
414710
469433
413676
422973
418082
419154
415082
418853
420149
927840
420021
415043
428221
415434
421811
473761
429398
419663
414903
439546
417703
413569
412973
475615
419911
423679
422716
448867
421823
427256
475378
416214
413527
416392
416676
415490
426994
413080
472057
417992
421266
430196
414126
427021
491937
474681
423497
422258
417063
421379
413343
413089
422299
435272
424527
447898
425708
438509
425302
428219
425442
434639
465258
434849
431637
427907
433381
423153
459469
418660
422484
496558
538536
434998
929238
423786
417057
438951
419270
425758
416837
476640
415240
415967
429106
418150
414546
417081
475228
417927
430983
415878
462947
414739
430429
418978
484318
416271
418192
427003
412714
423867
418677
528676
428370
416027
423860
412246
429675
418704
452095
465538
427834
429833
431194
416083
414823
421513
475084
422538
476225
414198
415607
671646
635956
770318
428219
455974
441360
424081
420652
448344
415755
415770
425546
414477
419502
446782
420953
459930
918885
420873
415582
430536
416021
488307
418150
415961
418946
413816
416542
417802
414463
473526
414132
418323
423998
429467
443913
424805
482365
417644
415029
416458
419083
430810
417343
450821
490462
416363
420619
417760
427352
415675
415776
485751
446222
424414
425159
416369
425275
414251
415106
495890
412926
415243
424254
411880
428177
413840
474951
415222
422201
454321
443964
451137
418097
448771
469798
429103
418260
434140
421254
417090
419285
474003
864622
419732
421951
417513
421376
415788
490983
412437
417116
424900
421293
414066
411317
473490
586308
446469
477483
416780
448355
450981
468384
418612
453975
420786
427798
419041
426172
450766
454013
421683
415874
418365
430166
414659
415618
515568
420125
427217
428427
423804
428871
417662
414865
464086
415672
417063
412973
412884
425782
413470
475625
420682
424355
475917
424128
419229
416566
443407
477184
424426
416247
414376
420408
414245
419044
977592
427206
418338
429585
426574
424826
444975
457617
418198
415243
420712
416923
414519
417025
472286
422431
428287
426690
458714
422815
429511
420265
482709
416276
418788
418746
413378
424113
455894
453049
418296
414063
432716
416732
413831
422395
447997
487954
418576
419255
432561
416982
416235
462091
449827
414186
422520
416774
425832
445045
424027
415666
497910
454598
417647
423652
423214
423980
414424
482994
419729
459777
447893
416050
420846
422782
925854
419842
424221
416404
421647
418859
415204
475914
418868
425439
422669
490870
416494
417817
448805
430637
418752
415571
445161
420408
452945
423175
487450
419160
426857
418263
425376
415177
419324
481670
416336
419136
423539
414823
413679
563945
615125
477330
615735
587239
465208
431424
426023
457042
431535
430179
428000
437051
444185
428502
428231
433644
436677
473258
437690
433487
438241
426198
416646
425180
418612
414570
421755
414701
420444
479956
889006
422249
430715
417066
424304
475644
415850
449781
466771
446841
419595
413995
417218
453390
414472
429329
429130
417686
465494
420926
496409
420572
415505
414644
417149
414626
424882
444398
468452
416354
417060
428066
418675
414230
422541
511634
420667
417730
436284
419044
425454
414191
414641
476675
414492
427200
412488
421078
425996
416039
475498
420328
423330
446859
433306
417549
425350
415169
500527
420426
434396
414784
420211
412809
423741
919541
423235
421302
432898
421492
416631
412485
500104
415717
421775
418037
415231
413384
412094
480995
426482
419199
484373
446263
419312
424796
454327
507867
415735
424629
417605
433654
415722
419029
480343
418516
416107
424745
421284
450773
426696
498814
464223
426568
426318
425114
416732
415398
525280
474143
415529
415955
414767
423556
418770
418445
446638
460729
460650
558972
653739
583485
487777
491470
438757
437987
430882
434651
458389
431002
487008
969946
436257
445005
430949
434248
433011
427939
427461
430325
427519
431162
430649
429193
428563
428353
436164
439903
429885
467396
434469
1102442
435912
418949
414814
418558
432740
500547
419014
419437
449254
421481
430947
425439
488985
421674
420236
455563
418796
420763
474296
453955
418156
413828
419970
417575
427879
416315
421933
481066
414114
416303
419455
422061
446883
424120
448430
469226
417048
421463
418981
432341
416098
419181
474953
421724
422157
871568
425365
414585
481291
433452
418958
415312
418138
427497
414927
418761
483767
415288
414879
425886
422121
416026
413081
509042
416193
433633
418889
416768
426747
418195
426476
482607
418883
420563
414808
416018
420974
419172
475502
421716
456296
425504
424114
426029
414397
440315
467026
412923
420200
413295
415878
415204
419759
482247
417561
482306
433062
431968
447419
421689
447743
458277
412738
420694
416637
416914
414019
418382
471557
422800
857706
423446
431850
414218
419857
473265
414409
415091
457862
490177
421498
416738
487154
416929
413238
424170
464952
418716
449379
454042
448971
416569
413691
416271
419830
417274
422907
563091
528557
506560
435701
426142
425296
413498
496187
423485
452489
414877
418814
423774
422490
474672
414570
420739
418332
457067
522766
444456
441808
430853
430094
439979
437509
464287
431215
436578
439787
424868
435893
426939
441466
431066
432819
454969
416947
421284
873550
426219
416691
481146
413530
423187
417813
414582
426720
421126
432040
459992
418064
414183
424790
417921
416968
413569
508279
427221
418382
417969
442046
427456
418532
425603
511987
414063
426717
419005
420470
420161
418263
472585
421183
423080
457044
423366
435322
414856
422240
510957
416887
422693
414996
415574
416363
422881
482258
416318
422031
421215
429154
446207
426431
449422
465769
414037
420852
417462
416619
418585
451289
518173
429330
419500
874172
437041
413551
448685
444613
460675
445465
413390
415833
413340
420304
474216
413995
413870
423872
435850
419217
422049
512275
416518
418871
416730
416628
415368
416890
423819
469973
429657
427627
543923
498038
483811
439119
481708
429864
500322
434647
431063
434306
425621
469239
428540
425159
432206
435377
428884
434925
428044
439020
427175
435490
434181
434114
458199
436409
482976
430433
433391
427531
466241
433198
426376
457555
435639
434531
915019
443733
429811
440702
427712
430007
430826
463225
442502
426259
429768
478144
430334
431220
461008
431879
432591
428038
490224
486841
437281
431842
429447
437946
430211
457613
430322
429707
435205
425125
441397
430028
436931
472220
448644
438325
470957
433265
438089
432897
461402
428356
426720
433411
426475
428024
425594
432168
431979
430602
434306
434977
438527
461744
429056
456957
433519
425265
431658
424218
430278
442904
475936
428237
441426
436724
894235
448913
436654
439484
428604
442450
427248
426892
427309
453242
457886
416944
417629
416569
424102
430435
419678
434491
462021
423872
419360
420709
417516
417551
417805
523865
479384
417176
421600
416393
427584
418859
427902
423205
415666
424572
446445
418105
418853
414573
452334
427369
413581
422609
424837
417480
422067
415773
425668
472840
427995
422264
418713
449284
484996
450651
436559
424102
416771
427944
423265
416092
429365
416732
420536
421105
872173
420503
425737
449811
420783
421427
415246
425687
415463
415725
421353
420652
425692
425087
417289
423006
417692
421564
470251
418797
420208
434908
425550
416890
424194
418234
446570
426729
414233
439216
424620
421016
422288
448152
423220
457809
426396
425007
481758
423971
424140
436168
413616
420831
413259
414397
420658
414602
422332
434128
423431
426699
453937
449543
425025
420000
439207
421978
421322
414555
418773
413658
419568
415106
425019
919255
439442
415797
425073
413411
451268
414999
421823
415579
414680
417400
420110
415925
433220
514205
432305
421960
449394
454750
415070
468797
417906
414835
415475
419833
420986
412530
416324
458083
412857
426098
414674
420691
480122
414460
443839
448352
415550
416229
419375
419756
416923
480599
523418
478013
430325
492018
465485
465184
422207
523770
424221
416586
452590
420831
432978
423449
468050
419976
426148
420516
418448
424733
416804
418573
457213
893331
424018
423899
419261
445345
552994
479235
483960
434674
429167
436514
604517
667269
586638
549847
549544
543197
455248
479701
432845
434152
432559
439087
428517
439486
453886
429421
457893
430742
428359
430199
431025
435409
436855
434140
439151
467533
434639
434146
430211
476545
427761
427020
432495
426793
429021
434945
453034
435487
431538
432300
435799
429470
461387
434560
471517
434974
435537
427665
427356
431964
428718
475385
429161
445985
432323
920725
436695
461466
457782
431827
430698
428181
424897
428032
432127
434694
429132
427478
433484
437949
434650
435765
460089
561158
446419
430345
429695
428458
431010
460014
430984
430013
430558
428747
436403
431990
454565
457607
428447
486832
462930
435359
429503
432087
427414
432425
428032
424781
444696
423917
436068
449575
425790
443211
436485
439513
425915
430900
484601
445918
431565
436698
425804
444202
430176
430940
432221
433717
423850
437459
936865
466180
466772
485135
437754
429803
440297
439708
432022
461437
431261
429193
429313
436275
428925
429541
437377
437240
459019
430133
433233
430287
617140
447396
428698
419199
415321
425523
423899
565285
679348
1029253
938541
840144
776606
561874
724071
423646
422112
421492
452248
418838
417155
431745
416816
415663
421204
413474
421933
424885
433050
425430
414957
453329
453940
458196
421790
422454
415011
415887
420000
418618
421439
415148
421269
424054
891898
427036
424051
454687
424161
480801
419166
415365
416819
416578
421445
419809
418635
435930
428293
420122
425335
425222
567319
432098
429625
428199
426169
427172
436485
457363
429908
428009
432227
434691
429782
430990
439008
470257
438427
430553
461638
430923
435732
425588
462362
426705
428858
443263
427350
434403
428096
426005
434820
545764
453862
429243
431246
461253
445083
436158
440720
427024
435884
431774
431900
427496
467685
427055
431165
435304
891476
443386
475889
432212
432139
430267
439886
427155
427840
427554
456706
429152
469105
458976
468405
437777
458331
457141
465719
428438
440886
442254
427216
435050
456470
431847
1027055
438057
430596
428741
456470
432971
439031
434703
502171
481851
438521
454495
433492
427901
439326
471838
430990
435989
428164
440577
428995
427309
439740
435590
438550
427467
452643
460282
530195
435663
435896
439343
426670
465853
430801
428210
429278
428937
432927
902475
457123
437853
427227
429068
450123
429587
428709
455064
427312
431372
428205
429949
434070
443188
429129
442546
436013
457783
427120
431366
430229
425393
467090
445273
429552
427738
428035
443616
435735
453589
427770
439352
424856
433837
428534
483403
427336
434496
433487
433020
426720
428493
441522
426122
472832
427647
429756
429675
479258
806237
792794
1168262
485730
450103
446320
607489
443170
444937
435065
436890
433592
435686
438626
471643
623738
1106301
622166
726711
467057
437870
437599
445011
430643
431285
438938
434251
429226
439203
426256
427344
433303
438001
426644
460518
427572
434227
440178
427032
438171
449257
430882
437582
426749
435231
426443
427076
434364
436158
431847
437599
434490
476321
427817
430759
426694
436272
427473
426569
432072
424859
435869
424906
484435
482320
585967
499383
445133
458410
472634
485686
469265
581604
612757
483210
442047
434490
431203
437121
427989
434210
445664
907996
442301
428038
426729
429619
429943
440918
427452
430789
425810
429581
426758
435353
436401
428814
439871
436085
443975
463397
425728
432317
434324
426078
434406
430261
430774
431127
430144
474510
473973
440919
443176
436879
438431
429961
466693
439428
439121
435415
494147
442076
428893
442942
455303
435426
429494
427067
443062
444518
435432
429937
430138
430098
471922
433849
442006
437500
442616
429541
430483
432568
427849
434403
425478
468116
893856
445725
431506
427146
428447
429870
438080
429736
430199
429082
429048
430649
478881
428943
441706
431483
440860
431273
458296
428674
434930
442321
426073
437841
430384
430033
433711
430631
433659
427580
455948
430016
444007
434788
438760
440644
466757
428053
429698
433434
435024
426519
428610
446410
430045
437203
426737
458092
460574
440023
443479
439991
427195
465232
429780
436205
439460
429365
426466
429537
432719
428155
432358
429645
449327
451124
907252
531912
492045
434966
430695
567633
503810
650775
574805
560758
612287
560469
562768
571174
514623
554826
533350
552971
583555
689459
565810
582884
558862
567974
554832
560639
559513
554038
572337
516915
476476
451080
443248
446836
457720
439952
473572
440088
443372
438524
447776
438380
449860
445812
444784
440764
439792
440092
453056
443696
476908
440508
441396
484832
448600
450520
443256
447200
450068
466764
443576
441948
445160
439268
451244
443892
935940
445772
440892
445204
440200
451636
439108
439648
442848
439792
450008
447340
440488
439688
439064
450128
441836
438060
473488
439392
455568
442008
552872
442756
441544
448740
442264
441580
441152
451520
444812
451064
454080
448592
446304
481332
440092
442276
442872
445260
447076
436956
438344
444016
448076
438628
438412
442940
450236
447692
441440
437648
483708
475924
448072
453168
438484
436684
450316
446588
441932
443648
445440
439588
464168
928728
476052
441616
439400
437096
442064
437164
440752
441548
447424
441656
487688
461128
452840
440076
449600
491132
440504
471324
443764
445444
442720
439396
449604
441780
440824
437880
440944
451480
437460
439152
443612
446648
443920
437200
443304
471420
450324
442304
444816
444988
437048
449196
442476
446076
451068
458604
443336
448364
449876
441516
439900
441632
486624
440884
458520
444364
454072
441700
440932
444152
444508
446512
438584
449684
444160
982800
453704
441936
443028
439952
451740
441900
452280
442748
481572
443256
452152
442184
439032
440000
448976
442912
442480
471600
442652
455684
442404
447360
442036
441352
448744
441928
459880
450884
457084
447640
449628
450488
449260
448424
449308
474208
444280
462972
441476
447472
440804
441684
445276
459496
441568
438480
446600
452936
449928
443888
438432
443048
472520
450316
451544
443824
440060
439788
440764
441028
441604
446472
437700
467316
443844
928044
464560
442096
440016
443396
443612
441872
439628
468656
577492
457724
449304
453016
441776
462384
455580
445152
441200
473848
441704
445308
442080
451268
441028
441584
524408
509896
515260
448256
448992
487924
449052
473416
468004
481804
478540
438356
444240
446632
447716
447556
452128
439108
453824
442264
441616
440656
445052
452980
442020
442628
450404
452888
475260
456912
443044
453428
439752
439724
443520
465076
440228
444960
444856
451492
922956
450720
442524
441400
441344
455968
444464
438768
444516
450856
445116
448788
440292
442680
443068
451632
447168
448704
478896
443792
457936
444876
448972
455168
456172
450572
439812
443712
444940
440876
443464
446708
456584
451064
447240
449852
476540
441932
441392
446812
447156
441728
441092
476848
449436
442980
439432
444244
447092
454144
442244
441172
439020
476220
459092
457380
443720
439968
439040
453936
447140
440796
446200
439272
456708
447308
927268
449468
443936
440508
443524
444200
442320
440456
441108
441052
443744
448500
456980
443912
446032
480844
445932
455796
471564
443116
443272
441228
448880
442396
444044
452568
449780
451588
450028
439652
466832
444668
451328
439324
438268
441624
475112
441532
445376
439852
449952
514880
448696
456584
441048
442196
469108
449268
451484
444612
444392
467612
451312
474400
455488
444940
460936
442340
439256
443376
445316
441716
540328
451760
448624
451872
934948
445472
441396
444236
453272
442072
439484
442656
442768
477940
455864
444324
439084
438632
447288
445148
569240
517389
494248
451996
442944
448948
440348
440992
451504
444256
442812
441816
438956
440864
446132
453344
475536
489916
452864
478352
439972
458004
465868
441104
451424
442528
440904
456076
440716
444616
450616
448232
457548
442332
445432
442668
449628
772070
698996
767664
475724
445740
448544
444652
441948
442244
445428
455432
448988
947252
463444
444632
440676
440096
442740
441156
442328
450580
441408
442448
451444
453372
439636
445092
451108
445872
451856
471148
441428
446968
443964
447408
440648
442836
441820
440480
454696
450708
440144
486404
443976
1097176
451852
440616
443100
473480
438052
467784
486968
453692
454236
437788
454556
438400
464372
439284
447284
455236
445224
440672
436156
448232
573588
522212
507008
461060
439732
458192
444316
446100
442568
447408
478456
444576
456708
937084
447796
441528
439768
484596
444212
441744
440796
441604
437432
450496
441716
439088
439048
445424
442352
453940
441664
469208
453920
443744
455012
444596
440072
448344
443052
441396
441800
442992
440064
448740
449680
454488
449524
447356
439516
471392
439436
451728
436900
448692
438620
439216
451868
440728
526260
465328
450572
457708
439752
459040
440884
455948
475396
452692
445272
438604
439316
436500
438228
441908
438184
446312
454612
444600
449332
1006360
447204
442736
436944
479900
443536
438908
440132
439840
440488
448672
479476
442132
464284
449116
445868
441980
438900
472772
439528
442800
454692
438776
452288
441948
441316
450700
444320
438692
443668
440776
448604
441152
438808
440984
473028
440004
440424
441952
438284
457088
436984
443096
462428
438756
439924
446516
444848
446584
439924
441344
447092
443136
479708
463852
490156
443092
441156
437736
453492
530108
445012
450660
436600
467716
911120
586248
572612
460968
458000
450460
485640
446260
445724
440904
452864
442692
460628
443584
447412
444144
448644
438836
470784
464544
449764
452344
442620
443228
449524
453148
439744
440804
444468
439344
447376
458244
458196
446268
446044
442920
491568
439276
441092
447156
446092
440156
438356
454148
438456
442616
445700
444316
450760
441812
451868
438676
437708
473660
449120
454116
445652
439176
437404
441688
443648
437028
444992
463680
447864
452580
946788
460816
439340
439648
439448
444496
441520
439764
442796
448484
449872
452256
442400
443944
447044
444160
455140
440360
468004
441024
443236
454508
438300
440088
451284
442328
451980
440936
443464
477660
445472
542060
451044
441192
441200
442944
475788
442592
459492
439556
459348
442636
447844
445800
438724
441208
446240
446368
443880
439556
440752
448732
443136
483916
449300
504572
457716
442944
458964
443536
444640
437880
452236
438760
451772
442868
914928
444176
443960
450668
475008
451424
442908
439692
442076
461788
444608
440848
440472
448944
450092
447344
457776
452364
494936
447532
452812
468000
442000
448240
444096
467492
443740
443180
469552
445244
572744
604512
460560
450184
440452
476904
438496
441440
446972
438836
448972
440704
453264
446504
437960
458176
443272
451148
445528
437652
443856
440940
443128
479652
449000
444484
441316
439132
438792
439684
445612
439468
459040
440812
452416
904276
447288
439352
440576
438976
448180
439556
440812
441788
438372
448100
453532
442756
453828
503084
450872
