2936170
1623554
1450206
1269563
1149005
1459656
1044984
1042930
1033857
1030136
1091230
1036988
1187846
1062091
1011010
1040254
985339
972001
971051
964126
1101116
1115633
975897
1040803
1076713
1029630
989520
990675
963426
977259
995435
1036727
992573
994210
1034635
1020993
1051217
1026760
1232781
1083355
1109519
1043000
1056965
1079836
1130099
1077238
1053037
1118818
1124566
1127097
1231319
1115660
1138663
1325859
1199571
1255321
1282610
1240653
1197299
1403616
1047989
1146056
1176019
1078646
1088298
1140319
1076468
1050358
1081963
2076044
986483
966035
1013250
1016664
1017773
968687
956324
982474
990150
1018702
949036
985977
975407
969492
980587
967190
1090199
971094
971608
975030
961501
1223110
993066
969069
970908
992075
999091
986938
961434
1080956
1004430
976597
963830
975046
1042335
967516
966482
950398
971694
973350
987692
982512
985347
1050412
978207
960085
960109
969764
958257
976282
956165
971759
1040060
977189
991383
1029595
1008778
1046780
986082
1019375
994447
967874
962002
1026873
2034674
972957
1003843
1038057
1406432
1547078
1477334
1529815
1488927
1517207
1366669
1243351
1170348
780751
1195530
1044467
465970
444564
471141
441986
442254
451249
436217
440119
434933
436902
431045
434283
437754
435558
430028
428123
449502
428835
440501
430818
578334
439766
434659
435132
435307
427251
533065
443415
451946
441455
430351
425442
430879
431071
462161
432250
425250
467422
429826
436975
437421
428724
424810
430675
437375
429348
432717
428838
566099
464409
963757
441951
427598
428975
439553
431492
432623
444468
432113
428129
438684
434799
440656
484942
437307
432501
430567
428572
456371
430182
442418
429651
426906
436811
429438
429403
434396
437771
439699
427691
428190
431521
429975
471377
626727
458829
467402
464517
446183
428473
439819
429269
431119
444853
427026
439734
432431
452480
432483
428140
429109
426137
428190
459133
434589
432194
441825
448152
429418
433618
432134
425358
435158
425874
431769
430672
899783
458818
427621
428263
427808
429126
442006
430421
428036
430497
431681
432577
426650
425486
429001
432084
428884
425816
457567
427805
440376
467165
437033
426793
430354
429112
438133
446842
424982
426032
430847
440837
446886
436992
427651
471298
426466
427344
430652
426186
435730
426146
429919
432110
433335
427196
424410
424798
432139
436879
427038
424492
429960
459970
437736
445987
442511
441709
431568
432352
429925
425804
430961
468017
457473
887793
446241
428088
427811
432834
428721
425116
430083
427592
425586
436141
435820
437981
437859
430908
429765
431541
428237
462968
435919
430841
427788
423585
433556
427499
430199
435691
435099
570786
435992
427172
427432
435452
428161
433245
440971
458862
426149
429050
430812
431410
434129
432448
444010
425825
434860
424051
425597
428391
430284
428082
426962
424833
459809
453740
477668
451283
466501
448238
476402
430101
414617
448028
457135
418832
422240
899056
450365
419279
475855
415699
415490
434822
414230
416908
420971
417692
493625
414239
413325
416569
421123
415466
413399
503241
415913
432031
416851
420968
424834
418651
418541
495626
420298
424334
418275
419476
431936
419005
479563
415800
426976
449197
418609
448631
445433
423446
455777
527237
437876
422663
418856
414230
414135
479591
424441
416691
413515
415029
457150
423979
455563
446234
413822
418654
422336
419827
413146
420763
505771
431528
418001
886429
420593
414415
452555
417033
415523
415830
413655
416044
422171
425526
490553
429669
435260
416175
420858
421078
415997
1173730
445966
423756
420995
424215
414412
418606
425964
470776
430488
415356
414656
418281
419202
418511
481895
415675
480849
417543
417328
422296
417024
424608
492435
424066
422776
420664
416512
415573
453162
483901
414537
427673
413292
418725
444128
423875
422755
470105
413015
420482
421379
415958
413167
419717
475005
422073
868396
427200
414120
414632
412580
477830
423976
461317
589211
633713
458932
491572
422174
422404
418317
421608
424921
416190
446481
460738
524931
438980
428999
414188
418031
415303
479210
424051
417012
414617
418650
425999
420882
450909
503950
432078
447726
414236
417688
417909
421838
477711
438152
421016
421820
419905
414069
414055
417563
652785
425290
419297
415005
454130
419443
433535
480931
415136
432784
450350
482970
422985
423360
475446
428236
423414
895044
423825
418198
422106
485897
416735
454062
417248
417087
421787
426067
488406
421829
439162
419172
418213
416199
414910
445951
513144
421111
418469
422550
415779
416601
422648
483381
426175
431385
415323
414484
423679
425600
423319
476469
416381
448006
430994
421218
414278
424128
477328
424072
422186
421507
417692
414207
439940
432230
479486
419103
414907
422431
448769
421546
427122
488566
415580
419047
426196
419076
413238
419458
412714
473353
440589
905301
443027
429850
427309
483960
431754
416169
416387
420938
415887
425704
441182
445414
417349
415910
422898
419130
415168
448143
485461
420697
424724
416411
417486
462212
419333
483546
457913
418826
414683
427155
420211
462060
416956
443785
465461
445045
429121
429288
425034
432404
430777
506197
505400
480322
429100
426297
425833
444870
428181
428840
425478
430579
458048
443963
432136
429789
432355
432247
426717
431092
427280
456663
448674
471482
906208
433799
429278
432778
447493
430891
429193
438156
428059
432414
434837
440154
433866
529862
431967
439550
442537
428435
459317
427420
433653
429409
434758
430937
429815
436599
433551
454093
432034
427446
430284
426262
439894
432372
426539
429503
458576
427846
442517
433527
434779
439892
559846
437550
445276
431066
430188
425883
429937
431871
429351
426177
425758
481317
430710
442645
446037
464179
432192
432947
432373
425078
432731
424766
429254
433813
907378
432507
426621
426676
426889
437885
427744
426726
436569
426271
435770
427869
432399
427968
442846
435333
431063
425119
462866
439971
431454
454746
429114
431323
430080
451424
439772
428135
430293
426443
438585
429558
439408
425869
437640
429899
459763
428027
433915
425186
440802
433230
428645
438617
426813
427248
425119
436739
608142
480104
437654
440574
469934
465238
455583
447574
440627
442639
441493
445107
440513
437401
465915
475421
442190
447615
934328
440422
445404
435820
437909
440939
440321
436870
447306
442344
453947
445906
446772
436281
438711
475309
444900
436669
471012
439253
441793
457097
435368
514249
490111
487815
437984
434315
425778
423080
434432
428750
436482
424582
457675
487247
426921
429899
433023
426122
437150
437179
428446
442374
426857
431538
427400
424900
431331
426551
428858
424652
427607
460527
467994
443943
430045
431603
444710
428523
429010
428289
430552
426178
436089
896181
444445
427417
426338
521657
443552
430252
427283
433460
435843
440749
430179
427828
429823
426364
428584
434630
427904
456333
437167
433350
437019
427242
430993
429686
428957
432641
426615
431200
425752
449222
426676
442204
444045
487165
436517
459920
427811
429867
433061
465938
437194
431486
440562
424541
435196
434070
433714
440323
431287
427688
426574
424655
462347
436319
433662
428549
432542
431343
426370
429290
429436
429660
433259
431894
439880
984742
592244
447653
433577
465439
434359
430593
427417
440496
432950
440134
439976
436313
424148
426653
433988
430220
426565
458777
426504
431244
435834
438031
430821
433892
435394
439130
463096
431883
423774
452422
435721
442193
424722
440600
430433
458439
443118
436222
425518
440052
439877
426799
438824
457561
430798
424066
425440
432915
424871
426393
426148
432133
461883
442855
442578
438066
438171
431746
432302
428455
426534
430185
424859
429931
473608
930930
446868
430232
424375
435986
427759
427376
444305
430217
434242
430448
426921
428018
425865
425352
434225
445299
432562
475560
431171
438261
430427
428082
429371
434764
435960
430459
429115
425935
453457
449225
441399
431019
435517
428986
461851
428654
428327
442662
426548
440892
425938
431690
434379
434510
433924
427534
438136
433003
425994
443176
429998
428584
493521
441067
433108
434598
430456
426627
428155
447618
428438
441443
472004
442896
935885
445445
437553
431877
426265
431182
425656
433679
434029
457395
443173
436607
435385
427379
426991
440720
436228
428441
458150
429890
435948
476583
431874
440732
474236
438320
536629
434435
432886
429456
443383
450599
446518
427682
428289
429272
461743
435202
434726
438608
439973
437903
424699
437885
426542
429086
424815
426277
428260
428543
429062
427443
438162
490009
437389
482247
433379
432486
431848
426913
438947
430287
428928
425069
427502
445667
915387
444675
430372
424264
434146
428292
428292
432093
429972
433402
451471
466836
435835
427035
425793
431334
451844
428849
481650
427808
439332
430602
427330
468974
434032
434601
428861
424608
426799
433563
447767
442446
427814
438777
423964
429161
457803
425755
435246
431885
440434
428867
433277
431606
423127
431340
430293
439282
436931
461569
434292
427149
431101
499774
436182
432224
435155
430999
425956
438092
435368
427965
443689
427887
438451
433064
919173
450159
430264
424894
428642
429380
427297
434064
436908
438632
439323
433216
426664
443167
429170
435292
430885
427006
457780
429946
436809
438955
431722
518572
427822
426416
418600
418651
411981
415091
497892
425028
417948
414543
415892
449781
421635
416357
482708
465954
681963
481051
440764
453597
456524
419997
413893
415478
422728
526099
416970
414945
483541
453505
519194
427110
440928
437709
418594
478175
420724
418171
419687
416464
430872
930459
500414
417146
415744
424081
416443
415847
458354
481041
453645
423700
419267
416071
416312
415079
419985
480667
416738
570759
427691
432418
421051
417262
475654
418564
1066171
425231
421963
421740
488167
434995
431054
426056
426214
416196
419637
483680
441239
443541
431395
443155
446235
437159
432381
453655
416771
415800
423670
416881
417301
418502
449172
426230
468557
428858
435867
437261
431217
424369
432696
429170
429538
440901
425422
434965
434472
971797
431558
417283
417200
415070
419220
445188
449915
442978
424605
425874
424447
421123
414343
474741
418144
417307
413986
445552
413232
425299
444897
444290
421367
422234
427033
416333
414877
421716
479592
420724
427756
453749
417206
415281
416828
477580
419687
421918
419470
431364
444259
431822
419991
476841
427563
415109
414507
421418
414117
416125
471449
419913
453067
438200
420635
422067
422365
462604
526144
421251
416092
420292
447967
428633
419523
939525
421743
415705
426175
415735
416974
422079
474065
422070
415115
439499
437914
417284
414668
502555
435073
428793
426020
445798
423700
418436
418996
495110
416521
424191
417683
415282
431590
426443
472645
425680
419419
429794
415803
413083
446520
413581
497098
419294
443091
423676
421698
413289
420974
475428
416634
431167
444944
423229
415219
415660
414552
558192
482076
438176
428096
423443
437801
421814
479855
421611
425552
421430
421922
425916
903062
523647
418383
414793
412029
415997
416491
423440
486935
424817
458908
444994
417748
415055
414388
419580
491952
416545
444357
414749
429419
421939
434345
485840
434900
430202
417015
416610
417668
415770
417948
492216
421039
413685
416899
413063
446925
413516
475741
424745
429976
416440
422699
419994
413220
417486
483094
413423
419350
416986
436475
418836
416086
527209
431712
425510
424423
424277
414984
417772
432285
461583
421275
416467
422657
428710
878077
479902
418865
428227
415481
417373
419193
416357
422538
488694
419500
418142
415222
469552
584844
608302
542691
465428
449826
426184
420998
418180
442760
459674
426580
421316
417766
413617
426809
414597
489041
439353
436892
418925
413757
416827
448381
414978
493052
419267
420027
424638
414555
420914
414126
474816
422875
442084
434843
416694
414859
414874
424742
506014
424140
423613
422973
413331
413280
415401
480132
435186
423616
419014
420906
418207
884025
524372
416607
412931
419219
418180
422222
421585
492182
433920
427638
414879
432880
415728
416410
422904
478109
416238
449993
424173
418627
423268
422091
479323
429607
486375
436243
418928
416956
414817
452348
441341
431798
427464
425373
461192
428572
427155
472276
425228
494635
425234
443803
431700
420763
449132
416339
412723
419297
414275
414686
412627
423408
518637
426151
428835
421617
412157
415472
414579
454924
416047
420950
435502
420795
864378
421481
475078
424361
466337
432013
424796
482344
427259
477519
430640
419699
416673
414266
414650
416837
449482
523979
449951
421823
428272
422731
416241
414090
458352
426417
425582
427817
438994
426002
438591
426536
450899
431197
426201
440598
663568
454484
457777
462623
427623
428257
417159
422904
416127
416443
487087
426589
418180
420825
417007
415416
423730
525374
425377
431429
428248
414498
415687
416914
420557
485410
417760
424316
417337
424715
885834
481759
451023
415064
417283
416834
422186
419288
425198
553742
423446
419065
415633
414301
415559
420849
488475
424325
446126
422705
416220
460499
423154
423014
447980
429284
428033
427820
428106
426834
466661
465687
422842
446433
413664
418255
445093
416125
454421
451635
423807
420971
412789
421796
413271
416866
477066
413551
423024
413411
415258
416086
423357
486158
475704
427027
423170
412678
411528
415812
416447
473942
420030
419341
433521
450621
875986
448644
468910
414510
417650
422899
416450
423488
418466
475305
423539
416750
415115
412127
415731
420941
425597
471076
453183
414543
420086
415279
414549
422678
493272
420068
418835
442111
451155
440651
428900
461558
442936
425912
466661
462283
433723
428284
437486
451086
430122
430119
457306
429258
417212
427897
446618
417155
419928
419208
416965
421817
417632
450001
489360
425821
440702
482251
466459
541934
517227
495201
504521
620242
507762
1218742
533161
488817
483846
479551
492252
527698
532754
498901
490998
491591
485067
484674
509446
520060
487120
493083
515673
581294
509696
531843
488093
488823
490113
494844
490474
547202
488624
511889
457317
426670
433508
437899
476863
414186
418466
447550
414841
424471
432171
452561
453150
413980
421558
413742
418460
414656
576302
454184
444296
442496
441652
446032
488304
441520
454236
451012
439184
435924
438220
443380
437192
444776
444008
438392
445652
927188
443724
448784
451176
440976
443952
441028
447008
439108
438444
471164
443332
444508
437612
438012
441564
453624
437340
475644
438348
440036
440608
442476
447216
440044
441868
440496
448504
442108
447152
440272
452016
443344
438420
441516
441476
473116
438572
449864
455136
500624
444788
438756
443428
436972
450812
439500
436828
445392
437632
515964
500776
447656
477472
454200
457356
447740
440876
439164
443260
455472
438920
451540
438656
445256
450348
1002184
651996
621552
453100
446492
457984
450556
453364
452256
450068
457668
442048
439688
440804
439008
497084
448624
440728
481300
438872
443336
450236
444224
450824
443364
441956
441020
444220
440480
447812
442108
443796
484656
440536
439368
475676
446220
446380
454964
437780
455148
438896
440016
444772
437012
530516
452084
454904
446776
442608
441632
444664
461656
472900
458592
450920
441620
441828
437756
438204
440756
467072
465020
444948
447860
918488
449492
450196
440676
439940
449168
438836
447572
440228
439736
443072
440612
440712
440004
438420
444676
455444
440188
488472
437688
449788
442592
441708
442684
440856
452436
443352
450112
444640
447100
550416
449648
450276
438400
438436
440964
472772
437396
448840
447060
453916
438580
435408
446148
438796
451180
436612
438640
436488
443080
440168
446380
437676
474036
447956
482604
465532
437980
437196
439624
454300
442392
452600
436952
440160
452556
919804
445292
439892
442956
454220
521712
644672
533604
524072
584548
473524
441540
439584
466104
475064
446768
447240
460576
483832
442080
443864
447524
445268
454248
441304
455052
441708
438556
444852
446388
1094172
469860
451812
443748
440108
444892
482104
451108
458348
440528
456980
440456
438680
445836
439100
479760
461864
440488
446728
438040
440976
445908
454552
476532
453916
451516
440764
440404
439044
439096
440668
444304
469464
438700
441188
441824
947612
475664
440412
437084
446268
439144
444872
438296
459888
438616
443480
438792
517168
438708
438220
455648
447588
453320
476104
439984
441396
440180
443672
437628
438656
440924
450940
443700
447480
435404
558308
454552
441112
449764
439488
474596
441000
446924
459184
448824
446136
437820
438948
443584
446968
437380
438940
436980
444176
437624
448980
436768
438556
477760
451052
453884
440244
436284
438588
451544
442904
446368
443228
436372
452456
913444
448972
475288
443784
453292
447940
447428
449344
451548
445036
441520
442176
439820
439328
438120
441468
447724
442528
479164
439216
447516
447900
444352
451588
441520
447624
462800
448588
445628
456972
597984
473064
460736
444264
472420
441432
475908
447440
452424
445756
453916
452600
441164
442760
441484
442760
448436
439704
438660
445280
444044
446748
450140
476180
449716
454864
445376
440416
439812
441216
445272
442376
457568
439340
441840
445692
929384
467644
441052
439120
446548
440520
445616
438056
439716
440236
445720
473788
443852
439600
436824
453584
439352
446628
468752
437840
442344
441108
446456
440588
466084
448016
451468
439832
449808
438492
453768
447616
443376
437976
448140
446356
474828
456984
443740
445648
446920
439368
436512
444428
448292
441816
440844
442128
456452
436912
446340
437520
440952
476332
473232
501656
444732
441580
439360
453464
443272
446772
446040
440316
452532
442712
929652
443092
438744
439980
447232
447836
452856
448592
447744
440664
443260
440896
439220
444616
439980
448228
440136
458324
612672
450024
460192
447944
449724
440528
441924
440516
440760
441788
444976
437476
442564
442060
444168
437008
440920
510580
444408
452104
444932
446052
445928
437628
470740
460052
450544
449196
437052
477364
449148
440864
445432
451368
441120
481544
455172
453608
440896
437508
437372
439648
439152
444212
444332
437528
446804
922116
457592
438004
443756
454788
441964
443992
437396
440052
438924
442380
457664
441252
437768
436884
451940
444776
447496
473352
439760
444760
441768
443464
436996
495200
440956
451964
451964
456836
450820
458552
439948
445632
438404
439296
441936
469792
444660
439508
450496
444840
459388
439120
440984
448240
439684
436452
442732
440048
440756
446124
435860
449524
486668
446812
444764
442396
437164
436432
449372
442208
448872
442588
448784
449000
444848
927264
444620
438520
441516
481540
449140
447876
445048
445700
441932
442352
440284
447096
439812
438880
445568
450772
447284
470628
439760
449552
448528
448092
441512
440724
441624
440824
438372
452160
436804
440564
442096
444568
438992
465508
440720
479520
456276
444984
445296
445340
437300
443848
493280
443788
441868
436464
437700
442896
437584
447788
447160
450336
477740
455308
441712
439632
438036
436580
439384
439124
473052
589804
581068
501212
449188
946780
444184
564689
539796
544216
521808
444616
439064
442964
439468
445388
438804
448176
442444
452572
447972
448064
438940
475800
440124
443400
448272
441588
440200
442404
452196
478188
455260
441088
450140
444072
442180
444656
438788
438012
473456
447016
440536
453188
439416
448080
448496
438304
455240
445476
443332
437184
436984
456664
448160
438696
438520
449072
477596
447608
444580
457244
441160
448144
440292
448692
439336
445676
445176
445560
918496
444844
450692
443376
446912
449332
449044
448296
448924
440544
441676
440728
451600
441528
437752
442824
446348
447720
478440
442152
466052
448112
449752
439500
441064
443120
436992
440816
448444
438272
441524
437436
446264
436828
437324
440752
478944
476700
441012
453052
447148
438960
485880
445832
436592
439068
449080
435832
439884
455380
478068
456536
442856
500284
452032
445796
443332
438008
436728
443052
443948
455724
445920
439908
440440
445728
933992
444144
438808
446704
439212
447420
438756
437280
455532
440884
471704
487624
619092
486968
459364
454136
450676
442140
472328
443312
456204
451780
441336
445044
442032
452680
444336
451028
450436
474764
448884
443724
445164
439648
440072
442720
479972
445672
453960
439408
446964
441168
454624
470228
440496
440692
440084
439616
444012
446196
440692
437068
447104
480236
450364
442084
451924
438372
461740
558000
459476
444692
447828
445316
443812
450676
933432
442624
439400
446784
445984
482568
451380
449764
441316
439592
444532
442136
440988
440980
440280
446712
451264
439596
494456
453008
450460
452656
441028
440448
441800
442296
441100
463784
439920
440804
439664
443248
444708
439300
439376
495336
450956
443424
450264
442624
447932
449488
437360
445212
440068
441080
440896
436588
445664
449872
451112
438832
448624
479416
447976
442580
438724
441268
439912
441224
448980
437924
443444
458656
444760
938288
448008
439972
484120
442216
447620
442408
440240
442084
438272
441620
449096
442316
438436
451192
442308
467164
440596
469652
439940
446784
450824
438116
439732
443504
451236
440376
448004
463544
620632
557788
451168
454432
441768
440448
455876
482160
438952
450468
452188
449300
439664
437212
456336
437368
442484
437496
439492
442276
452144
443176
439168
442580
480696
442092
448580
441940
437964
487856
441948
486152
442716
442504
446044
445508
449504
929680
451172
440040
446684
445768
463656
451312
444264
440736
440820
442140
445088
440632
437448
437560
443176
498348
445364
472260
447052
560300
475492
442500
439244
441256
441692
442812
447640
445256
437724
439928
444280
445004
439888
440704
470468
505156
444288
450768
441516
450380
438412
448724
447552
439116
442088
565776
444664
450384
448332
471464
445504
449324
481424
448384
443080
440552
461360
435808
440432
448116
439552
444532
439564
442528
452460
929740
447092
444596
438708
446448
447668
439748
439368
439428
439360
441720
438348
436244
486744
441756
454316
442380
438908
472020
447896
451440
441636
440648
436988
452020
440060
447464
441464
449152
437352
440772
443072
445500
438132
439716
481936
1065308
453832
443836
452636
447196
437432
493748
494104
444532
447456
439992
437820
454220
450016
443116
446756
447684
473536
449376
442756
440332
449840
437736
447728
442460
446576
449292
436384
445812
918424
449428
438108
445480
443168
450172
478040
446264
436712
438060
438764
445244
441380
438076
437636
444412
453596
438600
467784
445448
449988
462696
438516
438468
447528
441204
437520
448460
442640
437720
436516
446148
443600
436060
435504
442920
498332
436916
446348
445136
444236
436544
435668
443128
438728
438620
435296
434720
438116
445960
452552
435940
442968
490100
442820
444684
444840
447688
436940
436608
455880
439312
443888
433288
439844
451588
924500
452832
547792
440972
444880
439484
437396
442276
481724
439788
444016
440344
443392
452720
437652
478368
442056
439916
467736
442720
446184
440836
464096
438824
451692
441836
447472
437476
467836
501112
443408
440784
440736
562320
439980
452208
502552
448076
444700
439568
448312
438500
447488
462880
439788
439336
438984
435512
453212
437952
440192
447116
446696
473692
447512
442212
441180
447744
486116
544500
616432
602976
474248
446592
491240
447532
939952
445844
446848
447764
488092
452148
446996
439072
441912
439696
445056
467540
443164
438788
439684
452888
441116
438068
492324
447904
467748
444384
442148
440144
439296
442680
453740
443472
440636
437740
442516
444188
443156
471124
461400
497728
439828
449172
445220
438532
483832
439176
440192
448308
439736
439092
437504
466472
454128
449820
450856
448736
451040
471408
475288
444108
440340
438448
436936
464576
442636
461608
443528
439736
456620
913764
446540
447172
448012
449780
443932
439184
452048
441372
440360
483012
442872
442448
450568
456256
452976
446644
473380
468200
442996
451744
442108
440188
443452
539712
445128
445848
440388
452560
441928
442192
464732
446660
438796
438908
448480
476000
445956
466180
444876
446460
439208
452028
455476
458232
446224
440688
439372
451848
444096
441644
447220
445600
496732
443492
517948
445444
450196
438420
446460
474788
442940
450044
442176
441516
447196
923536
482708
448452
444952
449656
451360
471944
488020
472720
439708
443808
471008
446364
438160
451996
475020
600148
569236
590180
453780
456136
467392
440000
440284
442284
441644
449560
443732
465084
439428
445972
446312
442352
436972
445664
471140
479632
450756
444976
439292
447684
438796
436320
479484
441176
442628
437748
437476
451536
454900
494516
445756
448940
475368
447724
446400
440472
469616
460384
449764
438732
435828
443192
439304
477128
465144
925700
448660
438048
443716
474496
441008
441152
441336
440788
440108
444160
440708
488828
439940
446620
446100
444248
438708
485080
475280
447104
452772
438836
446412
438388
450024
473468
454768
473196
442536
441804
443356
444288
467580
445772
492884
447208
440060
442412
437208
471652
451516
437092
443860
437148
439736
438384
445840
447100
438532
447696
442164
444728
470740
446156
484588
451184
449356
453572
442240
447796
446084
475468
437848
445732
938548
457240
447824
476376
450948
450284
450932
440584
440368
441008
467948
441492
440432
437080
438388
450028
444840
452824
477428
448864
491164
606972
574248
452960
490968
448220
472620
460900
444864
460552
441120
465316
450356
440232
442872
453908
478684
445296
468376
454964
468372
442456
437840
446632
438376
469440
438412
439852
450148
453308
457656
450932
474052
477028
441040
444132
444148
438464
436480
460388
499792
439720
444112
438048
452280
444376
941984
454160
441584
443764
511184
445524
460636
449140
441300
443032
441304
441812
451896
459312
488780
446344
441784
441880
469152
446040
443552
474000
440636
447836
440828
449336
441324
449644
469428
439404
440288
443972
458172
439940
461500
468180
495272
443236
444056
440260
448732
451492
452944
460396
440400
440948
438020
450512
448908
440740
447932
445552
444028
474632
448844
446540
451720
460620
446656
441904
447604
446852
443064
438964
479824
444040
921860
450280
588260
457372
477752
484768
442604
451360
443116
439004
442736
466324
441424
437288
449996
447272
442644
443616
515332
450172
440972
443888
440284
440864
441456
473924
441716
445408
439852
437828
441548
444544
460908
449012
484152
500436
451832
441252
445192
458004
450128
436984
473184
471144
441580
442304
443952
447228
457688
440640
448288
445420
444392
474292
490100
445192
441028
439592
445188
440720
441460
467900
445168
450252
448336
929796
454352
464756
447096
439100
440540
438280
438192
442688
451132
444248
440956
451516
439960
446656
454700
447356
442788
472508
449888
447868
442384
446492
451268
473656
452412
528012
454712
441748
447916
443208
464560
448372
439680
443040
440920
479272
439044
467892
446412
446324
451152
436544
446384
437588
467392
439316
444372
438120
442296
445324
482848
629104
698716
678904
674184
534080
467672
460032
445396
451824
484480
543268
452300
452224
452324
946544
456608
449800
483352
509504
508372
506196
517676
498420
450468
473168
451544
444588
440912
446988
444528
442264
446168
498596
452660
446288
442600
452092
440876
445952
450328
443588
441508
464956
440652
441376
440972
442944
443772
447552
441424
481588
442952
444584
438504
452784
437384
438828
444928
438064
443080
454264
583500
682796
473584
461104
567068
450096
481568
451252
456556
448108
440876
446700
457176
444260
441528
446812
448488
445040
446032
954948
452408
446076
438184
439952
439428
440348
439120
440344
437264
460264
451880
438856
449384
440644
443772
440872
439180
479512
436248
439372
438748
446444
444096
447176
441648
452436
443548
437520
448244
441896
443776
441204
443932
436168
483628
441792
440320
612012
663240
619292
452892
446664
451356
484780
442484
448040
440332
447596
447820
446368
436296
443076
474628
450096
453000
441996
445124
452316
440252
449408
436016
442120
454148
565704
928120
465884
485716
452580
447384
449188
437956
438024
512504
440684
441944
439672
438080
436656
446836
440236
446448
445312
475524
451724
445476
442060
439352
436484
439412
449052
437944
442468
442840
440960
443720
438772
463104
447396
449568
446368
477856
459916
440056
475048
486148
442496
1094836
462308
439084
441248
436912
446596
452936
444084
448536
443528
437512
475632
439436
447328
439880
437172
443284
464732
449076
470192
448388
449268
437916
447524
941700
443264
444208
463732
469496
446428
440060
440824
449772
434288
479868
452696
438516
446712
435908
444912
439720
444144
477520
440752
440548
439028
445168
436488
454208
441300
450140
439580
440460
436748
441088
446328
442536
442244
436264
447260
469740
439816
442072
439996
456080
438736
436272
447028
446880
436876
442536
435012
445032
442220
460540
437740
442252
470260
462344
455004
440424
443840
437432
437156
449056
442160
442684
435336
437940
439080
932392
450208
449596
444656
444008
441512
438724
436996
437360
437652
440896
437832
439064
457360
443132
459464
453752
461640
482536
439640
442988
437704
440748
439012
446700
441256
441416
440044
436916
437572
441080
441000
447920
447912
438432
480180
438028
443672
444948
437656
447136
439020
436276
441520
437024
446856
442884
490840
445372
445364
444704
434608
453536
470480
448980
440396
437208
444424
459972
444916
440924
509112
455612
438048
444608
918116
452116
446800
437308
440396
439700
438788
437356
439944
463948
585356
618820
452864
446492
436836
449004
443744
438168
474836
440240
445172
438576
481288
457156
447296
439536
484040
447064
441672
436728
440160
440496
459064
443412
437844
445892
470452
435388
440476
443160
474228
440368
436560
439060
442048
437972
443240
436868
438708
445008
447360
438676
435436
473036
441372
455308
440156
447392
436632
436236
470548
440800
442420
437644
438992
447644
972068
453752
448488
482948
448132
439296
438456
436960
443848
439056
441104
440088
439108
446280
439148
444252
447304
443384
478928
439000
441192
440936
437472
438828
447372
440496
440188
437152
449572
435808
479908
453876
449228
464404
439912
448424
471832
439764
444372
437212
446684
436828
438944
444492
437572
438824
445432
448588
432172
444672
446020
437924
441740
471652
446188
444008
439288
455732
437484
442732
439680
437576
453636
465728
443448
449992
921544
461920
459508
437296
439712
440512
437988
438048
440644
445004
456492
436456
451908
435652
438496
445924
441880
442648
469624
438704
441528
448176
436188
446272
439032
462348
445332
452724
440760
437192
440076
441360
448096
436124
454396
497104
437844
451292
444404
458272
453260
441040
436536
442808
439788
445924
435272
439240
463392
471516
439472
437432
439868
472128
455328
440596
457696
437696
435804
447344
442852
438284
442740
443788
443828
927364
451640
447900
450016
442740
437444
438476
436536
437756
447120
440616
440112
437096
450248
456756
485348
459772
446236
482832
441776
466056
443076
440052
439392
452884
439644
443812
440868
441612
436280
441704
437740
449632
446640
436272
445748
469780
437280
439616
443852
444632
438488
435780
441744
438812
439140
453828
451652
446520
482988
458200
446172
437840
475344
441164
452244
444528
445604
436884
437144
443308
439376
451728
437416
439120
451568
928216
449352
437396
440396
439128
442528
439808
436468
438456
437928
452824
437972
448384
436692
451816
448968
492448
529932
553756
532996
627842
746116
718856
697060
773815
757716
711556
814730
784364
504448
482528
483516
496304
469504
478636
466244
713476
654448
574614
591570
512532
482888
472272
483692
469728
487700
471916
470676
486836
480792
473800
475676
475992
531176
487212
477880
482808
473952
466472
497304
451768
442128
453020
485244
478438
449135
1057843
457284
441531
440755
432836
434210
430025
430780
494397
442808
447208
445916
452468
439120
441632
454216
451752
454784
483868
447920
443608
445388
441712
473680
461164
467288
465324
448576
441304
441068
442232
449952
574284
446772
451660
478400
438668
439840
446380
454904
453112
444024
437848
445824
439528
447816
451632
474544
456972
450148
442220
440588
445080
474884
450496
462168
510106
496052
442608
443240
535601
628228
648748
785580
504252
963268
474120
446884
449744
444524
444944
441704
444284
445344
441912
455404
442632
449388
442624
440608
446432
448652
484480
475936
439012
448180
454408
441764
448420
443008
457496
440352
439924
445264
448380
446916
456984
457880
439560
445864
443076
493368
446724
443160
457796
449112
438928
441800
446116
468208
451612
440148
511606
452096
450344
446192
441272
440732
482288
455664
450852
451932
439404
442348
448572
444964
445168
447112
439316
441564
456400
949312
463164
460596
448480
441372
446204
441912
439480
439136
440688
458032
445764
453788
444228
440400
448192
448180
450828
475628
458972
448620
443908
441020
446860
440756
443696
442000
462288
446980
441384
445112
449024
454964
437688
449696
444248
475316
442332
446156
459460
483452
444152
442192
445264
440332
448612
450076
441536
454304
448584
442856
440348
443324
475364
448000
446744
451612
440384
439532
440520
441648
449948
457276
447300
465216
445516
938520
445372
450504
464116
452888
452380
449916
449580
452444
472196
505780
482748
473148
464220
463276
469084
483424
479680
505164
464848
478876
471292
471756
466028
481812
467856
467648
469680
464792
463400
467060
493552
470276
472680
464524
500148
465208
469024
482072
466248
470560
470460
461908
471516
487560
519412
493360
468492
478052
470560
457168
442200
441192
486004
447180
452448
440384
438284
477832
593764
643758
499853
447029
432063
451372
935438
438015
432001
430905
418365
431036
422847
419202
419112
418457
422127
447860
454589
447264
442933
449338
452933
466075
469819
446115
450168
442081
442653
462155
444041
445971
441730
446731
446528
438820
442766
449167
457371
440071
448226
442686
477975
439448
444122
445036
447523
458631
447085
447041
439305
449054
451390
441822
446284
476742
444333
437166
438816
514455
453502
448182
451771
439874
439644
442200
447523
448762
444161
441256
448116
446406
913199
447434
442174
442394
441414
555374
440041
437959
441560
448364
445686
450937
442376
440035
437151
444396
486351
459814
473081
446597
452587
443997
446141
439231
476658
453308
442537
441396
441718
443076
441265
451271
456468
456921
449242
442927
477656
441679
452578
440559
446332
437142
437875
447396
446823
439133
453264
447854
1022176
469700
442546
439171
445051
484486
450299
448691
438039
436654
443916
447276
451756
449811
443419
441220
451128
448906
1005149
451461
446880
437917
438492
441363
449972
581437
692795
499949
494360
440755
430240
450389
436325
442283
439936
427187
459530
429514
433329
431358
433965
429928
428240
431868
432979
432107
501019
482157
488909
444045
443193
434633
429616
464281
428106
464415
435939
428438
439159
432090
428922
434067
431690
439915
428394
434047
439696
441706
435785
425463
430340
457634
433163
439530
428403
427758
430016
427686
439229
425410
432060
431935
451818
911266
432358
457873
461014
425819
428071
450511
428152
425463
435342
430343
435922
426860
429246
428738
428292
438926
426790
464091
426930
441397
459932
453052
428794
443418
428152
426268
430777
432229
427855
428928
434837
448542
436593
428074
429106
513394
497015
443208
434026
445562
426965
427630
435686
437249
428590
424999
432215
432156
428499
433682
427501
427038
475510
433531
441187
430987
427878
445915
428791
428890
430739
432364
472465
439565
443412
918791
445953
436797
428531
426527
444990
432095
424749
428371
426618
452731
436835
428138
462543
424000
425525
429580
415595
446451
418987
479618
418043
421951
419533
419452
418701
421171
463423
580192
469178
443946
444031
433618
434706
429788
430865
459486
431095
433959
426376
436374
436251
429940
433072
433414
438492
446524
472873
441379
461145
430987
427753
429800
465304
436765
439831
434184
444561
444687
416551
426869
421224
424757
420849
453558
429225
885694
419163
416661
415309
421829
418922
418213
415002
428144
418198
428921
417670
421072
417611
415779
428710
419836
426339
446996
447106
454651
497128
419425
432123
420221
422005
431396
433288
420465
416172
426089
421927
426223
417120
426014
449692
416712
426908
422309
415225
422687
416241
416720
433321
412964
417784
421638
418314
421034
417361
444741
417141
429985
463335
444598
425648
418016
422681
424054
421365
422523
414415
421477
420268
430265
899748
433509
421153
413664
414859
416899
418034
418826
418034
417349
418210
423727
416503
417376
423130
427715
433237
412795
472354
419589
424415
434319
425016
413989
417590
416122
433547
417262
420724
418037
423944
425025
425123
422419
414802
416381
446719
449647
420098
422025
421659
414981
418844
419097
437494
430962
415050
419896
423729
415803
452936
453565
663020
560330
425022
434143
422824
416274
417212
483751
430363
416855
434652
420724
421686
429124
475591
884946
416309
414260
438700
421341
448271
508643
425153
418168
423560
417667
417706
431623
446551
422186
419225
419440
448447
427214
414734
427482
473804
429815
415061
416450
418272
417146
417099
471494
423682
419053
426907
429368
440696
417111
451976
492708
417876
422011
418522
422023
413259
429255
486931
414490
422868
452882
416515
419348
415958
416813
463279
462210
426160
420479
418740
426011
415064
473523
419309
419062
419047
420155
420482
432877
927362
494486
416208
426440
414775
419330
415973
414525
460179
419818
427622
420146
414519
421588
422732
460460
528772
433526
457529
425954
432487
433711
424891
485635
430122
426568
425645
427575
428367
464564
491525
480281
445591
429503
425323
428598
462041
427461
427919
439093
447904
428692
425449
440003
438407
452168
421072
418189
415797
420256
415025
412857
475567
448500
424840
422201
419705
413492
420027
457002
420810
417105
428799
438256
425493
421749
936776
492648
416512
428579
415380
474899
432478
438162
434370
438398
441901
427067
428243
429850
430812
445824
430713
428219
467935
427548
438430
431031
437984
430795
432933
432524
467466
430258
429754
432851
435137
443893
433557
446154
426924
430240
468790
432869
436199
428400
438687
426455
432865
432122
425142
442785
435088
437054
432131
424614
427691
437520
432445
467868
435266
431801
433408
425183
425965
430089
461752
429123
440519
433898
459568
440466
926543
459608
430634
424404
427140
428249
453008
426286
433038
435266
430908
426974
434446
432017
437719
434248
459124
428350
469391
428785
437249
428692
426977
430873
429911
431282
429249
432486
449983
441224
435228
444092
435053
426947
427423
461802
433644
435566
436657
427910
435105
426236
432460
446950
426113
436427
434954
428913
433405
430468
429850
425994
428187
493290
447831
430952
427551
425591
435636
462677
431267
433703
430526
432504
433702
891363
450817
429430
425445
423036
429777
425956
441551
428231
435651
433709
428493
457517
428604
430459
430815
434193
427720
469149
426043
438413
427312
436526
438559
457698
492692
669649
438775
430390
430238
431727
430229
425648
416137
417281
423807
460278
415130
420357
420575
424364
415993
421379
419407
415731
422047
450738
423506
421245
419825
417331
425978
416741
465795
437470
425481
429112
413778
421713
423089
421799
479164
450007
422541
427304
429404
891446
446323
417322
416404
415103
417042
414090
413962
415201
446945
418231
415967
422761
422669
426482
424787
418690
418466
472899
423110
427789
418138
417766
446525
440604
421633
418007
415621
425097
427217
417122
428194
433005
430744
417224
418615
448048
420119
421090
448256
423702
414513
422454
431489
417346
424340
419512
417662
422717
416229
431015
414873
417984
452706
448912
422252
419226
413783
422857
439621
457115
425862
459879
425451
419583
421811
881431
424265
426634
426759
418493
422788
449686
415163
424739
416160
446031
420679
416786
421543
431781
422624
416446
424203
448078
423730
417682
428085
417662
414072
417251
443788
418317
423494
420867
413700
425639
420739
419663
435904
416464
473510
420381
418281
420006
415705
491704
453665
419085
422482
417385
423199
448703
484858
430122
416899
429297
415869
426276
447869
425189
457374
420101
415344
416265
419282
420277
422463
427280
452918
435966
874571
424072
417069
414195
462532
482589
503892
483793
430920
436456
457053
471027
446384
435377
436995
431189
434729
426697
467224
434525
441012
431582
427758
426554
429392
448254
471753
432428
437147
438121
428700
432058
434890
451290
425944
429654
461110
428566
429135
431751
434210
450432
437488
443806
429511
437071
431360
438556
462945
432585
431118
427595
425971
1103623
489338
438413
446994
428196
438704
432338
430719
463225
434490
433589
429293
435426
906474
437412
431491
468536
430756
430057
442759
427435
435843
448942
432358
430518
428254
431996
433942
436829
456791
438428
457622
447277
428406
438655
426487
430258
432661
453390
431480
430882
435631
426329
438588
472698
432944
425311
449321
444034
458243
428674
459859
426638
436018
435855
425317
431515
432933
434105
428674
426729
432792
425670
439425
426816
435566
611094
443482
474723
431987
427545
424716
429572
437873
433361
438328
437832
454034
438515
1030785
491289
425788
418687
417983
422133
416550
417611
483571
415550
422630
423753
421075
426553
415249
461661
459489
415356
445638
422401
419896
418802
416020
473494
427116
424662
429523
426119
466912
418201
454443
457640
420718
418392
414754
449340
418198
421918
480307
414200
422231
424587
426413
421013
421019
421495
460129
416554
419946
415913
416422
414129
426097
506763
422490
421796
418951
422505
414883
433780
423834
493718
458005
415517
422928
881041
425525
476149
414120
414299
417215
427304
416792
425541
415877
457180
419145
418034
420384
417111
421555
421978
489201
445558
423476
419976
431983
455915
416932
463380
461063
416988
416789
424280
417673
424185
414328
482698
416098
423738
427149
471976
456409
447252
448024
446870
423506
415327
417537
418838
423551
412428
474651
417206
423345
425376
414257
420205
450312
444941
501686
424379
414537
414013
416107
419735
425671
486249
424480
425031
427962
883073
421871
444833
451605
415210
430095
414978
416804
423327
412687
477233
423086
422866
426705
414224
419744
418981
417271
501035
438140
417215
451641
478305
418868
417194
477261
416455
420390
426941
415511
424662
418663
444792
457981
417018
418839
447815
418046
420110
414609
480843
433267
425153
422845
422076
421713
414659
413760
508628
422520
435689
418368
426092
444440
423771
479363
414185
422100
414588
423205
424671
413095
425838
454786
422371
420417
873419
418547
414874
472229
415484
427501
415383
422329
415553
416482
419190
473719
434599
414582
448280
426404
426157
413432
515063
418809
428263
446267
422282
418109
417349
444605
454482
425403
414293
420709
417024
419717
418451
473473
425180
448018
417379
421263
422088
414263
431569
486792
415979
425838
418767
415818
454816
416485
492475
425788
415937
420992
416288
448637
428782
448907
470509
423792
415368
417733
446621
428260
430455
520738
432606
875745
423250
416137
416479
462001
459873
415636
415088
423366
414508
430324
426705
481042
426401
415594
419139
419550
425612
446755
422821
473490
417498
417349
415180
419085
418240
415609
480789
428096
414183
424820
413408
424039
415532
447225
489584
448837
415243
417090
419097
419622
420789
489183
528201
647189
609311
431882
422576
448849
451964
420090
416815
425028
450618
417057
425499
493088
425841
416110
415538
427876
414877
426166
444210
417418
422329
882096
426184
415940
415949
494843
438245
417801
423041
416363
414868
419443
477624
422511
423598
417072
441876
426866
416691
453293
491620
428293
420292
416762
421912
419821
417626
476639
434372
419744
422041
420337
419124
419586
421042
490154
418966
460788
419517
421698
416172
431915
476738
413548
427542
445689
420801
415886
413765
422660
465044
418132
421710
436353
448998
430357
419732
479504
416283
415845
418537
425868
420399
432579
450560
476602
417769
902708
425478
417459
421328
477622
419616
415922
422487
415979
417611
425368
421138
466346
415165
415750
459147
482068
545504
477942
544982
718063
654074
557623
563952
562794
568560
570608
616006
431871
434875
432250
433128
433011
426075
442674
465462
429406
430494
436745
428429
443657
439084
428744
440174
433735
428543
457902
461455
437506
428834
442073
463575
433151
463351
438736
433221
439819
467039
451854
662316
519075
431998
422967
418451
430554
984393
466907
416759
415961
416137
429032
427566
424134
476703
414978
421150
445048
453997
442198
415961
419181
469075
415577
455179
422174
430420
451268
420378
478517
419217
417364
416607
425168
428224
429431
448303
459684
428373
452607
424817
417516
448336
415833
480471
421016
429574
416625
426053
426205
420834
446357
459352
417635
418365
430607
416270
424150
425663
515971
429350
424248
418299
416705
413759
418311
426297
493275
431691
430568
423616
423848
879402
482573
417817
417700
415061
478445
417626
423399
445688
442602
424244
423164
429541
427384
417396
422225
493491
431951
455798
417483
419759
420846
418886
446662
420101
417417
424027
425466
421888
424018
418642
482434
419181
414388
416121
416345
447318
417385
452074
430533
435876
431712
418192
430524
486268
447858
511035
450690
425847
426059
416485
423703
420858
480204
437150
432827
438425
426227
424824
434379
431512
438019
432766
427090
436135
430981
904187
456133
413879
416196
426455
442251
423723
415061
513871
422892
422046
437762
483494
420885
415633
430658
478845
422657
447497
425970
432660
417679
417313
474767
416530
417513
424003
419428
485925
415276
444809
458584
421066
424692
416998
449034
415946
417650
480719
433211
429329
415541
439502
431271
416122
446842
458725
415073
432055
417846
433857
420887
421543
529602
488490
421972
417897
434971
415657
423878
454554
455059
429005
422020
422401
876275
425689
475472
413905
417015
418463
416086
455512
420009
475598
425022
423366
427691
416083
414341
420504
423417
491137
465797
429891
432066
429800
427525
430208
428586
430240
431317
440055
445381
433671
428916
428316
453023
417221
414436
418496
448941
414862
429460
484168
425615
427655
419836
425219
421415
418933
442846
443063
415716
418722
420215
422499
414790
451280
478087
430422
427346
413378
415312
421320
419020
484568
434804
421552
419157
445614
949804
451171
540540
418320
425829
418725
426264
415806
418737
504888
422386
425600
417021
415728
415663
429058
450809
462852
459851
444404
430774
431004
428175
431276
429998
430532
435753
434397
439273
426387
430934
432746
450601
462029
575484
653538
561692
424879
508197
447505
424566
417897
419663
426384
414835
475985
414540
416896
433342
417403
425585
416417
418338
518503
422708
422041
418779
415374
413006
1090531
431095
442144
429514
424477
420933
421459
993583
427655
419455
421671
421635
421099
469161
452833
419732
420152
426294
427354
414436
413745
476450
424090
417075
420760
447356
418517
419252
446368
443118
417069
415490
525902
430166
419499
422660
451698
461755
452016
430290
424976
440008
461049
429674
429167
432241
432142
495451
474573
452031
472070
421832
423702
422309
420209
426958
418165
452785
457417
421540
447458
423119
463867
419824
416354
481356
418025
432523
416411
417263
552081
685699
1022499
456263
435099
431730
434778
425231
485684
421504
421445
419011
421031
427164
417790
506113
491123
440043
431856
435047
511128
453667
436721
429607
428032
426335
427507
428158
434064
446743
442662
426551
429292
426478
434304
437547
426198
431057
458730
428951
427636
440093
433764
428671
433419
438232
428663
451867
426198
426837
438008
479920
493672
462618
440702
477519
431845
438745
436692
427210
426714
433545
440058
441429
440241
434571
435138
433883
917875
433941
426020
426151
425142
427193
434747
426102
426851
433685
435353
445547
434449
478806
428852
429211
431203
433671
458599
426641
433250
440551
427767
428423
430529
433420
438512
431060
440915
427420
444862
429473
431101
425297
425656
429255
456423
429045
431489
432518
448671
425524
432095
437392
464272
432122
426574
424329
432215
426315
434671
424177
429646
457587
433388
438419
434201
423961
499307
429579
434884
426568
432927
427067
429966
428703
900996
438649
427333
435458
427286
433656
427884
436135
434099
429884
438048
433839
427467
425906
435551
433256
436319
424754
470278
429395
429698
440822
425063
428595
428094
434143
433490
436611
440352
425023
430121
428695
442123
424891
425886
458798
426384
449627
456406
429817
436888
430882
429561
430162
422062
427569
424177
438716
433110
432629
424687
425078
436039
458241
435721
429826
432069
439845
432477
436494
439933
433227
437392
427073
440218
903143
435980
426178
439466
456006
603170
481936
434601
429394
435601
439241
446985
428094
427659
427872
432705
436222
435018
457138
425670
435383
429838
426589
428406
427718
434475
436202
428484
436450
425448
425276
427595
434248
430019
442896
428286
480547
426358
427916
439346
442709
429377
430179
438769
425728
428814
425556
425317
435470
442963
439247
423952
424722
464809
428024
446647
430920
425568
433399
426192
436651
454125
433008
426268
426635
465194
903575
434371
425028
451512
425822
437448
427747
438223
427545
426259
436613
427391
425203
425658
433428
429237
435782
424684
473124
426154
429438
426647
427172
425626
428432
434009
427837
431136
429780
439437
433443
431675
439965
425338
426218
427408
456030
426463
437135
424824
433239
433732
430833
430812
454997
428085
424780
436179
430404
434878
426676
521340
441076
459827
432399
428949
429106
425052
429782
452454
447948
439031
444625
424862
429645
430628
901049
435307
427006
428482
426183
435724
427916
424702
433568
430643
449995
427324
424888
424442
437465
433466
434047
424180
457467
436707
431217
428505
426790
443558
440580
449059
427441
434826
427674
423661
427788
431941
430462
425933
427385
460967
428275
429453
437223
436464
435502
430556
431328
432437
425326
428376
424611
424734
431258
432498
426755
435380
430503
459326
460078
433347
428499
432498
424830
435141
426472
425892
435648
454405
436765
885797
444392
507544
523075
526438
455394
429514
428966
426874
424544
437205
427376
425568
426300
436357
429502
438279
429418
465978
464890
433799
429491
437030
426472
429380
435000
425288
434507
430955
426702
426169
429357
443821
426533
424769
429097
459497
425548
434102
430617
434531
432614
433245
430684
428181
427426
424214
444739
425270
434443
459512
425334
429695
459305
425626
434382
427344
426974
430815
440664
438973
435514
437124
423223
424401
433481
895545
434198
426157
426259
426306
442120
425215
424605
432646
431623
438249
436497
427364
428683
449963
433043
434677
433093
474609
426440
429141
426364
424617
426851
436225
440670
428193
433128
432428
435094
425956
429412
430144
423348
425492
427429
458342
425696
437955
434898
430949
430229
431952
429765
424366
505231
597777
483315
441936
436590
428237
424436
429786
457543
446270
429570
428382
432084
425620
436292
428044
426076
431025
426778
429529
431162
912019
436870
437588
426169
431486
427318
427166
425387
465156
432241
432130
428158
424999
434575
428400
439965
427093
440586
455408
425480
430392
425594
448770
453909
445384
434426
438871
434394
430153
427913
437375
441053
430704
425136
424413
464033
427084
448070
431025
441257
442689
433609
427111
429724
427510
425577
440635
426808
440236
426629
428190
431547
430156
461860
436042
434064
430354
434776
431550
438086
439827
433991
430086
425457
433049
888948
440289
426828
426950
441126
437378
425545
427029
443155
432612
440682
428928
428616
426615
424708
462373
634203
684486
902329
910671
819399
939408
782150
437421
451952
466646
430526
440810
471191
428633
434589
429669
471637
429461
561703
814240
1113916
524390
442333
445725
435018
433997
432408
431413
453285
444398
425676
425932
424247
438900
477975
433253
425469
464505
437095
434050
522410
447495
426892
436059
434723
426370
436465
426034
429576
434697
1006582
439084
439586
427901
432305
428978
454344
427079
429322
437605
430538
428750
427201
435490
430007
451730
429593
437127
459040
448038
437214
471838
429776
429152
437766
430549
438308
428315
547572
432863
430742
443500
433638
426169
427423
429788
460687
450587
433886
425291
438229
433557
424623
433405
425186
426373
436374
424279
440382
427572
471931
437468
439361
458483
434347
430541
424276
433828
431171
439620
436666
429526
432804
423045
458045
438217
905794
434353
428487
426694
435021
427607
426533
430935
435549
436695
431614
427960
425652
428152
445092
438839
428549
428336
458092
427822
452728
531846
435869
431865
439145
427785
434356
427995
425229
424156
426542
429660
432002
425723
427729
460028
426968
434224
447659
424655
441703
433052
424760
433303
427466
459591
426487
428992
442167
427015
459988
428802
432988
471954
435528
430445
434397
455108
432886
440064
428379
615125
441461
429546
1095028
946543
443683
444034
430587
476700
432728
427210
465573
444392
576520
590465
465357
442038
441907
430328
439807
435295
440688
468055
431045
456846
431970
428884
429275
435482
428251
435610
427817
429765
425883
429546
459086
435368
425909
424541
429535
459929
451235
429080
433600
437678
431101
426627
430943
425008
426335
434405
425807
433215
430445
426539
432078
430515
463082
426811
433382
434365
433702
430486
437532
435313
438305
430582
426492
426507
431299
915650
460495
427575
425635
433650
427861
425877
430742
432536
438824
433519
427082
425825
425221
426606
433884
428344
425924
475767
458033
430479
428779
427248
431570
436788
428493
435064
424498
569217
435692
430188
629968
454262
431693
430990
429605
461507
439002
458561
431109
443409
467533
426708
433869
425273
428339
427084
423036
439813
473644
429138
424961
429695
468122
435639
431077
435881
426189
430856
429237
429995
428980
449989
425472
433676
430424
940966
441875
428306
433857
428146
428076
426871
426554
445932
427604
429464
427709
435928
427677
435082
434204
437777
428767
460685
429928
452842
430996
427356
434055
431404
439390
450368
430599
463627
586973
453078
434260
433000
427750
432273
461224
436217
430031
432699
433245
440210
428339
428765
428496
427668
463642
425632
431028
431778
426548
436115
425233
431894
460384
434012
431183
452337
437042
438611
440049
439017
425104
431413
424162
434411
892068
435161
425874
428070
433498
428797
427081
432510
433431
435671
434455
428945
427685
423013
426857
438591
447105
437614
460632
426641
460518
526782
513782
518143
513126
507139
477228
597555
503198
466022
461539
454580
462787
447959
443027
446784
482743
447478
453927
446795
453413
446317
437946
445063
440420
441006
436188
435697
445421
441572
495746
440137
435528
498382
443540
449417
618660
616289
598821
588928
607880
439720
608545
544037
578731
616601
1711969
777631
701149
598512
591748
442117
732510
480016
522544
519464
495024
488732
499500
479560
481620
477776
481728
469808
504720
467416
470840
469756
464812
474032
482596
479544
476000
468004
469576
465912
480560
473136
467588
485224
469096
465244
588644
478152
477936
484084
483056
467744
502272
472376
464672
477500
468300
473620
472876
467712
474624
464720
469072
501004
474428
469192
474796
471616
504484
476972
491564
516460
475708
469140
469956
470264
1021500
470452
465092
468496
465960
468696
478620
471104
477840
462924
473416
470780
473576
478532
478684
474060
490856
503532
503508
465140
471820
465312
521248
479348
467404
476120
467548
468148
463448
463140
466568
483300
467640
464036
464540
503040
471492
480452
471820
471928
488452
464372
464576
470808
463428
464740
472044
478524
470960
465516
483124
466168
478884
499168
481236
476468
465640
470772
461888
465216
466764
474948
467972
464108
472784
969368
485528
485120
473184
464116
467756
463240
466660
474996
468328
468900
467488
475032
501780
472092
473820
487584
466812
497664
467612
472572
466596
464972
471684
466884
476616
463704
468372
467932
463108
479384
465528
472832
466944
467656
466136
509016
464192
466528
491804
479900
504720
467204
535265
718297
516636
476032
482628
470716
473628
476712
469868
465580
507800
468544
476644
477068
472092
478200
475300
477516
466884
471880
464284
469348
472168
1001720
489612
474660
474200
464108
466516
469032
474960
475252
484508
468436
466556
468052
464516
472120
466508
477528
464288
496528
604827
571036
654416
671784
609557
570366
570462
487840
468672
522480
599120
588188
604921
610627
596404
621706
589694
722864
602244
581568
658328
607948
595792
585100
605992
584064
550784
602566
591264
595074
596786
731545
493624
508484
532032
502012
504772
501560
500520
492032
492880
494644
493664
497756
503912
501760
502956
1063456
502872
503520
492556
498292
498712
491920
500712
493732
491976
580060
508368
495888
504776
644472
715698
756960
898827
633898
522908
503136
501212
506064
495456
641711
631862
634186
632877
635784
633440
627060
632864
655083
632584
687349
828708
805164
667124
680536
599656
641620
635539
618558
641906
625978
618223
636118
621088
617074
641045
620295
627390
664534
603276
541344
548092
539104
542208
540868
541404
533152
529044
645852
528752
539500
1116376
551988
536292
697438
735542
734046
742256
667090
651336
582752
610466
563468
531848
527164
540392
533384
536584
540860
569780
528376
537984
535176
535668
548328
532604
553568
527940
530984
532264
534876
530716
526672
539624
531372
544620
535560
579500
547988
531776
543380
548708
531616
528344
536560
527768
531716
528072
535048
532600
533520
531576
529260
540284
578888
531788
546956
533268
537212
530084
570756
537568
541800
531732
541008
537548
540116
1136608
537816
561940
531104
531880
532080
530040
538304
530084
530108
534512
541124
529520
539024
528328
546984
528876
535756
566440
541280
540444
532148
540264
531452
543036
530300
534412
527280
531556
542864
532308
536604
548148
531684
536956
558364
573884
534704
545512
546712
542944
548692
528024
536780
541320
540852
539276
528796
540608
538208
528888
529236
529888
567140
540464
543304
542940
551928
534916
537756
541196
531864
534600
535308
533012
533932
1156584
541292
561424
527876
531092
539752
536920
541812
536824
528896
531720
529428
530000
537480
536448
537132
603128
533128
570264
530316
545580
542220
542508
528904
559140
536172
541992
533136
537548
527860
530800
536272
607492
614532
705828
589196
545392
602602
562196
553128
539220
712280
802374
871598
794860
649260
584924
566328
549740
539180
537480
545420
543772
661980
558328
541208
546764
529076
531800
532132
531868
527280
536948
530308
537844
1153164
540132
538980
530764
532432
584040
531344
542296
710728
746424
641256
579896
540340
564536
597264
555144
544444
540560
574416
531712
543232
537236
541000
532700
542960
535444
529728
533948
681212
548376
536972
535388
541144
546508
530532
544552
571716
530560
540248
550028
539000
531984
527544
534704
542692
539264
537168
547576
735900
554648
543316
530432
543296
579956
532708
550944
544504
542144
543888
540344
538472
534460
538320
530264
533424
539300
1134408
539428
541244
528736
530156
1181296
545864
541536
531256
576536
538652
531228
541116
537980
530404
532468
535220
530088
593780
531520
536508
537908
542880
529628
555584
532908
534388
526528
535744
528184
530764
535532
564908
556768
554732
545968
597044
538132
546408
539392
536568
531904
530968
549360
530308
530724
540264
527096
542192
528496
532020
539940
530328
567600
570784
532288
537768
527380
531048
546716
546488
528344
606980
704496
553948
557924
1135336
551512
534924
534024
531344
535968
538716
529724
532928
529272
546308
530716
539700
531560
543476
539000
579184
531748
571132
533032
535808
539888
528708
539140
535936
548472
533184
533652
541680
529960
530076
533416
536672
530736
536984
571304
533068
542728
611152
531324
555420
552164
530348
552836
528512
540908
546520
529932
546380
527708
529968
527360
538264
569820
569896
546208
546728
540532
538112
530240
534100
542228
536052
527696
547504
1144580
547724
544868
528460
537964
539980
536836
543744
531416
529120
538432
529676
531736
536848
529872
532848
545488
531976
567724
528372
537092
540632
547792
531432
538736
570764
530124
531508
541728
528264
531012
528080
551712
554092
577824
552804
586388
527256
545644
544724
533628
529856
526748
533132
527868
531860
543904
536120
537536
547524
534364
540604
531756
614896
603600
561780
545352
529828
526600
530372
537068
528148
535168
526980
529936
551852
1117276
545604
531916
529396
552488
541516
536548
554200
532256
527468
542304
528348
539288
530396
547656
533612
534984
531732
564132
527980
532504
541700
528380
540632
534060
529148
529728
528168
550024
531272
696432
544612
591176
529284
538940
531364
567420
541788
554620
528144
554880
528428
527808
549648
534808
538720
526672
526684
570036
529480
538368
528304
529804
567380
545596
541260
553536
580592
536596
533340
534068
526616
543304
528256
531584
531280
1113128
549544
526192
527268
537156
541908
541100
540476
533200
527440
611128
564560
538228
539772
544412
540348
533296
529428
567236
538172
552420
544172
527192
540860
532520
539572
568064
534064
529440
527256
531608
540556
536136
528404
535652
586884
531160
546692
545124
569460
543092
529092
529556
545208
615036
555672
530124
545796
533892
525980
544756
532172
529132
579592
541380
542344
530180
528604
527016
531696
530064
526616
533264
526956
577984
1110232
561380
533300
529024
524712
530776
533844
529204
528776
527092
658104
538780
538676
541324
542788
531324
535980
529128
568388
553468
541276
540812
617652
549848
533392
530592
531864
529224
547472
528016
530716
526872
536956
527112
538084
530200
568080
535496
540248
535224
537592
528272
528740
548480
526032
545044
526732
527044
576700
532840
528844
524700
525116
578828
538364
559052
545688
536656
537560
528300
531588
529672
532800
526736
529736
536060
1114280
544856
529052
530092
535772
551872
549188
528484
530264
528968
532488
530112
537912
533232
529840
536492
534516
528276
650024
534592
540332
547276
527628
536512
531988
529936
548584
526200
534504
527496
548404
535276
533640
527856
538824
551884
641508
717364
561008
533720
546928
531456
529052
537892
530372
541732
529796
529888
540188
529632
543292
527928
532272
579200
539836
585552
536916
527016
527384
531896
529860
529476
538492
542404
551836
536812
1119752
538100
530504
528524
530884
540788
529060
529284
530168
541824
541828
541092
528464
649356
547780
551700
533168
528936
568404
529684
542840
537940
538348
528684
530268
530476
530220
552580
533336
529832
534056
534660
566624
563804
529572
569640
535508
571196
540348
538548
538304
529512
542960
535052
537036
538976
550320
536612
537008
529596
528272
563692
744524
916760
626696
548728
540380
535836
526660
531344
537292
572520
537308
527736
536884
1102876
550400
530024
525180
535364
559864
547752
529788
549596
616552
535780
529892
540724
528552
529412
532012
536196
529648
568188
527272
565568
546408
528128
541584
530396
532204
534688
537332
534716
526124
531328
527636
538532
525608
533320
545560
571192
534860
538804
534208
536120
542820
525172
534040
529884
560092
528600
525380
531856
544876
541724
530560
530064
580780
531716
558716
531164
523512
530776
528868
533512
527700
537152
527480
543768
536920
1122308
553468
534312
566700
533740
590352
531652
535720
530380
540472
550724
543776
544760
550384
527248
531444
531388
530916
567128
537372
541928
530924
539032
530704
531028
532068
534060
541208
575340
531844
534632
541396
533500
538096
524980
530180
574636
543772
534588
528000
538388
526408
541092
542724
535572
529212
528252
539932
553620
533412
529188
527064
533788
657140
564532
547376
549880
536068
531412
534592
536456
526424
537132
533416
538772
533980
1125256
552800
531660
534348
536644
547332
531876
566128
531772
526664
576372
542976
531232
528448
531188
536088
690420
747984
640744
583592
556008
538204
540692
534012
532584
533148
534792
533964
525524
527292
532264
532816
534384
537244
559484
574724
537724
538816
538564
530900
538356
529908
525916
534356
536716
529172
532808
529416
536552
542028
530188
527796
539332
567892
546528
532668
545696
530304
532440
553804
534100
527544
608280
547984
553684
1107880
540544
530880
530092
536524
538332
527332
528944
534252
539464
533248
540500
530968
541772
529116
531220
542384
526856
610996
528828
545564
530876
549068
527536
532216
532236
528296
558796
539728
526452
530564
527900
536620
537572
534376
536572
574012
533900
530028
534540
536632
529604
541852
585260
540116
528352
536212
538008
529212
531084
529208
527996
535956
581452
564396
556740
541456
534380
534200
681528
540208
532688
535776
531704
545064
536956
1119052
578560
531768
539416
535436
546892
546616
530900
638684
532824
536692
539116
532488
527220
530012
530912
533900
531408
566524
536580
545488
532664
536324
531740
530352
552676
537052
528200
534320
527108
530012
532652
534604
660496
565512
532628
578568
537888
539944
528060
535680
526144
527672
532912
550024
527972
527840
542020
536332
567584
563908
530192
538760
567420
549240
549876
539536
529468
524676
527676
528480
527508
541708
541276
532676
543160
1111176
539868
528124
527172
536224
544452
527780
536644
560896
530232
1249972
548268
555596
530404
541364
538228
533228
526564
568148
541032
533092
542144
528976
527036
533776
530952
545844
533228
528128
527524
530944
533948
549920
530536
529676
594428
536612
529872
533956
527804
535248
554220
526736
542400
530524
531628
535764
529152
535480
600316
534708
527320
540292
576716
551684
543784
551536
531388
526252
529724
532804
527352
582364
749276
727972
1165172
546568
531752
537276
537572
545120
527696
527652
528568
529804
529340
540304
525896
540128
529016
553988
537688
529180
566204
534560
551416
533160
536632
528348
528396
533956
526784
532132
531472
642852
534632
526616
543080
538460
540980
534724
579324
577236
534192
578916
560940
530304
527472
534936
537792
599476
540568
527388
529904
547680
547164
528992
536828
572156
539932
538112
534732
530036
538596
529036
535688
527240
539052
540960
558816
546800
1116092
537236
531716
539420
537908
529532
528668
531584
541436
528356
542736
529112
541400
531776
528812
533700
531484
531244
563868
534308
547152
543412
548312
529308
529496
530504
545700
528764
531364
525684
530312
542844
552040
530640
534672
543236
579256
532060
533640
528260
541656
759368
547524
552084
528304
533896
542068
541724
540600
531892
534016
533380
602116
785888
575212
550096
550472
543796
529424
533208
534012
527404
545500
526844
534184
544428
1126700
543252
538700
532772
561424
552112
531228
537488
528848
529696
543880
528524
531108
528472
531120
537752
534112
530688
577588
547184
532444
541616
528708
529332
530956
532276
531872
547932
540872
551700
550636
558168
543028
549220
532332
583636
621944
539900
537800
532276
539236
528900
529228
555392
529472
533948
529160
526812
547820
542836
598564
535764
532588
620596
541064
549328
532736
528224
525696
530076
532268
527168
547464
526384
562216
1100644
548260
528472
529960
536604
532880
526204
530248
540772
526544
543252
531200
562460
527944
529644
531388
535976
530912
562312
533040
537020
541484
527816
526692
530704
528332
545300
533392
528616
525284
527780
527812
546204
605592
529364
549856
573924
561064
537620
540396
538344
541224
527716
598760
529532
538956
536328
529252
529896
532924
533060
522640
533184
579480
541080
555168
545656
526760
527168
528336
530800
532164
582128
530940
528464
544460
1114684
549456
535424
536212
568596
532548
553124
530804
531344
525916
541672
532724
533000
530204
527504
530476
532772
530036
573572
544788
574072
545840
536392
531580
533708
540896
572996
528372
590596
534496
532828
543516
542612
541928
527928
537928
579180
538756
535912
527764
534456
531524
528452
571672
560756
537212
527040
526356
545984
542672
529772
534416
532276
575532
536988
544316
531596
525688
538004
529632
530748
527348
547412
528052
541120
532296
1105912
546456
564812
540944
527776
531292
561700
556016
533956
539856
533164
543736
530528
556696
529032
533652
528756
532708
582044
540256
545064
533032
528068
527076
697756
792428
656330
622540
750196
609100
572548
577552
772276
618752
570200
607764
551940
550260
557716
548936
569008
547696
554272
553980
542324
553716
545436
542144
553148
559072
563776
549700
567512
600836
576700
562036
550288
542904
542764
543316
548844
542004
548116
541004
561960
1165864
556120
550020
550532
557016
546304
539652
580268
550496
545316
553736
544680
544120
544764
539740
568228
551584
607680
594664
555120
550836
568432
542136
540944
546244
544776
561280
547236
546612
546660
543500
539620
798162
774725
692699
699496
833457
685803
699260
759863
696165
754533
686587
713220
739477
715232
770231
710620
721396
741264
717936
553816
539488
594064
543076
555504
546612
541964
552324
539728
545508
540976
562448
541336
549796
549352
1151564
564652
540404
547508
541112
631092
541332
671435
585190
590530
586110
593230
581945
578170
579070
586490
694125
584910
628415
578870
593600
578695
580355
589635
583125
593375
580455
578485
594455
578380
595260
599385
585785
598405
593980
593355
621765
583260
588110
578300
606965
581515
589550
585290
577990
597755
578275
581205
589915
578280
583115
587140
612840
639225
603440
595570
606840
576400
575925
583505
584765
575220
665785
582990
608715
624250
1260690
611735
598745
603470
592325
592820
592905
629400
601440
594740
591165
581775
588585
584255
582275
588085
588565
588640
638140
583145
596835
585245
639055
599925
588935
585010
583290
589160
582395
580495
613965
597170
604070
585745
604060
634240
596430
586510
589270
583910
590945
579450
588600
588925
578705
597355
576615
592015
588175
577260
617240
591200
701955
631955
592205
590600
580940
577325
578710
777055
604250
610350
590170
591760
588510
1217315
598905
583060
590000
578770
583760
578855
604695
580780
623480
589590
606700
594460
587235
584190
583475
587370
579940
817225
797975
788290
760035
888490
776745
773135
784690
815645
762445
730265
584220
584240
615275
588950
582720
588170
590810
626000
580930
584945
671195
612620
582870
590530
589550
597625
592950
580405
577870
580780
585685
600725
590380
591110
648730
593835
602620
587330
578090
581490
578535
586985
582565
586720
578505
594640
591330
1273350
599160
597555
596435
580850
583945
676730
604650
608420
615315
609750
603675
606125
603975
629595
610975
607070
612575
669265
604970
616190
608420
604190
602675
605335
607575
606840
607300
735185
768660
782870
783235
790905
763170
785725
787145
857815
768905
777715
766760
844390
765510
788410
774335
773510
715075
604160
617715
611430
644575
614770
619210
618910
651965
616165
614015
607245
603030
602065
606590
608585
620035
612415
612930
608975
610930
1392450
647990
640315
627290
629865
631270
643790
627100
639845
640320
648030
665010
631145
629505
629060
636615
632900
636260
676135
735150
712020
656070
631690
631795
664135
631245
632095
633365
631505
627450
645030
633165
636970
636275
635505
717480
632375
629710
633040
783125
645510
659875
629605
640685
650280
630335
661985
626920
637310
628125
639900
632330
649580
685195
668295
635225
631985
631125
651340
629680
632985
627875
674790
952855
806695
1844536
1041803
863175
802865
789390
819365
793290
789400
786375
841540
792505
857055
843080
817420
789135
793655
789510
1539130
839350
819570
802305
802110
785990
785740
787380
788030
785560
788005
808880
776365
814865
795825
814820
781490
787620
793215
871030
776855
876935
789340
788825
781120
786025
791760
778425
728617
699824
699368
682238
688466
695532
681526
688994
736954
687058
695442
689342
683280
678744
728540
706678
699354
690066
693932
708210
826807
1939049
848573
824960
812718
816868
821258
828452
808750
823770
814508
833776
813592
812226
841370
685508
