5499077
1394225
1203424
2142541
1050164
1177475
1185143
1145768
921053
709811
536541
548721
677092
1011414
1028973
972362
882774
704813
707594
742176
630329
908813
723475
516305
988546
904964
1006969
971985
1039659
1032745
1046465
1018263
984149
1008991
825858
828865
772574
817788
1135374
947538
1003031
1009028
1066404
1520621
1277988
1015035
1011622
939777
987694
920820
937469
1114742
931150
1003600
954599
938944
1007434
1028510
930212
1070588
1150100
1072521
1091502
2261676
1078851
1072871
1041767
913093
941639
958895
994602
998562
945011
978578
980910
985548
1035346
992529
961305
986288
963766
1016909
971268
979114
971862
992628
967704
1843235
1038974
1063663
1021884
1320682
1127018
1250305
1078762
1104234
1075356
1065879
2609786
1291699
1185275
1110068
1040174
1134030
960447
974779
973233
974126
963906
949341
972995
972847
944294
1054820
978811
971284
1030196
971759
982695
955693
953434
957220
987198
965131
976523
914113
907871
2307030
919864
943577
1042230
2314698
1023731
972252
975229
995568
936249
959759
1049749
1294650
1213432
979890
1035854
927410
1034251
919253
1211302
964295
923196
979492
926215
976067
998619
962357
1085948
963542
904599
932988
927786
966753
953161
933338
1067872
898739
927551
993445
933929
926770
967132
948429
929202
934516
941565
917840
912998
939470
973302
927476
921066
1036380
1005597
920115
945625
961886
934413
923820
962580
966239
949107
943332
1069758
2062246
1030417
947083
937632
909693
963701
915979
911784
933642
927331
926329
912665
968165
935964
934616
939434
966286
1010157
891292
937673
923469
1126672
1164228
1008006
942142
972871
968281
1061690
1025268
1060120
937149
922484
977556
1374205
1279751
1319080
1233669
1207107
1192913
1272118
1341141
1277150
1176689
1191839
1226909
1167724
1137955
1165974
1164827
1139662
1150590
1153094
1227598
1223654
1209118
1170766
1159534
1145943
1146005
1156742
1143162
1229795
1242955
1292281
2362492
1234948
1209853
1233144
1229079
1215103
1248442
1239304
1235764
1212058
1215084
1213617
1207088
1223915
1310389
1395749
1288428
1329782
1334375
1666856
1497343
1411628
1432620
1342565
1276679
1266429
1266491
1258285
1250542
1249508
1224090
1212664
1262757
1145900
1183813
1303252
1240645
1206719
1209005
1204342
1590847
1333912
1009963
1148170
1202058
1124999
1098911
1197244
1185072
1204145
1182894
1192449
1106811
1465345
1244756
1507458
1198758
1189230
1202234
1199547
1226769
1376857
1186524
1253237
2446476
1187674
1176665
1194911
1181538
1198925
1202250
1278227
1219085
1181040
1197401
1177494
1179096
1192614
1167258
1111670
1106097
1220221
1085342
1077491
1096375
1121147
1074920
1079233
1110356
1384724
1176754
1099549
1084273
1111950
1077203
1082278
1127824
1157964
1073781
1167977
1134816
1103814
1081508
1083336
1088613
1073625
1090051
1076608
1075262
1117612
1091230
1082235
1097896
1067858
1080566
1085665
1073240
1174040
1077661
1195678
1127778
1124421
1063666
1100664
1072408
1089927
1328705
1181546
2554580
1191812
1541610
1572698
1622557
1562890
1616790
1468522
1217405
1260070
11299004
1543597
1301919
1323288
1314172
1217397
1306679
1344902
1256449
1245992
1239926
1242904
1225886
1233944
1209915
1208717
1198726
1243803
1148229
1224074
1292682
1350082
1420806
1325528
1216320
1177206
1449517
1178590
1178154
1248364
1192571
1183097
1230729
1174476
1160285
1206477
1158589
1191707
1246665
1093109
1086804
1125032
1086233
1161938
1161704
1164967
1181355
1172885
1110254
1145418
1242131
1141070
1116885
1183463
2333870
1160888
1110717
1108975
1152507
1296750
1229348
1398705
1195409
1084281
1279301
1363635
1305656
1303855
1422801
1547587
1543982
1518125
1289750
1423170
1314907
1346065
1279721
1283633
1260778
1357833
1283625
1368220
1277099
1284578
1260428
1264006
1309035
1160441
1152313
1268750
1170058
1174309
1163198
1168265
1185940
1164197
1172301
1185415
1153285
1170004
1191723
1169479
1170120
1299523
1165624
1198820
1187036
1570294
1281307
1261871
1266152
1190867
1157870
1177987
1206240
1166830
1172298
1167942
2329479
1180997
1157582
1160950
1169385
1161047
1239272
1181048
1168136
1187946
1175615
1157921
1177120
1175545
1182720
1170707
1381388
1402458
1247995
1255633
1285359
1275136
1185493
1422419
1421622
1512027
1293713
1348663
1436707
1423046
1385817
1451423
1468320
1472003
1346975
1202075
1321137
1158454
1488612
1186263
1177505
1185477
1221301
1200734
1181681
1177723
1169202
1106864
1144535
1136528
1099008
1095659
1107960
1166472
1068639
1109053
1086354
1079855
1091763
1087186
1153576
1139880
1076923
1071716
2292780
1077949
1080730
1087598
1070911
1077650
1077117
1453270
1174215
1128874
1089254
1100976
1083199
1076651
1129321
1179667
1086769
1149669
1069740
1147696
1091798
1068262
1076013
1104732
1073846
1072330
1088982
1083538
1062600
1081002
1070284
1071579
1174398
1075084
1071665
1164695
1078280
1183175
1107314
1064323
1060982
1263605
1070071
1080808
1322063
1604564
1536446
1235193
1606010
1411935
1431745
1568043
1595564
1652377
1325897
1195969
1375721
1240470
1405250
1218024
1149699
1176988
1169358
1226890
2377593
1111172
1091074
1112378
1100435
1082111
1072279
1084946
1083573
1908706
1594530
1411410
1215736
1188056
1191925
1217580
1183218
1297011
1170179
1205330
1212917
1252930
1205416
1218654
1179780
1187585
1472248
1237643
1228465
1178555
1163661
1103025
1296820
1172080
1208456
1234948
1268618
1241116
1202118
1224020
1213808
1202460
1223476
1241746
1265425
1252378
1207834
1246062
1234267
1186034
1221745
1394408
1191739
1757016
1666105
1665615
1585080
1499416
1449315
1531694
1596735
1699958
1407119
680758
1970861
1401995
1199695
1212314
1139646
1155641
899527
780232
775198
785499
799391
849502
800541
790046
722406
801383
745745
809973
715554
795273
786374
754687
773608
784055
799068
750254
818723
787126
759010
817200
776402
739976
790799
779844
731719
876345
837843
785292
776093
793039
814170
752497
775717
773488
793103
982283
968416
966478
967861
941394
943996
1015834
933913
1019368
986621
953292
944931
998386
958878
1004459
975509
988226
952828
937376
2109660
934272
951242
946224
971962
944493
973833
1055687
973920
933325
965254
941868
941167
941144
937020
963662
961140
1028457
931564
938764
963994
956502
995762
957039
943092
945957
970683
952210
1230624
1231131
1255876
1253572
1264084
1228640
1172383
1225508
1135156
1217528
1341538
1232810
1239817
1187462
955757
947188
934891
927482
924985
1003380
948476
1099379
936437
982018
979066
1033346
965411
1090496
949807
972964
947297
963836
1034961
814818
812356
821438
1663870
816334
863904
824810
806336
813944
812828
804650
816258
808944
812934
905554
848540
979556
959100
965844
959454
1047818
929080
942538
985449
928802
943250
961929
949685
956438
963668
1016068
940165
957412
1068640
937388
972207
973186
931418
1020558
927307
959530
958474
941376
1043816
937838
964239
944072
967681
953104
935730
950920
825936
964442
938618
972061
955622
1010239
963306
994116
957302
946838
959846
970748
962599
955658
982036
943442
2026997
965382
1242034
1170154
1127950
1149534
1128714
1145410
1119800
1121288
1055070
1145246
1275312
1195454
1169268
860606
581639
572938
544790
531501
525647
534036
519846
559081
531848
545006
548852
544996
605249
581003
537291
539213
553015
505214
497659
561024
524250
480581
589972
515874
522659
480316
485240
491957
535655
481817
475246
479676
486172
476280
486980
560390
488243
514956
480483
479148
515554
491989
481538
519388
482145
474957
483271
475747
1147151
478719
482223
488547
478395
480671
506826
482169
480039
485014
480233
482946
478419
534476
474713
482032
478431
564528
483444
506562
582085
477546
473626
476349
477084
476623
506164
709030
529926
517588
520356
527142
540716
547386
519698
563714
517790
518078
518398
519598
520834
523100
524168
518744
524868
501872
495346
507744
501942
497260
497338
501954
511972
602658
539618
500710
497786
499130
494216
504386
500776
512486
494220
500890
1013592
498804
495444
495842
501810
496454
494722
494228
507042
499778
507418
495188
505070
510978
540696
562536
765488
816273
810564
764401
776293
853678
768491
786501
774352
751049
858351
776198
853210
905361
815219
783957
850544
736961
784763
812318
781522
736695
763902
760241
739242
745967
731749
741719
904221
941878
895328
863611
860199
1075554
908510
889920
898175
952295
874285
860010
881720
935525
1001735
983410
853840
845015
835350
722165
2278165
943826
919405
952218
922406
1095626
940523
863881
859365
877230
878855
930510
919695
863494
516833
501652
493803
543145
517670
511706
500427
501086
492640
498219
493704
491584
490102
512219
487655
491586
492651
527508
529197
491686
500926
542322
493299
489705
507208
540566
508104
515413
497370
494454
495670
491601
492152
498079
493675
490583
503361
497840
492427
548074
492045
558399
686939
501232
501194
501355
506395
500395
657836
777128
2036380
916297
913524
990944
923235
786978
954920
975392
495110
489997
494060
499424
534383
564200
491412
507809
496983
526076
514447
502874
493599
488679
488635
476598
480486
488329
488212
486757
476933
482352
475773
555660
568975
472130
468983
516924
474159
471415
469706
555963
702514
533607
592349
487124
488936
521815
483335
477076
476081
477712
471654
493302
476373
508812
471651
470724
478491
481008
485759
483236
471666
470931
467737
466524
1063781
479372
468909
470158
513739
489128
490820
471537
497312
485325
470683
469052
470155
476102
475772
481078
471377
507255
469782
524189
783653
697404
697042
688266
714484
692318
698784
694062
678198
647526
702205
778805
669579
675783
798219
785050
678279
674832
617377
510565
505310
497887
494707
490945
483989
503516
483298
494886
488139
480676
487302
491686
544513
816594
547359
537166
517904
510108
509722
540706
577853
573542
584413
594163
1337519
502054
496857
510895
492783
504446
496215
506394
501599
495282
506727
489157
491383
524049
555809
500033
502580
578973
503717
496542
496761
490003
490688
594628
561833
657453
588966
510169
560712
718771
641570
553236
566385
559049
559300
555246
576931
588347
653931
595528
652508
571547
566303
654844
557284
532271
523206
540876
529562
524099
576476
565134
548010
583038
543658
533202
544898
533462
531312
540448
605477
536038
594328
532319
1221392
508987
532055
521115
525753
514098
493312
496634
526712
535929
655286
573335
593429
490003
491963
505016
489547
525081
484227
494084
502892
492425
965016
570395
509544
502151
499701
543816
500086
506170
501267
502813
508958
503326
502154
551973
524969
500360
482363
506526
492663
494656
492830
496512
489565
486515
490360
491400
491198
599405
501236
497599
489955
527428
491758
489932
499493
485562
486160
573886
719317
808606
667517
573697
1113473
491051
489940
556634
481576
492237
500068
488222
497882
535454
501512
506727
497799
520001
499324
502565
543393
538481
490090
507663
502279
509031
506164
551833
679729
803938
654022
533634
485097
481565
491753
478721
485529
482014
525067
526231
472952
474565
478739
474008
472314
542106
504082
493430
485852
494422
479033
482454
486544
539251
549789
531688
567490
642393
508509
495212
482510
480725
476178
484870
832227
494384
485482
485494
1090568
478278
471669
471748
521891
509154
504732
520304
509148
499890
503067
499508
646707
688432
692151
780760
694117
562053
479593
466795
564970
689252
748087
676200
609528
536565
495935
1031523
489831
475779
489288
474588
490496
471523
466550
512762
479331
476420
477444
506684
498531
488475
495148
511612
505062
563966
516008
699735
574604
534590
488714
560808
624919
657466
607165
606398
618018
597222
585509
610178
598643
596814
582779
580840
1263724
602315
657253
587274
588723
587516
583004
583132
584672
609595
583219
586501
575893
581837
576546
594828
611915
604383
583210
582016
595983
579457
584047
573619
591211
730803
704238
654964
649623
620113
592174
592596
605993
591016
588548
632039
599725
590704
596619
588662
590823
593107
617094
587070
595271
591859
581452
609449
597503
579107
584690
590797
585605
639774
587679
595012
593495
585232
590920
593842
583821
583727
581528
584940
1233645
601831
613801
607089
593282
719898
786695
677256
594297
592669
613270
654386
593754
597558
622128
602642
594309
639806
604832
590698
594002
582120
583354
599494
596269
590870
621571
608761
591135
594061
593372
595260
664670
600221
588791
643440
590505
596129
588875
603135
595245
592436
600250
605833
591514
596592
595732
611438
591885
610339
608977
605109
594245
637709
598815
592541
601326
592048
593282
629550
739870
697598
719862
705300
1565672
723432
720748
691354
895301
793048
809360
756430
781620
775344
775552
780360
776700
781648
769724
755767
790063
828005
756266
768417
766423
811542
749960
770271
753578
791583
780274
792379
772937
768124
751439
756425
799642
755897
759502
920631
755924
785236
770235
1157778
768514
770438
762948
750326
751306
784578
743900
785766
783324
740473
774620
759563
746584
825222
748632
901685
831475
846965
849920
853485
815845
825040
812535
812550
1579520
828625
825125
826595
840185
843025
902640
900300
900700
860164
854020
862086
890815
860945
855168
867975
878289
932418
855115
857650
907025
939954
874424
863793
911865
855045
855896
869507
852130
861264
850953
856777
871210
851525
851888
963357
1177147
1097217
1120629
1069624
1061406
1102722
1073071
1071947
1068236
1057078
1072608
1081314
1126910
1528014
1403979
1279285
1320270
1315222
1283186
1180873
1164843
1244592
1244748
1273833
1306900
1234609
1272670
1212443
2388424
1262267
1217448
1316832
1269609
1147362
1226626
1209966
1220781
1298885
1218482
1272471
1228648
1302323
1215978
1296688
1573382
1712717
1626781
1624304
1554051
1518211
1622460
1287903
1354115
1266101
1241442
1229959
1226521
1180943
1232350
1215644
1247354
1215924
1186228
1380774
1303882
1256309
1179446
1225638
1173356
1210257
1189860
1269415
1220959
1297940
1286853
1305885
1209923
1199501
1220302
1280451
1267673
1295840
1160304
1083064
1137301
1126782
1155253
1130920
1072462
1095718
1071447
1071466
2376314
1067166
1070596
1550282
1479905
1420623
1520621
1500633
1625801
1541610
1598644
1570722
1609144
1574440
1567596
1587180
1547972
1623152
1598609
1571489
1609351
1582186
1501336
1595012
1653548
1636985
1594958
1595976
1569505
1661205
797487
650256
665128
651744
641407
680359
645735
640296
639984
653721
641092
643746
641346
666038
637012
637773
634107
634897
639928
650685
669853
650735
654424
694878
641955
638123
648436
640570
638782
705752
709975
675844
679540
673248
1213281
667780
653217
648716
1150972
1188829
1163995
1022522
636106
623080
613030
603135
618329
626363
616956
631239
632061
660380
671865
618799
651808
783691
1125511
1051239
515313
529570
569453
503621
489163
494124
493786
496758
498009
499707
491587
544999
475991
477668
472572
477153
477704
476575
491069
538327
474648
482276
469977
483330
478469
511612
581765
481981
536248
676706
603644
588706
496815
501745
498361
499443
497840
494450
550348
497548
1041966
490834
493872
561284
496318
497322
496416
490911
515126
515263
666876
501665
503038
496773
492219
495499
552730
519862
480292
497554
494822
491254
526571
575093
494688
494739
497506
508632
488710
551588
497831
492687
497929
495046
493637
560652
627818
513964
518500
517032
510856
519948
569495
512200
508796
511300
508388
512928
512968
507416
510796
514660
516020
539748
513508
515208
518824
512936
508448
521728
512092
516364
522556
509008
999908
514052
512800
508528
514828
509928
506880
514464
510408
509072
510624
507080
514612
508876
506696
513116
508000
539000
497352
508364
512840
521348
508908
520952
520644
520184
510072
517084
512944
509816
510732
511956
522312
505176
521108
545620
543324
511336
509064
513216
512032
505744
512072
510444
507120
516600
505344
508768
520256
506172
552844
516268
506228
549652
533408
669218
556896
514916
511276
516292
513740
510876
511476
508360
1028016
625736
493060
545844
804099
519608
707499
629289
633004
690301
652252
626212
670860
658128
687108
688272
689908
651164
615740
608880
542708
498304
501416
501012
582616
510992
506344
572196
503548
508724
513384
507808
532088
500352
500348
539768
507376
503536
501212
500380
499664
498780
505524
504344
498660
511932
494456
511080
505740
498832
500200
567216
503800
531096
500672
505024
500648
498404
507532
603007
522294
514598
520412
510670
1106432
513686
511580
513702
521014
514784
512886
526400
513178
517056
528348
512610
511358
510530
515500
526824
514528
547454
514784
513166
562854
788660
812162
845636
797568
784252
840404
848214
845744
756650
743606
751532
761542
684218
678733
706576
766686
762300
501064
510766
505524
495036
531826
603300
657872
509052
497490
499828
506598
493030
503100
511746
497350
544756
496866
496502
502230
500772
493438
513816
497210
495110
492392
500290
1036408
718616
765648
768280
742444
714746
745068
766618
768507
747537
732662
757045
764475
760340
763452
719542
727106
788371
622775
613460
644600
616385
601305
605875
603840
609335
605620
608465
606280
600765
600185
623930
640685
632515
622660
656620
617690
617610
611610
656865
622855
667440
644655
624475
624350
673345
626005
753095
733805
626405
955045
803140
789380
820920
847995
855670
809940
843800
909840
810385
805575
674945
671850
648960
1388510
831905
671410
646805
647050
655965
644005
646615
641790
644390
650020
636155
659315
639295
628655
637525
663485
829880
736355
656410
643195
631735
656495
646205
667645
638835
630305
657175
631985
643080
635940
637750
657535
634965
641095
685455
639730
634500
641840
634920
647000
630950
652695
646010
635075
634585
1161360
641470
639445
631420
636265
653530
635890
737765
864335
826550
927935
823779
832030
855840
1092235
841580
834085
826510
2166220
908525
841915
1015020
723255
711415
711550
728760
838975
725305
711210
699165
714625
703220
701315
707550
700020
745850
700775
710020
721300
730905
711195
703770
700020
699715
701085
705325
705540
697025
704295
719670
728875
697980
694885
786465
732025
701010
697155
700090
763794
736400
747582
737386
758854
740362
728522
734496
743868
815908
746426
760700
732560
800610
750162
741092
733948
740678
757174
807362
757230
876492
889370
741702
1755368
946862
920992
940234
970292
1005760
1002304
924694
960972
813212
824612
875226
804470
835496
801902
801268
770980
795810
748762
749340
751890
757754
739874
774850
753668
749078
800508
959755
879113
904720
912136
912613
908558
900210
924542
966436
876214
906144
886218
898340
925638
801442
833752
876808
830030
843250
857324
816848
822010
809982
951410
820778
806360
868152
852098
809614
828094
819828
818526
829682
875840
935030
859156
803902
1864490
896926
785598
773208
778546
807648
775646
795152
781176
910853
914152
885658
976438
897178
913570
944984
905786
985767
892620
938624
908085
894191
933777
799214
842898
791584
771312
784962
764492
761390
769598
784326
785506
763734
774324
863088
773768
765596
773686
851276
780174
773692
770268
786712
793346
781662
761152
776346
773786
934884
1146454
1130126
923650
868904
1158792
1021270
1105785
1089567
1155141
1190398
1177057
1118489
1019696
974184
2064089
953652
1066350
804540
809906
793794
882076
912578
861328
811154
804738
782524
897020
798122
790324
793188
791898
831296
787762
822034
784514
771890
782104
785010
794010
788596
784992
794838
780238
824822
786264
781258
794990
792954
781136
851842
872614
792634
808674
787202
796028
770806
785842
778068
781222
770700
785464
772688
807018
777252
803944
794470
781514
853534
892593
1132465
914829
928286
967551
924665
935800
924209
943256
919875
2080715
912145
960225
811130
823778
782128
775780
814432
818048
785150
774562
771330
784758
834360
773116
799558
785382
832212
782846
819818
782798
766932
764784
827300
824816
784794
784420
789046
781894
768098
767444
806552
795292
764716
770508
820698
805496
782658
761402
766744
781532
800970
792580
768432
788912
1067394
956952
957296
963772
1045800
1043718
1115830
998614
1104564
845314
825398
891414
808932
859572
877772
797878
779198
775336
789786
1608186
771528
853498
789280
777570
947292
893748
806072
781556
778506
796354
774702
774258
770344
781936
787728
851282
840390
784986
815826
930918
894804
991859
907323
923535
896845
904372
946382
897699
971833
929103
881831
921747
953667
785108
832014
800368
852040
975700
917204
830760
789804
792954
798378
845572
787074
1046734
831518
814326
857348
786292
813936
810372
840344
781112
779724
779638
781014
773926
787180
796006
782226
775274
786974
1626992
872066
784806
779122
791088
781550
776738
787774
783836
827442
772280
777456
773302
767788
783772
770664
794646
818632
818358
773174
782816
809324
768354
772152
772690
771610
844632
1137652
1139950
1150730
1165114
1173520
1151272
1200612
1136252
1244845
1203940
1299305
1300344
1278036
1146210
1131900
907766
831448
821368
903934
986382
966226
1057194
964420
1225297
1124485
1079791
1178077
1082387
1063605
1070795
1096637
1062388
1071070
1101824
1053350
905490
891036
1833270
902784
904126
902206
898246
925814
838138
878430
966940
974265
983713
958954
960686
961095
1320603
983750
1007621
1069573
935259
975671
995924
964782
950471
981215
945881
968140
804522
821152
802504
802318
820060
803272
807286
801180
808622
858922
813352
959770
939376
955962
944994
957063
951189
942778
939480
940922
945520
968982
946768
962091
1020274
819198
922175
1025184
1168509
1048956
1236549
1331715
1315876
1349250
1125363
1118923
1177906
1141128
1981000
1136986
1109220
1090716
1110906
1081208
1196720
1287704
1384192
1269182
1160344
1176800
1130971
1129089
1122108
1114287
1116543
1299421
1282313
1289120
1400132
1291080
1283501
1281536
1326341
1159025
1168836
1165029
1154214
1149696
1159811
1231281
1228368
1170451
1167786
1255967
1133809
1148412
1154615
1149295
1160347
1162646
1178574
1171574
1157951
1427841
1316536
1209056
1201604
1163279
1158869
1178956
1180924
1299577
1370312
1428116
1411892
1397671
1389597
1415691
1422497
1272829
1207920
1235430
2363873
1196273
1198357
1119572
1098117
1186387
1113261
1194690
1202775
1221271
1227256
1188942
1211234
1218326
1183848
1215049
1616257
1703889
1628289
1553187
1570835
1469642
1532596
1580581
1606640
1738361
1601344
1550422
1690212
1182219
1135979
1125110
1242632
1247941
1083172
1426829
1147483
1141019
1155832
1173539
3824003
1197859
1174934
1128723
1235301
1203074
1199781
1213092
1116166
1235010
1217518
1206652
1102481
1342172
1193648
1121804
1120008
1129765
1119973
1136975
1212734
1191874
1190412
1094916
2410951
1104939
1218062
1200403
1206703
1169156
1166865
774092
496637
492675
530255
554393
490491
776301
1142637
1151920
1146958
1235858
1155412
1147238
1163357
1176471
1186570
1156050
1177042
1194682
1265215
1236165
1100731
1105117
1135645
1136404
1122092
1222254
1531931
1656262
1571621
1571212
1531530
1511004
1493049
1462106
1561579
1592659
1651763
1701937
1876867
1435848
1418943
1396589
1404103
1993460
1492769
1333037
1389909
1415917
1255051
541996
861669
1149941
1131130
1145682
1121069
1105911
2291003
1321145
1135392
1103496
1133281
1111907
1101668
1206092
1162918
1200018
1204210
1190339
1130804
1120269
1102473
1134062
1146829
1176498
1097234
1365630
1271049
1213913
1270605
1222970
1220291
1227143
1237643
1241019
1194951
1224631
1212941
1159515
1127824
1141988
1099988
1214624
1141875
1101143
1099490
1118732
1107653
1096410
1104328
1075375
1046908
1133378
1097363
1115679
1138663
1091790
1512304
1561692
1557815
1660559
1610339
1530095
1548984
1581184
1609771
2434363
1709357
1609020
1358358
1214939
2340224
1357101
1141945
1288743
1200325
1205750
1084887
516871
522952
973150
1152200
1120008
1106482
1124095
1111896
1122940
1127253
1180900
1106471
1106035
1134000
1184451
1109699
1109839
1111678
1146355
1114890
1140580
1116037
1099342
1124025
1155894
1118662
1128583
1119561
1179710
1102379
1133257
1120269
1142637
1147117
1102804
1104538
1122827
1102298
1150159
1148988
1104619
1107909
1130115
1104433
1117884
1115399
1176902
1133195
1118371
1117270
1176972
1113234
1112238
1124410
1221212
1203351
1181541
2243551
1849890
1124009
1191093
1589700
1725605
1631307
1696466
1587643
1461285
1578419
1510379
1634904
1813253
1619485
1529939
1497324
1265565
1191077
1115730
1172069
1256508
1251460
1313464
1223600
1213555
1214570
1224265
1234789
1199423
1205279
1142330
1157539
1108975
1143555
1186212
1109002
1125872
1098117
1124784
1107279
1184968
1188398
1204875
1153328
1194504
1196720
1101143
1643075
1337824
1223296
1119109
1098941
1168230
1121166
1203063
1109247
1119903
1178582
1213520
1202993
1197175
1177960
1219295
2352848
1263834
1100486
1098860
1116414
1103079
1093155
1107971
1150520
1101539
1114626
1111118
1095656
1132207
1194383
1119553
1131332
1176649
1200839
1221831
1196160
1531164
1552188
1576435
1650024
1550298
1502060
1528792
1617035
1572340
1692530
1664215
1511599
1590855
1229900
1186430
1209573
1716419
1468487
1430816
1371607
1232175
1539817
1449471
1283407
1220318
1178881
1179624
1177758
1166480
1157539
1159321
1160355
1195495
1149898
1232237
1150676
1156209
1139872
1259047
1176412
1125056
1082165
1091117
2301239
1088403
1069312
1092716
1057832
1066913
1052361
1053457
1084941
1061480
1115111
1166184
1211937
1160821
1152706
1185318
1166340
1228901
1186648
1156653
1159736
1177661
1184836
1163820
1203238
1190035
1166426
1183463
1363837
1172290
1177451
1190996
1192547
1162646
1161308
1275349
1182588
1265468
1243908
1270384
1236601
1312745
1292445
1248878
1159911
1348830
1777467
1393237
1326815
1618645
1209110
1206695
1206520
1299725
1294074
1477288
1416399
1335775
1314328
1307783
1202040
1226101
1273413
1257636
2500096
1277745
1295385
1187006
1179632
1167821
1152297
1169439
1164256
1171205
1170338
1174506
1198198
1404402
1199827
1169256
1584789
1253921
1183953
1181059
1186699
1187219
1216390
1167304
1172613
1165939
1174468
1181608
1152741
1159585
1171197
1179309
1187437
1181915
1259930
1234784
1181974
1161790
1151298
1168416
1156661
1149015
1179368
1177844
1173838
1228029
1173997
1169781
1178248
1155315
1156855
1184559
1176019
1347169
1267334
1261898
1333551
1275672
1247171
1274980
1283730
1288918
1290092
1210389
2826406
1132724
1077537
1159437
1079470
1057595
3271940
1334927
1279449
1266413
1278585
1323269
1261163
1298360
1165971
1174651
1165756
1320690
1369585
1696197
1532036
1348434
1211727
1207772
1206765
1210152
1266370
1195662
1181837
1171956
1196965
1170540
1233540
1170174
1166609
1242632
1164738
1184058
1150046
1169059
1181584
1148972
1174826
1192119
1243111
1282758
1244821
1192081
1174102
1154779
1155649
1169261
1160401
1258293
1191995
1163769
1193220
1252370
1246059
1513279
1370756
1149163
1091281
1299900
2633898
1400622
1255216
1196136
1084343
1101372
1076110
1058688
1070728
1068469
1085700
1163540
1526840
1191085
1154257
1124324
1117410
1195126
1084039
1343556
1329055
1200764
1218646
1311668
1383873
1314363
1347371
1302902
1154669
1162708
1575781
1310171
1155805
1176342
1119502
1165788
1091833
1078622
1064875
1095492
1075504
1063467
1081640
1076888
1062083
1098281
1093400
1110219
1118118
1109745
1292025
1129991
1091658
1196491
1090931
1104215
1080388
1120129
1098976
1096235
1070486
1056884
1129566
1073986
2275681
1035386
1030042
1087458
1033803
1088185
1103014
1044575
1034503
1113972
1040752
1029164
1091739
1042125
1099638
1145246
1080531
1184936
1132783
1057237
1081002
1133755
1061803
1066544
1139681
1141832
1077537
1139581
1090923
1171539
1126604
1077895
1075776
1173768
1048048
1253514
1217510
1313811
1126265
1091300
1094862
1116481
1079836
1092027
1123982
1070806
1501683
1634360
1249920
1157843
1092113
1101450
1237853
1228220
1204229
1261201
1128408
1272048
1217790
1239070
1213792
1211447
1198306
1254478
2288911
1109403
1128866
1120385
1129509
1127043
1131846
1124009
1150493
1150256
1198777
1206746
1215935
1228659
1213170
1226847
1221255
1297800
1216880
1218840
1287475
1257690
1226976
1224499
1205968
1220800
1206808
1223476
1220695
1197369
1201375
1207780
1347524
1212995
1211657
1301238
1363250
1277422
1240656
1251051
1160845
1131227
1167067
1205276
1125872
1133782
1153040
1121914
1123158
1133098
1133774
1141315
1144298
1198093
1250324
1309490
1337253
1124157
1091852
1103951
1223188
1138321
1107217
1105615
2267082
1181242
1177241
1124332
1168114
1135031
1120840
1155315
1134743
1122827
1170050
1144912
1110881
1176867
1112518
1121839
1144193
1199205
1097775
1162673
1120735
1105825
1133346
1107435
1106027
1178940
1110531
1135575
1141509
1104783
1387591
1367590
1227038
1158799
1240093
1262547
1229321
1197665
1190840
1194698
1226346
1193306
1219890
1211412
1218261
1204541
1192695
1271025
1114077
1065610
1068383
1107855
1071385
1147257
1104799
1087466
1065486
1071778
1058836
1072069
1150485
1066504
1071019
1062818
2169044
1071280
1058750
1068698
1064175
1159025
1086664
1158228
1072163
1081791
1095799
1087162
1100287
1233330
1558838
1198984
1148011
1300215
1198777
1169770
1230659
1204579
1217860
1409259
1131954
1117313
1085245
1090950
1112219
1072505
1171224
1100346
1085525
1062121
1102904
1254836
1098125
1078307
1072688
1080353
1099926
1056790
1173084
1088306
1056949
1095885
1071490
1063666
1077992
1069083
1076145
1085821
1091809
1166208
1158325
1133677
1127533
1072155
1066975
1126841
1079836
1083468
1133397
1062891
2393184
1216829
1088519
1075636
1082122
1091063
1074150
1071393
1074064
1117017
1068507
1076961
1108598
1073746
1135505
1148832
1063467
1212338
1109909
1112098
1336841
1194819
1190743
1174094
1168526
1233279
1088885
1085011
1066983
1063814
1126090
1236130
1082324
1073547
1075531
1131001
1058077
1144807
1214616
1571683
1192076
1066380
1179088
1198661
1134821
1126133
1221010
1207271
1232089
1227536
1189642
1091144
1158675
1361605
1166014
1077265
1076129
1076487
1059178
1107696
1393754
1088169
1063012
1089744
2246316
1081613
1060807
1073076
1072844
1067185
1090950
1094846
1078727
1067473
1081769
1060527
1116115
1215997
1108886
1090094
1077666
1147949
1060815
1078482
1155619
1079602
1119906
1098623
1079112
1195573
1378362
1180741
1203938
1175203
1235551
1175949
1186667
1214788
1184252
1228489
1221702
1174180
1183673
1226629
1176105
1215725
1309937
1134894
1071323
1140079
1071533
1080178
1162797
1070790
1064490
1168553
1108329
1157765
1151142
1187095
1093513
1128155
1068558
1068776
1196537
1247260
1325334
1202942
2426216
1220485
1148883
1213073
1202277
1314444
1319640
1268058
1114346
1102379
1163198
1208954
1209417
1074161
1134024
1085334
1092428
1230694
1079354
1211272
1136345
1065066
1069581
1183840
1175879
1095045
1127124
1091168
1075324
1131916
1081449
1077615
1162482
1086696
1064786
1206714
1126386
1111958
1139996
1131876
1147281
1133502
1124978
1105424
1122442
1125024
1220116
1389193
1158333
1232595
1120875
1122916
1137204
1195059
1110235
1117628
1109694
1127132
1108590
1122948
1190019
1071638
1062331
1055231
2299769
1101714
1194060
1136345
1082515
1083067
1079023
1134218
1073275
1124036
1075060
1068744
1067368
1079707
1052485
1406300
1074788
1202048
1107497
1942115
1184058
1156984
1176447
1206100
1068558
1063669
1230016
1076643
1053546
1182596
1432585
1275069
1231860
1212532
1221772
1293799
1236235
1241520
1200527
1235473
1229033
1182650
1128505
1287669
1114715
1121952
1158632
1110006
1129283
1213897
1112152
1135376
1199135
1213197
1105669
1136870
1102691
1104740
1349557
1241711
1186920
1207737
1180558
1183436
2310875
1111005
1100400
1112973
1198898
1173235
1113665
1171310
1133440
1110534
1183261
1132075
1104172
1144325
1104102
1104689
1124841
1185477
1095029
1154677
1112249
1093960
1222631
1109901
1105432
1152706
1126510
1111600
1144885
1096184
1103593
1125662
1111654
1092856
1644028
1636086
1591011
1572434
1650215
1649733
1659463
1591520
1580923
1914414
1778735
1616903
1579542
1568517
1454939
1444633
1579838
1659366
1533724
1505953
1241660
1297730
1262493
1204291
1181137
1189771
1199162
1235955
1087364
1079583
2220591
1076250
1069511
1077405
1083320
1113331
1064288
1083460
1079389
1113751
1084386
1064980
1080547
1083328
1075986
1081850
1099396
1144648
1092148
1095861
1111379
1219645
1179306
1076511
1075472
1093171
1061227
1078159
1070580
1083705
1072987
1065233
1109228
1104538
1100871
1139250
1068106
1087038
1054130
1255426
1145348
1069242
1071455
1086874
1074301
1065524
1112187
1071692
1068935
1108870
1086128
1090977
1097600
1142128
1075768
1065758
1128408
1072987
1106342
1244864
1201717
1346221
1147125
1081686
2531919
1294631
1407972
1413860
1560195
1362927
1227380
1176490
1419234
1209126
1344307
1179306
1170960
1186166
1219338
1242193
1176630
1233785
1177715
1147771
1110216
1096348
1082469
1078937
1073030
1072268
1152014
1138628
1071606
1093559
1078684
1087189
1330000
1311089
1198567
1218129
1216600
1211568
1220038
1139923
1122011
1104484
1137896
1150835
1216476
1181029
1116543
1120078
1186947
1253463
1135591
1122469
1118829
1192450
1107147
1116282
1119160
1101512
1121556
1132172
1108959
1207379
1207422
1205295
2325882
1188013
1184050
1197323
1184435
1187534
1197264
1244950
1627667
1560545
1564201
1548489
1559487
1538495
1526202
1616273
1717404
1669317
1535205
1553152
1342794
1696512
1412169
1794784
1526439
1440312
1228831
1214018
1531549
1625704
1536850
1604341
1235379
1153802
1139969
1323288
1130422
1151344
1107241
1228699
1135521
1094038
1105833
1154109
1128634
1131577
1189273
1179966
1139670
1122205
1121820
1138655
1165255
1203343
1142349
1131523
1124278
1137045
1182895
1148307
1136213
1138970
1110690
1110130
2322907
1144971
1141089
1168292
1111495
1201733
1148848
1117009
1129792
1178929
1362523
1258118
1300818
1264822
1182281
1197964
1230934
1293581
1174390
1281579
1265382
1256869
1242465
1286958
1254287
1286503
1312869
1320916
1247540
1286005
1308895
1522088
1338470
1157811
1143641
1211859
1112440
1230417
1155323
1137562
1306289
1179247
1211786
1503826
1623184
1577423
1506093
1207072
1165465
1142381
1133876
1158648
1144255
1211708
1316237
1150816
1309498
1647310
1563959
1250146
1209048
1219882
1178986
1179896
2312800
1100225
1185789
1101878
1171240
1118406
1099245
1082445
1087458
1186605
1174651
1198610
1535477
1206461
1164754
1185714
1208033
1222962
1200344
1159200
1183996
1066652
1084424
1092350
1093664
1076196
1107061
1088177
1101205
1086470
1071210
1087003
1105712
1079109
1064805
1181024
1073205
1144457
1151158
1138666
1245623
1633415
1650409
1697831
1637537
1612229
1480449
1520874
1713600
1847720
1902880
1691811
1617094
1290108
1250717
1233023
1192302
1207659
1243122
1172419
1147039
1093155
1434809
1579286
2798845
1168397
1115267
1171582
1150065
1218393
1114058
1112047
1122649
1113657
1101396
1081500
1085735
1094291
1072497
1135949
1104371
1168354
1077642
1110596
1115232
1077957
1090479
1083549
1079567
1101765
1097705
1084938
1164404
1076740
1082181
1094625
1094318
1062627
1069565
1164450
1073819
1153565
1085019
1090592
1353423
1213302
1328931
1286697
1211684
1269862
1253315
1354955
1342896
1341219
1407299
1348033
1396489
1476580
1277088
1204121
1137974
1582000
1676123
1837201
1673420
1574728
1482188
1489344
2983750
1773660
1738789
1769880
1427790
1252346
1129582
1102018
1170497
1104129
1269827
1274167
1195048
1186963
1642305
1752493
1595106
1545705
1452360
1431037
1423835
1424559
1405681
1455844
1381356
1402399
1358840
1404130
1352575
1400315
1374520
1345626
1429941
1348795
1331303
1421622
1349067
1364168
1348741
1349767
1338785
1337140
1411472
1371766
1319341
1336176
1333037
1351463
1333912
1339633
1334173
1346299
1387190
1431659
1347395
1347831
1301623
1337595
1295875
1269003
1279818
1242691
1237215
1395189
2484693
1301292
1350211
1358611
1343860
1410088
1317688
1423337
1572787
1984535
1762328
1450330
9110799
1628970
1656076
1718769
1740356
1715008
1588044
1201830
1820576
1422618
1469211
1439324
1199687
1153118
1135015
1119012
1544881
1355461
1605003
1334593
1305438
1187165
1246910
1299733
1212610
1127926
1200780
1170314
1231456
1173200
1161319
1169571
1156427
1469623
1239455
1312726
1320943
1662379
1194593
1302175
1309786
1266588
1185248
1175206
1155988
1163233
1148062
1187383
1168696
1159725
1178789
1150466
2366937
1158756
1134140
1154206
1150154
1134789
1129808
1140257
1146872
1162654
1140790
1118608
1112642
1112362
1110367
1121279
1136582
1217206
1105359
1163898
1077308
1157240
1112965
1068717
1212408
1169891
1103550
1093486
1135524
1246288
1326535
1303610
1330902
1119141
1080808
1231782
1107742
1077809
1065960
1070362
1107847
1168720
1565181
1236620
1307301
1089141
1097554
1078280
1083460
1079847
1074904
1075577
1094286
1162466
1075935
1066948
1166709
1080434
1064509
1115493
1088761
1100163
1073065
3997218
3006823
1400369
1416135
1397464
1389974
1335950
1209899
1190035
1204891
1198610
1249500
1107971
1091055
1096962
1090433
1102142
1079481
1143897
1080151
1150434
1302027
1664005
1395364
1188137
1144581
1239202
1237907
1248329
1179306
1178897
1204016
1184812
1320426
1363511
1865263
1426740
1235010
1254338
1219322
1219847
1229437
1233015
1177645
1320359
1215488
1218724
1266833
1798327
1579017
1370511
1257900
1265048
1240707
1403826
1244810
1259440
1222041
1221061
1216390
1226112
1253148
1224063
1200271
1200500
2485649
1124348
1118005
1151519
1216689
1210876
1139503
1111611
1118479
1286021
1171434
1250741
1214026
1262159
1230277
1226831
1250811
1264192
1207279
1199334
1621803
1434696
1375936
1245125
1255792
1215305
1246622
1233532
1178668
1477280
1125180
1124184
1246832
1110437
1074694
1224736
1098919
1079128
1132153
1085447
1087765
1080275
1093338
1095088
1209172
1085961
1071536
1121478
1079276
1085140
1439348
1433519
1269625
1240163
1526175
968632
781165
613314
609872
673715
648871
664475
662862
684186
1202959
595400
533782
486547
480191
529221
583922
580431
723039
580037
526607
486313
524405
480078
471988
483379
473709
503303
529586
469289
474010
477468
467222
469337
539928
549701
501930
475982
512513
504474
467931
530880
510177
725573
721467
777154
850313
837731
1187565
724631
737380
733892
749633
739425
760346
718585
720338
805912
1551585
1535380
1248345
1275575
1144123
1214446
1128696
1099412
1192477
1203930
1208165
1213598
1174056
1184144
1264060
1258102
2243247
1070607
1046177
1084491
1064234
1067691
1078743
1065112
1072758
1092151
1177015
1070246
1068889
1070502
1172535
1143773
1070938
1136835
1078673
1061076
1072874
1088963
1156182
1095624
1082340
1077782
1059668
1076810
1054418
1067002
1076021
1067955
1083153
1469413
1222488
1170144
1090126
1066415
1087652
1112292
1551445
1472065
1483343
1300223
1261653
1176552
1127735
1106805
1170443
1170645
1203230
1101913
1146748
1357534
1298263
1294001
1310489
1112335
1089916
1171364
1098265
1083732
1097231
1112825
2381357
1087846
1065171
1137963
1099377
1086645
1064665
1066598
1117690
1080940
1098677
1081920
1064759
1103943
1064797
1136789
1110900
1256384
1208959
1099821
1077919
1060850
1058645
1069056
1166986
1173951
1600628
1199337
1075679
1072284
1097767
1083005
1110208
1061410
1054612
1145779
1064253
1062207
1119319
1177707
1088368
1074990
1115924
1147615
1136415
1144150
1120517
1149303
1150582
1138946
1133098
1204221
1128411
1208655
1139471
1114610
1112168
1144414
1098782
1122520
1573021
1842166
1777693
1663130
2934567
1224405
1309431
1220765
1209433
1271561
1329650
1239113
1231273
1235815
1224012
1232027
1242177
1238362
1225972
1244616
1226707
1830220
1470256
1377646
1382317
1344576
1344746
1333403
1321444
1308276
1338680
1070711
588627
577430
575024
580157
585232
594710
552857
602140
563598
564674
602289
557885
556363
559964
564655
556351
606235
555776
549354
558123
553727
552851
669669
565218
556989
615744
553247
623396
578337
581300
575129
573866
569861
574618
567728
596861
1319249
554361
548761
550123
546590
548961
562207
631852
574709
551609
579346
566017
564932
546658
548222
559556
551395
583353
585091
572285
603425
556539
546617
551007
616019
551308
549759
568052
549098
623540
556205
658785
558591
541547
548225
654309
538154
548076
513097
497837
497414
542792
496032
500923
491951
490691
487763
526822
486259
488567
501310
494164
494185
515531
520626
503303
504861
556979
495049
497614
560976
589066
544840
500943
1113869
601848
658697
622636
615422
610242
658948
616840
645189
624189
639669
702742
654217
613187
625039
720324
574086
522563
488767
476810
507074
773482
790758
615968
1042345
1088228
1083304
1084553
1050027
651237
698332
970855
1220041
1045935
936751
1136590
1040488
1055791
1047744
1003135
1073579
1042728
1074263
1054663
1064525
1083083
1066555
1068682
1080345
1063125
1067134
1076511
1095691
1168335
1098378
1068122
1078256
1121976
1091494
1078657
1099436
1078323
1059364
1080921
2203153
1061033
1061531
1065742
1051809
1107447
1009483
988727
983606
984306
960860
972003
950582
947427
1003473
952070
954153
1042052
937433
1173800
1145211
1140976
1716459
1284244
1209818
1175502
1189090
1165220
1245825
1186161
1168063
1138620
1196284
1140596
1118732
1222795
1113428
1140370
1153118
1115539
1124025
1214586
1127280
1120673
1593838
1515376
1505183
1193928
1287537
1190051
1223374
1251444
1121602
1208445
1110768
1094948
1145561
1277866
1280241
1310944
1337447
1111355
1509849
1342312
2406643
1209969
1210965
1219155
1168176
1154098
1155175
1142190
1140249
1266238
1240591
1231152
1229402
1205618
1201612
1224685
1204910
1257138
1224039
1215383
1258670
1208811
1233419
1217599
1199229
1216094
1217039
1240427
1204813
1190840
1196631
1285795
1243760
1192283
1216783
1261645
1195495
1211167
1226610
1224284
1213749
1183603
1081599
679175
517886
502670
491397
509883
504875
494238
494308
497452
491651
521284
492660
495171
506765
490572
488259
502883
495737
502028
488827
490641
1016581
499564
555587
745374
708569
718311
687817
692282
665674
685184
681424
665409
614159
700627
1360331
1616082
1501037
1614690
1227189
1122283
1110954
1141999
1084965
1086120
1393638
1191567
1175763
1290547
1310147
1084866
593994
554680
509979
506768
498557
536693
504548
496813
511767
499006
505473
521573
493268
484864
478901
482142
478058
542110
484287
483631
489083
489940
480042
544960
494305
533719
488588
480608
484334
484260
543839
477811
473435
479053
1018473
547680
485112
476292
476485
523070
502638
494620
518701
484454
480334
475824
474883
475020
503478
497099
514418
531002
487962
478222
483917
587149
557483
530010
532690
495549
495680
551825
484132
487152
489249
488877
489914
541776
488990
532295
487695
497295
477590
483155
539618
536856
567268
627214
532424
556602
516744
504836
513272
499232
514850
513618
503620
539630
502500
499594
497762
502020
498870
518954
502550
499092
502636
496012
1030446
499248
495634
501164
495992
525390
738167
729666
742972
766080
743306
825926
737342
736500
646147
798792
739577
778070
766699
742430
637602
742346
734078
783210
516480
512594
504940
537164
512528
506678
512244
503046
507802
498168
496160
535092
509992
499108
540454
716170
729594
722820
731738
752006
756264
729878
846572
831600
788934
758874
808002
791568
776988
903680
850104
804264
768176
791148
606068
606992
590826
583384
625030
719180
3055847
837822
689092
638482
1035838
1084098
1074107
1054671
666482
607522
1012313
1029404
1369114
1304267
1151080
1150065
1103709
1140176
1030283
1064000
1071191
1067562
1054822
1028467
1069110
1049206
1089577
1110550
1078374
1089200
1074193
1117515
1519894
1352944
1315257
1379326
1339574
1297073
1281692
1285787
1268303
1226408
1231879
1304714
1298134
1656367
1338494
1285927
1189798
1288536
1196467
1234932
1194760
1324742
1194375
1272961
1258522
1208749
1195258
1190078
1192474
1181309
1192135
1182195
2330265
1216449
1173367
1278305
1612442
1707354
1723085
1717819
1501823
1464637
1338618
1445543
1459282
1579760
1650355
1374326
1253202
1251199
1206011
1157703
1194776
1147814
1143213
657369
651837
543405
533987
570623
702942
560998
795556
653006
1106221
1220827
1203222
1292725
1243297
1258826
1174121
1198190
1192189
1165893
1197463
1173515
1177540
1193826
1211560
1217596
1190552
1207912
1187033
1202487
1197813
1284139
1186516
1195942
1179457
1173006
1228842
1050121
1227065
1129380
1120778
1179422
2517604
1440961
1191419
1150520
1106350
1100322
1189526
1100174
1139915
1197996
1267727
1135244
1219454
1139896
1137069
1206905
1137667
1298718
1696983
1545215
1213687
1529605
1704298
1511499
1237864
1210001
1187534
1231545
1081298
1061811
1066345
1217249
1558278
1555427
1423555
1634947
1422206
1599037
1520486
1561996
1434868
1424982
1297084
1521520
1208725
1325399
2487388
1583933
1582525
1519385
1511351
1527513
1515271
1576007
1499306
1554864
2452003
1504230
1455257
1487834
1480045
1472081
1452702
1499855
2648870
1485322
1455844
1465916
1462790
1444391
1462171
1458730
1379334
1387785
1413257
1348025
1369289
1405503
1335145
1370589
1366489
1512342
1357125
1363293
1363301
1380890
1352618
1366882
1340772
1337646
1386054
1409676
1351471
1362426
1331486
1333594
1368656
1334822
1347866
1464303
1359979
1417659
1338925
1334857
1343009
1330455
1369224
1336588
1330856
1354710
1319718
1452877
1342075
1339679
1357876
1353213
1348830
1427219
1342503
1344097
1347341
1403578
1344743
1342013
1328697
1331443
1344851
1322249
2547440
1379953
1409248
1370853
1341181
1348025
1338820
1334076
1356382
1366629
1332170
1356697
1404402
1343063
1351218
1376114
1338952
1421291
1349083
1325119
1346100
1328958
1384056
1334068
1352206
1428105
1341655
1378569
1331303
1323315
1353248
1342285
1376846
1324470
1339886
1432270
1327865
1352731
1320523
1330910
1336009
1315335
1359898
1331583
1341531
1321791
1331599
1370487
1324680
1315976
1323027
1348141
1369550
1411943
1321538
1342417
1325108
1357607
1326360
1373039
1354131
1433600
1340632
1315572
2559539
1362254
1411348
1348900
1358700
1361096
1334149
1407299
1340239
1407078
1356732
1332582
1341356
1327208
1321627
1366882
1333193
1417858
1333134
1342767
1347290
1333874
1321503
1337638
1354131
1339711
1368815
1359354
1330054
1350930
1349538
1328619
1351859
1316517
1308674
1407509
1397787
1373715
1355994
1349196
1351778
1323444
1346765
1336168
1320114
1358509
1355262
1327811
1369970
1330113
1335837
1337046
1324470
1429066
1329389
1335261
1341585
1326963
1306246
1344708
1328705
1330264
1306103
1316043
2563136
1359551
1407369
1332824
1355892
1444334
1351856
1327321
1331629
1331936
1346870
1323183
1393490
1442490
1345809
1357650
1329903
1410667
1361764
1334900
1351980
1336580
1332493
1337657
1333465
1350009
1325450
1359497
1320698
1316105
1347371
1328344
1409380
1342557
1318458
1419231
1335242
1327165
1335600
1331583
1350572
1345322
1361282
1327103
1311415
1335312
1318765
1348865
1327418
1334884
1339493
1341025
1356207
1411138
1342600
1334383
1318186
1317489
1324777
1337342
1360765
1307950
1412670
1320846
2476126
1341472
1339267
1348690
1328600
1345863
1322736
1384530
1328110
1315241
1364580
1321530
1345365
1322448
1314336
1465687
1336844
1440355
1337638
1347527
1351471
1320138
1332547
1333912
1323218
1321541
1322556
1463132
1328409
1336817
1325956
1330498
1381159
1316463
1312726
1403683
1319123
1440382
1328452
1351016
1360364
1357219
1368492
1325881
1312193
1322992
1318003
1381197
1341445
1314977
1322658
1347161
1340037
1408128
1352209
1347430
1348881
1412452
1313604
1335075
1317365
1306313
1332784
1313523
2524569
1348383
1378362
1334830
1331707
1340990
1328409
1344926
1326936
1338793
1325894
1351245
1347344
1320612
1317591
1352952
1322693
1407027
1316603
1315362
1366987
1350090
1359863
1337692
1350755
1343895
1325808
1343152
1324416
1312799
1355243
1317306
1403912
1347874
1322666
1422147
1345303
1329685
1315109
1320919
1338505
1336354
1390068
1347885
1321425
1344630
1317225
1323374
1325625
1320776
1358159
1350572
1429225
1421070
1333395
1331766
1323264
1345731
1315254
1340290
1332827
1339668
1359820
1334970
2518242
1379875
1376954
1338556
1334620
1349382
1330054
1330447
1344272
1331419
1351369
1322265
1316094
1333586
1315806
1365490
1321977
1393972
1378354
1318442
1346660
1335075
1312944
1313690
1313526
1373626
1400175
1334647
1356164
1317750
1367757
1316832
1355647
1325143
1313795
1507730
1324734
1330902
1351175
1330805
1337498
1312072
1343203
1360520
1340325
1349180
1309727
1312562
1376270
1318827
1325609
1348262
1315946
1408855
1334052
1335021
1321487
1321040
1412094
1356950
1335511
1310171
1312150
1307522
2544971
1379261
1360197
1403446
1353870
1361142
1339151
1345995
1347142
1334989
1364098
1329195
1343001
1395894
1320052
1350914
1328993
1404760
1315631
1315195
1366295
1321040
1321767
1389438
1375220
1357930
1335856
1373174
1330579
1310104
1333352
1316159
1336405
1363608
1316509
1416073
1331653
1318625
1310201
1346170
1337797
1305524
1322564
1417912
1403597
1367065
1346730
1331120
1335153
1321958
1339496
1344237
1333788
1495044
1329467
1360668
1315257
1312718
1305761
1331863
1358385
1325609
1314059
1354387
2522590
1348259
1374073
1348426
1374073
1368675
1326064
1331225
1415077
1337544
1344759
1326298
1341480
1351692
1327286
1348671
1344404
1396772
1381738
1323778
1336171
1343957
1323479
1328939
1339057
1329580
1326387
1332197
1375026
1326546
1347368
1323374
1344471
1342608
1313647
1431371
1328476
1327200
1411701
1333570
1355596
1304773
1324303
1320924
1304299
1333457
1373548
1349608
1374582
1320017
1328853
1334682
1315981
1399906
1332714
1325730
1328519
1343179
1439095
1343973
1343246
1344910
1351587
1320593
2534183
1377934
1376324
1433888
1368489
1354826
1351509
1330700
1343176
1348461
1351751
1329631
1340379
1396115
1340928
1379000
1348779
1410519
1330673
1342522
1397674
1336117
1352987
1394104
1338564
1351148
1344525
1366190
1320154
1320857
1354772
1321320
1344724
1390149
1328487
1425943
1338260
1329930
1323579
1341838
1336292
1313480
1347675
1376122
1321764
1335942
1314651
1340069
1342662
1314331
1324136
1327243
1320041
1434903
1340325
1342134
1344851
1323428
1325956
1321740
1334305
1321600
1311178
1386665
2504573
1356005
1335923
1353361
1349312
1405608
1328468
1359688
1387225
1330035
1379253
1321180
1331096
1318878
1323323
1389737
1349495
1427125
1353154
1342118
1345583
1350914
1324392
1327394
1338462
1334806
1328048
1368807
1374983
1328834
1333683
1348876
1341286
1318345
1315343
1408847
1347255
1315047
1372770
1339151
1335401
1331042
1325703
1334585
1308483
1318143
1322222
1325380
1363619
1391032
1384996
1377215
1332353
1481830
1332544
1346038
1322004
1356121
1379350
1357693
1357063
1328495
1307417
1304765
2505903
1384239
1343669
1333726
1357696
1336930
1330536
1338093
1333150
1348157
1344517
1315144
1407342
1349966
1351455
1399074
1369779
1411760
1343954
1344008
1370783
1341278
1321032
1337175
1386999
1349958
1367267
1360862
1327184
1343343
1382166
1347228
1356312
1502639
1360835
1465275
1235411
1118312
1080267
1311294
1248423
1108076
1097231
1064269
1037758
1240664
1042833
1048064
1052431
1042887
1055285
1054391
1041934
1122590
1037796
1039780
1035386
1124383
1253490
1216118
1197148
1258199
1076484
1063136
2286235
1074298
1079155
1150555
1350254
1390830
1444434
1345287
1407622
1231397
1163906
1161001
1059003
1048549
1041110
1079093
1063766
1109764
1038294
1083549
1047130
1134910
1431745
1184451
1244554
1179212
1162264
1242543
1207255
1070459
1074037
1093933
1103087
1060807
1078202
1172088
1073722
1122423
1069075
1113735
1114314
1284578
1071175
1124639
1084529
1063066
1064525
1072077
1072594
1069573
1069837
1215499
1143617
1176630
1084564
1120323
1066205
1065303
1070378
1076783
1076600
1072494
1056448
1203133
2321900
1070844
1065061
1085350
1094065
1064937
1065007
1063572
1066991
1072524
1115757
1879788
1090269
1067314
1071735
1071420
1064918
1137387
1063036
1083487
1079069
1077553
1106116
1076091
1063954
1060115
1070895
1078611
1054566
1076250
1065093
1057256
1100427
1081796
1057097
1223996
1083347
1060519
1057759
1071428
1056658
1053158
1078167
1062328
1052711
1067088
1046780
1152367
1211016
1226163
1249734
1224693
1171092
1243550
1133938
1123306
1131087
1117281
1189098
1429077
1193842
1265064
1220948
1563256
2531916
1601775
1222426
1296855
1303007
1298920
1286554
1262108
1261252
1281918
1254917
1185606
1252650
1275042
1352287
1264803
1170217
1344770
1250994
1263971
1164695
1164388
1168456
1165877
1167064
1377129
1183611
1209662
1241030
1213477
1217136
1121925
1110251
1103698
1069075
1162762
1158780
1093575
1083484
1097468
1066539
1066022
1106129
1070028
1080816
1069899
1060570
1086276
1077082
1345540
1108310
1083234
1061908
1164539
1112545
1218490
1125821
1091825
1059921
1093774
1063685
1094232
1054437
1068383
2191035
1057089
1070887
1330649
1449894
1212338
1137185
1174713
1173935
1088974
1077133
1155673
1068558
1081543
1147973
1098424
1071339
1197673
1117219
1141221
1162673
1085183
1091106
1124830
1083040
1074527
1122894
1079198
1065050
1101606
1069339
1071969
1199878
1061838
1059162
1212077
1097845
1063109
1107750
1083336
1067885
1111409
1076592
1069950
1332625
1241714
1264873
1194989
1245658
1236534
1173830
1323980
1199100
1239307
1136730
1172535
1164466
1155105
1119852
1138534
1127121
1124071
1112351
1113611
2289560
1171240
1157127
1151710
1140779
1128400
1123710
1142540
1141778
1121454
1138970
1117313
1131060
1167398
1143003
1146530
1190781
1210626
1108555
1126946
1113980
1108404
1118242
1108703
1110612
1191481
1116729
1367746
1336779
1253167
1165772
1131892
1144621
1124235
1108571
1194884
1132355
1238642
1134533
1138908
1295253
1354791
1529640
1290046
1410535
1295121
1249990
1372304
1269407
1260848
1263395
1290843
1263877
1241205
1157310
1172150
1159803
1216406
1257165
1201157
1178924
1175012
1152049
1148339
2338961
1160651
1179185
1163015
1255703
1179473
1164738
1174016
1249430
1189744
1652156
1259063
1249850
1154798
1159173
1237425
1180609
1259868
1241765
1164146
1186524
1164633
1149190
1173674
1159313
1180534
1601215
1201857
1189596
1307223
1241426
1246323
1277500
1235244
1450734
1267132
1381757
1271593
1265961
1293616
1273677
1248687
1266903
1239234
1349320
1648255
1401564
642361
1271510
1584469
1498245
1745423
1666587
1795290
1350903
1153191
1362690
1103655
1435991
1572033
1289898
1299149
1190606
1197630
2332602
1289400
1174293
1196456
1129477
1072594
1084106
1147459
1078926
1068157
1081869
1084432
1058672
1071560
1180130
1145838
1121941
1152784
1062931
1118091
1097347
1153452
1202336
1246751
1206326
1239148
1313943
1136003
1104659
1066372
1063771
1083880
1084599
1078070
1096569
1141509
1074791
1177341
1161284
1211113
1191995
1068049
1078576
1109554
1060150
1062573
1096935
1172368
1100540
1158080
1177357
1181643
1196055
1398934
1150598
1282567
1160102
1159305
1146802
1169043
1225447
1271593
1162218
1527831
2298458
1126160
1448276
1382815
1392755
1456945
1519210
1414875
1338540
1086769
1208507
1100015
1226128
1153985
1074559
1167029
1235912
1373330
1179414
1183568
1170516
1184540
1161378
1163373
1170898
1173181
1160724
1133868
1187515
1170513
1133133
1080178
1085269
1062589
1059224
1144710
1097344
1065828
1070774
1120280
1101135
1082741
1108870
1075154
1056580
1089216
1138006
1092132
1340096
1076024
1065419
1147171
1130196
1152200
1145884
1071471
1065209
1093163
1058435
1126362
1114672
1068714
1074333
1099490
2320492
1117830
1065104
1059372
1100548
1067002
1059722
1089157
1073703
1083818
1071116
1070359
1183991
1181546
1081589
1070922
1190256
1135357
1071377
1104977
1212952
1423450
1473624
1412344
1241547
1531888
1352696
1313550
1449762
1454522
1405312
1574755
1292184
1359101
1128338
1336448
1169245
1085654
1081158
1143539
1195783
1076479
1160522
1075200
1064237
1149427
1085129
1071455
1083643
1064813
1072855
1151247
1079042
1161440
1108916
1072131
1083487
1474359
1245351
1213240
1091844
1069705
1066232
1079906
2240762
1181716
1080461
1070378
1398888
1432219
1097056
1069791
1122695
1073784
1064961
1107470
1068539
1062460
1103593
1119553
1178100
1145313
1066501
1059259
1081589
1063440
1071148
1074239
1073151
1066450
1068208
1078568
1128556
1105518
1065131
1089776
1089087
1069775
1059582
1304450
1309848
1386918
1381520
1407552
1374326
1254217
1191777
1122921
1269827
1576548
1315448
1319710
1445053
1587129
1426775
1311679
1106159
1339003
1108294
1465291
1216923
1128066
1092358
1560693
1764576
1593192
1275688
1231397
2929371
1615864
1244040
1202328
1263061
1193613
1173095
1155358
1159558
1152294
1170863
1141186
1150399
1172815
1129512
1132180
1218237
1216845
1114346
1135575
1138838
1143041
1136458
1307355
1339956
1310637
1293686
1353170
1266230
1258627
1167476
1167794
1191198
1150528
1178178
1255213
1163354
1180550
1695629
1486310
1264340
1157076
1181436
1169234
1160040
1176116
1304240
1249734
1309875
1267926
1252782
1324944
1246167
1387023
1294728
1255232
1510196
1293433
1694043
1499427
1263115
1459465
1434677
1404157
2652020
1538538
1550675
1402773
1286802
1346660
1291780
1248633
1266545
1269108
1309113
1215445
1220124
1236628
1214080
1204972
1196510
1259187
1209783
1219373
1295899
1191268
1210098
1196860
1535286
1453865
1297714
1311746
1283388
1272024
1282443
1279433
1309350
1206706
1338058
1352742
1323350
1326061
1344078
1297162
1289225
1267019
1282260
1293301
1338311
1197256
1194752
1213496
1228780
1193271
1198373
1320709
1280491
1300250
1195522
1274393
1286468
1300215
1266588
1291632
1301809
1277788
1269345
1294728
3042254
1348830
1324287
1457626
1645886
1494621
1312395
1220049
1568253
1405145
1536072
1514827
1501928
1421455
1208830
1120937
1235745
1156494
1627325
1346302
1299884
1135443
1368247
1449455
1460795
1445411
1356907
1161300
1241084
1131744
1153172
1119249
1250006
1208989
1197700
1198831
1127805
1126685
1109430
1118250
1139826
1143773
1263659
1256737
1241835
1229297
1197304
1202161
1287868
1256675
1224327
1222663
1297030
1333274
1203039
1281813
1272032
1315701
1285079
1342538
1280483
1273284
1336413
1372097
2419690
1200500
1203957
1196141
1194278
1211926
1228449
1209654
1254443
1210677
1277963
1328759
1262975
1246579
1334803
1290248
1325776
1588712
1324085
1459126
1329989
1332092
1597392
1342312
1301728
1478871
1513470
1593814
1530776
1289548
1277403
1645665
1551620
1708428
1767263
1539731
1331217
1371526
1418351
1425806
1305858
1361702
1183619
1168319
1157197
1174414
1126413
1241356
760187
719609
686700
570748
508716
547406
501293
497213
489673
509256
489472
492701
503239
694499
724984
616962
1190096
497274
517615
491986
504986
489688
499622
505228
486923
484887
489396
487054
620675
498963
482557
486923
493494
561027
502784
478867
486777
483712
480760
492403
483577
482746
485135
494725
481180
486780
900789
500065
497968
523463
483175
516559
487328
483645
476257
484866
516860
478794
485065
490971
478587
491841
504683
481014
487789
491315
492541
497636
472354
508156
473667
481399
628556
495212
474294
481381
569240
481597
482055
494518
1021906
483741
472287
472990
518184
466381
458452
459417
467529
470293
468544
523301
455712
458723
457958
479661
462429
495180
520779
461372
468241
598673
477927
528437
512308
473665
541793
698618
728044
676322
611327
591398
492514
488218
479841
518014
481037
476388
474513
476980
487912
472713
559119
484619
655961
486538
478651
481066
501360
497942
533450
650571
641862
708712
728233
679020
602735
510419
493696
500019
519598
491170
484126
490271
1041332
489699
490668
480340
492120
493865
480658
482157
567000
515106
623030
508294
508792
509900
526964
524700
514706
564176
511976
520982
552514
527352
508466
512750
508772
512438
519676
518724
508940
507268
517686
510258
547930
509986
541990
551708
509938
510374
510036
531738
512750
547150
515718
521610
507786
510876
513248
508142
522788
505936
507722
521660
509086
546136
515892
507798
507504
515078
517950
506874
523124
503816
497790
507948
1056180
513700
500954
500744
509482
505170
504852
499330
501942
502276
500306
508756
516666
521698
507542
554886
662822
538184
500864
521932
515274
675307
539362
544207
537783
557317
534788
545460
545296
528181
532206
532700
543449
528671
536628
569889
538887
549601
533035
533179
538188
559864
536247
557301
528916
540427
545153
661850
644346
584248
543608
542955
536417
582182
535741
533750
539708
545518
531222
536278
542449
533501
528873
528920
1092210
531860
563353
531973
529289
560498
533680
529709
545187
532494
533964
530390
530736
544285
528197
537226
570659
565522
590334
537530
542998
529597
542263
534022
540606
532891
546735
556881
553047
886320
1382329
1358436
1307444
1300573
1242966
1329701
1210914
1236787
1209444
1191050
1270675
1377398
1233303
1230950
1202697
1175510
1173025
1184494
1139331
1138566
1109535
1398374
1303252
1272320
1189814
1167899
1155789
1161817
1137834
1151807
1158282
1155727
1132355
1352435
2427215
1187539
1207500
1149034
1150660
1141544
1121739
1160250
1141735
1225665
1146452
1116352
1148848
1113541
1154922
1180628
1162972
1223452
1160888
1118301
1131017
1141689
1123640
1156182
1153573
1144675
1163190
1166709
1161265
1141673
1167829
1158519
1212322
1139188
1122582
1208542
1122291
1143746
1121236
1140930
1124461
1120124
1132705
1135233
1152375
1120081
1129170
1164800
1145289
1110830
1121093
1138480
1734452
1384729
1385588
1498148
1638385
1120121
1027740
1020464
1040212
1164501
1025574
980898
2145279
919244
1180251
1414350
1408917
1403107
1384040
1377791
1407848
1414910
1543947
1413642
1441074
1378378
1353617
1384732
1406502
1443435
1390278
1372237
1368581
1407439
1360695
1371195
1363872
1386708
1373481
1394174
1360956
1346100
1352540
1432760
1394909
1353458
1348507
1433503
1360574
1344743
1398444
1347990
1381520
1404873
1357149
1402975
1355445
1355574
1349495
1369138
1412557
1360854
1357152
1392790
1375982
1454643
1379024
1364370
1385992
1360178
1336922
1345007
1352357
1366163
1462564
1311913
2535793
1228920
1202791
1188802
1158710
1186559
1370891
1442856
1246859
1207438
1421019
1414113
1237716
1252553
1263947
1170486
1159701
1288638
1165010
1264970
1244005
1139530
1208351
1269391
1241905
1218533
1229639
1262318
1348927
1846223
1276757
1264620
1271620
1211019
1195118
1239848
1135279
1153651
1242489
1144185
1162105
1107443
1128618
1123185
1090616
1098459
1090821
1099778
1098774
1123349
1138025
1122205
1147696
1220283
1132495
1152612
1142548
1140903
1140257
1164041
1152122
1157388
1240061
1169471
2337071
1134296
1152515
1142669
1128960
1127630
1137072
1133028
1158963
1197560
1122415
1259634
1323046
1399701
1632451
1450540
1407132
1426643
1383426
1388014
1348464
1330899
1340947
1329300
1548629
1330245
1335425
1642278
1816613
1597696
1743288
1259957
1238545
1249597
1192353
1283913
1191462
1182965
1255668
1115730
1099105
1100906
1086785
1116648
1093637
1099544
1060411
1064070
1074936
1064428
1122065
1099218
1104040
1174686
1083067
1185143
1097783
1187849
1194313
1224195
1178644
1172403
1267019
1197412
2290147
1074290
1163796
1197342
1154378
1173348
1171135
1073267
1103453
1577749
1527968
1288000
1198419
1229211
1205680
1193282
1206846
1200799
1176746
1210494
1239988
1193543
1219311
1211105
1174320
1196801
1178267
1170225
1248353
1210510
1254796
1098709
1136765
1063922
1055495
1087967
1082507
1289392
1345454
1345489
1341784
1390165
1259133
1281902
1062966
1144142
1241127
1467340
1576443
1541365
1100147
1165174
1285251
1216635
1192929
1180997
1171730
1195048
1179161
1225307
1266171
1188751
1181861
1276310
2693678
1316011
1231203
1193123
1181102
1193220
1166916
1168879
1190062
1211471
1177995
1180744
1167732
1187095
1173499
1180927
1169832
1579033
1174083
1172815
1177120
1159814
1179632
1193193
1181740
1166200
1165123
1143781
1134525
1082900
1159682
1109640
1179734
1141770
1069242
1153549
1127692
1067446
1075049
1135777
1219758
1176980
1246832
1171178
1217179
1222383
1093042
1080092
1198400
1145499
1151511
1210685
1367337
1868938
1603431
1202662
1716279
1614033
1655349
1620336
1646287
1609486
1232988
1314643
2935668
1345411
1235912
1108283
1098028
1173254
1103838
1079839
1282699
1479116
1516469
1522815
1488359
1417298
1552724
1653217
1619652
1655699
1628006
1591649
1589716
1582479
1572803
1612940
1600391
1602868
1700502
1605431
1575307
1583707
1571624
1587048
1604260
1576995
1564185
1680401
1536414
1508675
1472706
1491501
1630836
1491334
1590120
1581976
1657934
1581012
1587126
1656916
1606317
1553351
1645611
1574903
1518732
761170
711459
761623
717961
710932
726740
713402
737383
683412
675661
742729
1409204
711522
737933
707452
757858
784563
649525
673439
732343
667488
717935
661345
656495
662016
672321
658840
655737
696792
671475
689349
659754
643232
637742
645787
754584
658515
737519
653496
636866
737433
642472
640920
653672
639270
705628
674711
646937
642421
645630
759848
643547
646127
645978
678469
665891
650133
770359
654458
702794
840921
748999
651051
644375
720952
547379
485497
488230
485284
485937
494474
483116
488008
476875
491006
1015411
497525
485263
480267
479929
508171
485502
480267
483744
487789
481611
479999
480285
500740
642280
471794
475899
495731
469631
476798
528177
468151
466977
470075
470138
468964
474353
534808
490358
465658
462935
459706
468202
474520
518574
502180
458542
461610
466495
461911
463022
551097
469539
501426
489370
459144
456805
488684
1027469
538605
467150
473924
466093
550298
462635
460419
460213
463769
471020
465071
558790
488600
483108
483244
989868
486076
497128
484568
490660
484932
482548
489936
500520
486004
488008
491548
485532
484160
485304
490444
486880
524580
483824
484688
494900
483052
505732
498308
487560
485760
484660
492508
490944
483156
500380
591308
496608
483300
481316
520844
482156
496588
485396
492068
486100
481328
485468
503516
624000
612384
592612
669798
609754
604762
563424
566380
590960
766742
585456
579286
575994
574240
575388
590410
533372
491256
473952
473664
1075632
477456
513124
542212
542544
554784
548768
557160
613438
542536
538620
536636
552024
544688
538376
589924
540332
585480
544832
544664
543068
532776
542468
538476
534188
631746
543832
546008
638922
544196
548512
570932
570420
535280
532808
600604
559800
557980
562192
558204
560876
560432
560524
559288
552828
566192
568864
575748
565676
555096
558788
563948
565808
605152
564636
585352
567132
559060
552952
568412
558148
567496
551284
557324
1138760
553396
552792
557372
632048
656372
568692
562192
554880
550688
558620
561556
549420
544240
628373
599792
588512
636952
589108
698669
685379
665557
753027
675720
609704
597716
610128
604092
588436
592256
592084
599164
597612
584824
583680
628436
746983
592084
584112
598612
777684
601356
607396
599692
584100
585840
582348
595800
588928
581740
586292
603252
618900
639724
584080
598844
591084
584956
610288
593864
586052
583176
578476
580840
1258720
590200
587864
590056
583612
599680
584100
585004
593264
598876
587444
592224
583856
581912
584224
596480
684299
649830
607300
604515
622260
606480
613825
606700
608875
620255
606915
624585
604085
612880
701200
892825
674240
650255
623865
667360
612625
668295
611270
613155
615100
614405
614635
615595
615935
627585
620675
617310
628985
628280
613370
682625
727280
788830
735130
751720
736110
666900
619440
622580
616530
610050
611270
608590
1327140
618285
620340
617035
614425
616545
658485
612815
617885
618670
628535
618110
614735
633275
748205
676830
663900
741975
719575
690295
690290
682875
733490
690000
683715
679195
689525
690540
677880
692420
681355
697330
703045
703430
689555
724580
686990
681310
674270
675755
681060
676065
681475
695365
675025
692345
675865
684965
680370
673690
688490
693090
675795
757215
718495
682115
688795
680750
684680
689185
669655
667845
663245
664355
1370420
725805
668330
677315
665980
676990
676230
666660
735105
884080
880120
884135
872270
884290
889820
885115
885840
953390
865980
882170
891130
875320
871450
1036182
941323
940692
913753
942158
930362
932552
937336
911384
955109
922576
929583
1065411
974555
981838
933758
938104
1149136
1210300
1369348
1079512
1029002
978522
919906
937422
952496
911339
1061677
962915
966181
1111266
976278
1025473
946243
1161183
1268680
1219534
1300583
1013139
817874
835958
1715612
814544
803420
816522
795772
815454
801040
941436
819880
871208
819006
802562
812000
817444
834784
816894
823900
881078
834272
806376
824810
814252
807730
809486
808476
814460
825002
821176
812526
844830
856122
869632
876214
838628
848348
894646
863696
846498
842140
831850
834138
822278
839342
832842
821408
824566
873758
831926
843564
819980
862890
840472
835632
905882
836674
844736
837474
841406
834902
846096
828612
844876
862388
823982
1640408
827534
819180
824682
819764
834080
831822
819204
828024
819474
794068
809976
787664
814280
858182
797790
836332
1222654
1176548
1180298
1166106
1154516
1142558
1121224
1083536
1085594
1049434
1247814
1328005
1308090
1210481
1206269
972219
932914
934214
1036809
909930
937167
933152
1224101
891660
884730
859622
872866
1133918
1262352
1196114
1239000
971356
1150456
1157718
1099800
971549
969132
914684
835956
896304
803232
800228
804708
792050
810286
780540
793164
1669956
779496
785720
825202
787452
786654
802038
786188
798690
793000
787890
783948
784414
783014
787108
788374
793106
838782
784226
792406
857174
791828
780956
802096
785044
784664
786316
794914
782524
790604
786210
782780
805724
778552
778808
854414
786958
835824
781030
786556
800730
779210
788544
790686
783480
784502
849362
788644
788580
798420
783832
807870
787944
837954
817284
839176
792960
797726
766518
781048
783358
773232
991970
1064794
1983304
1162308
1167996
1232396
1169216
932218
824956
870426
936909
942678
1200128
874440
928078
947416
942999
1046441
998994
1223958
1001009
982570
991210
971117
966865
1043307
1034904
987501
961613
1001269
1022673
1043996
1080644
1326562
1037106
1143232
928208
1036784
910645
935718
925166
931251
903157
1190770
1206411
1107217
1289462
1276493
1265137
1140771
1069810
922518
920077
797842
792032
859278
791798
778190
857628
807246
817216
792556
791602
785208
781468
778108
1661606
784840
1065372
1146058
1259762
1216162
1194216
1186652
1088168
917764
826980
1038428
1055262
1066432
1086926
1059888
1050316
920488
814608
879766
834680
795014
797400
811748
791894
789390
802304
800212
778062
786922
790182
784810
812210
781958
782576
860878
844060
782314
799850
784748
787244
780646
783754
786100
797048
773412
768990
781766
777478
766826
886108
804620
975520
949258
834610
825918
813430
779444
769126
792808
777106
778084
764708
778096
1733760
796064
773366
795848
833840
860072
936371
958568
909590
901989
927873
928499
912992
929208
961561
1193414
1289580
1290286
1333260
822780
836448
819380
860142
842904
817606
801564
803296
816480
804282
879702
804188
797994
823784
781446
821276
850774
791794
801032
782552
786596
790884
771798
844580
791672
791058
803162
801686
795958
788724
779374
813890
834616
792236
854174
787406
784128
853154
846182
784378
797702
794710
796566
774170
771990
1612682
793742
786158
843990
775834
856636
851054
787500
819396
789326
783912
785120
798922
784344
792476
791320
783458
836202
782612
860750
944778
912275
916312
908514
895312
923954
934236
914497
912345
919655
910041
908052
1037610
1100240
951458
928019
858918
862708
867026
811096
909135
933922
779332
828614
809604
1044364
870106
786970
781492
805334
810274
788200
783306
842824
774322
796460
772188
957896
834488
806318
789506
814024
999086
1123570
2130024
843564
825674
1486730
823906
808284
807724
836816
821812
798548
792096
895440
802770
789996
817040
831920
826432
993615
926619
963818
1094740
951982
957594
967044
948966
943133
958691
958486
952415
934004
985028
943768
985192
939010
926485
1040971
929921
953626
926573
942823
951772
936582
941732
1257481
1242955
1105117
1174899
986429
957728
1019159
1171781
1066261
822850
1147901
1188975
1126936
1319702
1130379
1070141
1063370
1047609
906466
932849
942228
2098326
903742
916132
928282
1229353
1072459
1088352
1072015
1090856
1075760
1057514
1055374
1056424
1052590
1048670
1097067
1091464
1394758
1161370
1352618
1396543
1243550
1184050
1171501
1181926
1093287
1068946
1153977
1082305
1097094
1214002
1097834
1128839
1374504
1507695
1651475
1606772
1236445
1223363
1129310
1114812
1184901
1091028
1220924
1162129
1114664
1083759
1079346
1187978
1118748
1206547
1101267
1115722
1161063
1078867
1098685
1079198
1074107
1096787
1083759
1086346
1080781
1214018
1167756
2310996
1092856
1072777
1088201
1073606
1093128
1069686
1088255
1090215
1269151
1175020
1163812
1081543
1078331
1075017
1072890
1070101
1131970
1105763
1064611
1086206
1129878
1163112
1194421
1097056
1080151
1092288
1105580
1067080
1088099
1075402
1077249
1207131
1400789
1566958
1664732
1641037
1638428
1679230
1613535
1689862
1694229
927842
813665
716791
658061
662579
1033358
1144010
1109979
1107933
1121066
1105031
1241983
1159243
1135548
1214543
967434
820674
862000
961592
1139215
1124671
1096437
2292161
1099894
1123815
1284368
1125258
1095936
1134544
1086731
1149241
1171170
1094046
1093155
1143054
1079761
1074516
935597
577809
606690
506739
482181
498339
481839
480550
484327
481871
479582
481215
511149
485199
475994
480559
489682
499223
476557
495941
521103
481719
481568
473054
714919
612226
612952
618034
633774
638193
620828
569477
583398
491984
480793
485591
506234
524550
549468
485028
483086
484233
481966
608485
491510
483203
494563
479399
488371
1086318
497855
481573
478660
484898
480087
509181
477471
487602
480000
488210
480525
490226
525923
458866
462101
459453
487781
460689
458575
521887
464612
456876
459384
464070
458170
468011
531567
457627
597192
509490
505618
515962
498536
496848
539338
507622
503280
498518
500544
499462
507264
505034
525464
498486
502444
563887
715585
675065
674186
669429
795196
671723
825448
749444
725892
716214
688992
610020
722078
755448
767670
708636
695422
1111176
531444
518306
512416
506248
517128
516530
506266
506198
507908
524218
504126
508270
640124
512664
516968
508258
541044
510192
508390
603870
690954
691992
686766
700218
681838
612648
539938
511638
543410
513416
519338
530996
512874
646910
610032
513156
536332
513648
507454
509500
526098
503418
565028
512270
504836
505082
543368
511532
505336
520330
514346
508254
550938
510180
523048
502374
501212
504078
519924
638626
787851
740626
752088
1925942
764334
763408
753230
783482
744118
739574
748264
736346
751428
768420
759416
769809
538954
503168
516726
508228
576484
508996
534408
512306
503594
504724
507418
507282
504724
500232
512198
499564
511514
509350
501204
548746
498458
496730
545366
503898
497238
545124
625655
589956
583992
588112
589648
625124
587044
591072
583744
586968
619604
634128
631584
589404
632064
586056
589636
595600
597960
590332
599944
624828
604492
585180
583392
1187508
594480
581036
585516
589816
583972
608808
583844
594116
601616
584660
601996
583064
583804
580888
596604
582428
691380
678496
673180
616396
596668
632620
622376
618132
593124
595320
625596
585912
587248
588032
585040
603824
589504
591968
634000
595280
599460
660712
615580
646752
629475
623775
653525
609850
607190
605075
618690
641300
604790
612485
614220
788855
711275
616230
614745
623160
613580
778820
825860
895190
780535
905100
819485
1361695
697280
642145
646240
628155
635490
644830
623790
623980
620270
628825
625400
709990
626510
627635
627045
650620
668215
631605
626450
620635
615590
621910
623905
614175
619695
619940
637320
607415
617985
623930
619625
643460
613800
610415
668100
617165
707585
671420
660135
662825
653990
683525
671895
661625
664535
658515
681985
666915
669720
664235
673095
680675
716370
663320
663710
666040
926995
692635
689295
688000
689580
672365
662880
1338610
656040
650740
674195
661450
656205
649300
659460
655890
660140
656730
660820
695205
653990
652295
657305
653620
697440
661175
651080
661205
659190
648020
655590
653045
652110
670010
674990
650390
694480
655580
661805
691375
727435
680385
727100
694915
688765
677225
679695
695045
699820
683815
683090
683910
677695
684085
681800
683085
673195
688650
695225
705700
739850
679685
679465
699185
680045
675045
684330
680255
697925
675070
676060
1745260
856560
742250
698035
695100
715240
729095
689555
703760
702205
689425
680255
681295
905055
701085
698420
701545
745585
778025
922520
992930
901975
1015335
957885
759730
769205
750285
736450
722455
721780
743740
724615
736330
730465
715845
944010
730215
722590
726485
728215
727965
767295
728220
735895
719815
730425
713890
752335
727120
720545
737120
727725
739695
779285
731185
733120
719415
749660
718920
749760
721550
726120
730075
728390
1497820
776260
719315
717570
716575
722795
722920
724765
720380
723700
750445
721925
719700
855181
803472
812058
783842
826158
779648
774656
781316
792266
783176
798268
782022
786118
791478
792260
781170
773384
820442
780704
797504
770070
806110
834714
775460
770986
784070
800158
788252
765608
775758
796502
789834
772292
880174
1128050
1072749
904190
921253
929723
919288
999121
893497
914602
936698
914508
922728
907568
914924
984964
778942
766494
1583808
772806
770064
933322
1041786
904814
1019504
810298
801220
810850
787698
802608
815990
781370
776604
814906
981172
841068
785884
835402
822314
980280
1113174
1094852
1163278
851650
817558
851572
798682
793688
802358
796162
809276
801372
793688
853440
889374
792166
807072
790358
788072
790458
794250
792680
846848
791414
786848
791040
787446
781958
790586
800636
784460
869482
790940
803530
784980
787022
800018
794156
929740
965785
971302
960336
2068087
976966
967418
976233
1014953
966676
949124
948214
956306
975158
825574
819436
808890
821550
807690
833962
811336
